{"/Users/lucas/Documents/GitHub/PhotoRecycleAPI/index.js": {"path":"/Users/lucas/Documents/GitHub/PhotoRecycleAPI/index.js","statementMap":{"0":{"start":{"line":1,"column":0},"end":{"line":1,"column":27}},"1":{"start":{"line":2,"column":16},"end":{"line":2,"column":34}},"2":{"start":{"line":3,"column":13},"end":{"line":3,"column":28}},"3":{"start":{"line":4,"column":12},"end":{"line":4,"column":21}},"4":{"start":{"line":5,"column":13},"end":{"line":5,"column":29}},"5":{"start":{"line":6,"column":13},"end":{"line":6,"column":29}},"6":{"start":{"line":7,"column":0},"end":{"line":7,"column":16}},"7":{"start":{"line":8,"column":0},"end":{"line":8,"column":24}},"8":{"start":{"line":10,"column":0},"end":{"line":14,"column":3}},"9":{"start":{"line":11,"column":2},"end":{"line":13,"column":5}},"10":{"start":{"line":17,"column":0},"end":{"line":17,"column":61}},"11":{"start":{"line":18,"column":0},"end":{"line":18,"column":67}},"12":{"start":{"line":19,"column":0},"end":{"line":19,"column":61}},"13":{"start":{"line":20,"column":0},"end":{"line":20,"column":62}},"14":{"start":{"line":21,"column":0},"end":{"line":21,"column":63}},"15":{"start":{"line":24,"column":0},"end":{"line":28,"column":3}},"16":{"start":{"line":25,"column":2},"end":{"line":27,"column":5}},"17":{"start":{"line":30,"column":15},"end":{"line":32,"column":1}},"18":{"start":{"line":31,"column":2},"end":{"line":31,"column":57}},"19":{"start":{"line":34,"column":0},"end":{"line":34,"column":33}}},"fnMap":{"0":{"name":"(anonymous_0)","decl":{"start":{"line":10,"column":13},"end":{"line":10,"column":14}},"loc":{"start":{"line":10,"column":33},"end":{"line":14,"column":1}},"line":10},"1":{"name":"(anonymous_1)","decl":{"start":{"line":24,"column":13},"end":{"line":24,"column":14}},"loc":{"start":{"line":24,"column":33},"end":{"line":28,"column":1}},"line":24},"2":{"name":"(anonymous_2)","decl":{"start":{"line":30,"column":38},"end":{"line":30,"column":39}},"loc":{"start":{"line":31,"column":2},"end":{"line":31,"column":57}},"line":31}},"branchMap":{},"s":{"0":1,"1":1,"2":1,"3":1,"4":1,"5":1,"6":1,"7":1,"8":1,"9":0,"10":1,"11":1,"12":1,"13":1,"14":1,"15":1,"16":0,"17":1,"18":1,"19":1},"f":{"0":0,"1":0,"2":1},"b":{},"_coverageSchema":"1a1c01bbd47fc00a2c39e90264f33305004495a9","hash":"6443558e7aedb0aaa9401956128e54e704ac792c"}
,"/Users/lucas/Documents/GitHub/PhotoRecycleAPI/config/db.config.js": {"path":"/Users/lucas/Documents/GitHub/PhotoRecycleAPI/config/db.config.js","statementMap":{"0":{"start":{"line":1,"column":15},"end":{"line":12,"column":1}},"1":{"start":{"line":13,"column":0},"end":{"line":14,"column":2}},"2":{"start":{"line":15,"column":0},"end":{"line":15,"column":24}}},"fnMap":{},"branchMap":{"0":{"loc":{"start":{"line":4,"column":8},"end":{"line":4,"column":45}},"type":"binary-expr","locations":[{"start":{"line":4,"column":8},"end":{"line":4,"column":27}},{"start":{"line":4,"column":31},"end":{"line":4,"column":45}}],"line":4},"1":{"loc":{"start":{"line":5,"column":12},"end":{"line":5,"column":50}},"type":"binary-expr","locations":[{"start":{"line":5,"column":12},"end":{"line":5,"column":35}},{"start":{"line":5,"column":39},"end":{"line":5,"column":50}}],"line":5},"2":{"loc":{"start":{"line":6,"column":6},"end":{"line":6,"column":45}},"type":"binary-expr","locations":[{"start":{"line":6,"column":6},"end":{"line":6,"column":25}},{"start":{"line":6,"column":29},"end":{"line":6,"column":45}}],"line":6}},"s":{"0":1,"1":1,"2":1},"f":{},"b":{"0":[1,0],"1":[1,0],"2":[1,0]},"_coverageSchema":"1a1c01bbd47fc00a2c39e90264f33305004495a9","hash":"9223b6b26398989e102f2b1a0414019c52295492"}
,"/Users/lucas/Documents/GitHub/PhotoRecycleAPI/controllers/auth.controller.js": {"path":"/Users/lucas/Documents/GitHub/PhotoRecycleAPI/controllers/auth.controller.js","statementMap":{"0":{"start":{"line":1,"column":12},"end":{"line":1,"column":35}},"1":{"start":{"line":2,"column":15},"end":{"line":2,"column":48}},"2":{"start":{"line":4,"column":0},"end":{"line":29,"column":2}},"3":{"start":{"line":5,"column":19},"end":{"line":5,"column":77}},"4":{"start":{"line":6,"column":4},"end":{"line":11,"column":5}},"5":{"start":{"line":7,"column":8},"end":{"line":10,"column":11}},"6":{"start":{"line":13,"column":19},"end":{"line":13,"column":36}},"7":{"start":{"line":14,"column":18},"end":{"line":14,"column":27}},"8":{"start":{"line":16,"column":4},"end":{"line":28,"column":5}},"9":{"start":{"line":17,"column":22},"end":{"line":17,"column":54}},"10":{"start":{"line":18,"column":8},"end":{"line":18,"column":38}},"11":{"start":{"line":19,"column":8},"end":{"line":19,"column":42}},"12":{"start":{"line":20,"column":8},"end":{"line":20,"column":50}},"13":{"start":{"line":21,"column":8},"end":{"line":21,"column":15}},"14":{"start":{"line":24,"column":8},"end":{"line":27,"column":11}}},"fnMap":{"0":{"name":"(anonymous_0)","decl":{"start":{"line":4,"column":22},"end":{"line":4,"column":23}},"loc":{"start":{"line":4,"column":48},"end":{"line":29,"column":1}},"line":4}},"branchMap":{"0":{"loc":{"start":{"line":5,"column":19},"end":{"line":5,"column":77}},"type":"binary-expr","locations":[{"start":{"line":5,"column":19},"end":{"line":5,"column":48}},{"start":{"line":5,"column":52},"end":{"line":5,"column":77}}],"line":5},"1":{"loc":{"start":{"line":6,"column":4},"end":{"line":11,"column":5}},"type":"if","locations":[{"start":{"line":6,"column":4},"end":{"line":11,"column":5}},{"start":{},"end":{}}],"line":6}},"s":{"0":1,"1":1,"2":1,"3":8,"4":8,"5":0,"6":8,"7":8,"8":8,"9":8,"10":8,"11":8,"12":8,"13":8,"14":0},"f":{"0":8},"b":{"0":[8,8],"1":[0,8]},"_coverageSchema":"1a1c01bbd47fc00a2c39e90264f33305004495a9","hash":"e96f7d2e5d696f1483366c971a0a3652f943c561"}
,"/Users/lucas/Documents/GitHub/PhotoRecycleAPI/controllers/desafios.controller.js": {"path":"/Users/lucas/Documents/GitHub/PhotoRecycleAPI/controllers/desafios.controller.js","statementMap":{"0":{"start":{"line":1,"column":11},"end":{"line":1,"column":31}},"1":{"start":{"line":2,"column":16},"end":{"line":2,"column":27}},"2":{"start":{"line":5,"column":0},"end":{"line":26,"column":1}},"3":{"start":{"line":7,"column":17},"end":{"line":7,"column":31}},"4":{"start":{"line":8,"column":22},"end":{"line":10,"column":10}},"5":{"start":{"line":12,"column":4},"end":{"line":25,"column":5}},"6":{"start":{"line":13,"column":19},"end":{"line":15,"column":19}},"7":{"start":{"line":16,"column":8},"end":{"line":19,"column":11}},"8":{"start":{"line":21,"column":8},"end":{"line":24,"column":11}},"9":{"start":{"line":29,"column":0},"end":{"line":77,"column":2}},"10":{"start":{"line":30,"column":20},"end":{"line":34,"column":6}},"11":{"start":{"line":37,"column":26},"end":{"line":39,"column":6}},"12":{"start":{"line":40,"column":4},"end":{"line":45,"column":5}},"13":{"start":{"line":41,"column":8},"end":{"line":44,"column":11}},"14":{"start":{"line":47,"column":4},"end":{"line":76,"column":5}},"15":{"start":{"line":48,"column":8},"end":{"line":53,"column":9}},"16":{"start":{"line":49,"column":12},"end":{"line":52,"column":15}},"17":{"start":{"line":55,"column":8},"end":{"line":55,"column":29}},"18":{"start":{"line":56,"column":8},"end":{"line":60,"column":11}},"19":{"start":{"line":62,"column":8},"end":{"line":71,"column":9}},"20":{"start":{"line":63,"column":25},"end":{"line":63,"column":27}},"21":{"start":{"line":64,"column":12},"end":{"line":66,"column":15}},"22":{"start":{"line":65,"column":16},"end":{"line":65,"column":53}},"23":{"start":{"line":67,"column":12},"end":{"line":70,"column":15}},"24":{"start":{"line":72,"column":8},"end":{"line":75,"column":11}},"25":{"start":{"line":80,"column":0},"end":{"line":103,"column":1}},"26":{"start":{"line":81,"column":22},"end":{"line":81,"column":42}},"27":{"start":{"line":83,"column":4},"end":{"line":102,"column":5}},"28":{"start":{"line":84,"column":24},"end":{"line":86,"column":14}},"29":{"start":{"line":87,"column":8},"end":{"line":92,"column":9}},"30":{"start":{"line":88,"column":12},"end":{"line":91,"column":15}},"31":{"start":{"line":93,"column":8},"end":{"line":96,"column":11}},"32":{"start":{"line":98,"column":8},"end":{"line":101,"column":11}},"33":{"start":{"line":106,"column":0},"end":{"line":144,"column":2}},"34":{"start":{"line":107,"column":4},"end":{"line":113,"column":5}},"35":{"start":{"line":108,"column":8},"end":{"line":111,"column":11}},"36":{"start":{"line":112,"column":8},"end":{"line":112,"column":15}},"37":{"start":{"line":115,"column":4},"end":{"line":143,"column":5}},"38":{"start":{"line":117,"column":8},"end":{"line":122,"column":9}},"39":{"start":{"line":118,"column":12},"end":{"line":121,"column":15}},"40":{"start":{"line":124,"column":24},"end":{"line":126,"column":17}},"41":{"start":{"line":127,"column":8},"end":{"line":137,"column":9}},"42":{"start":{"line":128,"column":12},"end":{"line":131,"column":15}},"43":{"start":{"line":133,"column":12},"end":{"line":136,"column":15}},"44":{"start":{"line":139,"column":8},"end":{"line":142,"column":11}},"45":{"start":{"line":147,"column":0},"end":{"line":174,"column":2}},"46":{"start":{"line":148,"column":4},"end":{"line":173,"column":5}},"47":{"start":{"line":149,"column":8},"end":{"line":154,"column":9}},"48":{"start":{"line":150,"column":12},"end":{"line":153,"column":15}},"49":{"start":{"line":156,"column":24},"end":{"line":156,"column":84}},"50":{"start":{"line":157,"column":8},"end":{"line":167,"column":9}},"51":{"start":{"line":158,"column":12},"end":{"line":161,"column":15}},"52":{"start":{"line":163,"column":12},"end":{"line":166,"column":15}},"53":{"start":{"line":169,"column":8},"end":{"line":172,"column":11}}},"fnMap":{"0":{"name":"(anonymous_0)","decl":{"start":{"line":5,"column":26},"end":{"line":5,"column":27}},"loc":{"start":{"line":5,"column":46},"end":{"line":26,"column":1}},"line":5},"1":{"name":"(anonymous_1)","decl":{"start":{"line":29,"column":24},"end":{"line":29,"column":25}},"loc":{"start":{"line":29,"column":44},"end":{"line":77,"column":1}},"line":29},"2":{"name":"(anonymous_2)","decl":{"start":{"line":64,"column":44},"end":{"line":64,"column":45}},"loc":{"start":{"line":64,"column":53},"end":{"line":66,"column":13}},"line":64},"3":{"name":"(anonymous_3)","decl":{"start":{"line":80,"column":25},"end":{"line":80,"column":26}},"loc":{"start":{"line":80,"column":45},"end":{"line":103,"column":1}},"line":80},"4":{"name":"(anonymous_4)","decl":{"start":{"line":106,"column":24},"end":{"line":106,"column":25}},"loc":{"start":{"line":106,"column":44},"end":{"line":144,"column":1}},"line":106},"5":{"name":"(anonymous_5)","decl":{"start":{"line":147,"column":24},"end":{"line":147,"column":25}},"loc":{"start":{"line":147,"column":44},"end":{"line":174,"column":1}},"line":147}},"branchMap":{"0":{"loc":{"start":{"line":8,"column":22},"end":{"line":10,"column":10}},"type":"cond-expr","locations":[{"start":{"line":8,"column":29},"end":{"line":10,"column":5}},{"start":{"line":10,"column":8},"end":{"line":10,"column":10}}],"line":8},"1":{"loc":{"start":{"line":23,"column":17},"end":{"line":23,"column":89}},"type":"binary-expr","locations":[{"start":{"line":23,"column":17},"end":{"line":23,"column":28}},{"start":{"line":23,"column":32},"end":{"line":23,"column":89}}],"line":23},"2":{"loc":{"start":{"line":40,"column":4},"end":{"line":45,"column":5}},"type":"if","locations":[{"start":{"line":40,"column":4},"end":{"line":45,"column":5}},{"start":{},"end":{}}],"line":40},"3":{"loc":{"start":{"line":48,"column":8},"end":{"line":53,"column":9}},"type":"if","locations":[{"start":{"line":48,"column":8},"end":{"line":53,"column":9}},{"start":{},"end":{}}],"line":48},"4":{"loc":{"start":{"line":62,"column":8},"end":{"line":71,"column":9}},"type":"if","locations":[{"start":{"line":62,"column":8},"end":{"line":71,"column":9}},{"start":{},"end":{}}],"line":62},"5":{"loc":{"start":{"line":74,"column":17},"end":{"line":74,"column":90}},"type":"binary-expr","locations":[{"start":{"line":74,"column":17},"end":{"line":74,"column":28}},{"start":{"line":74,"column":32},"end":{"line":74,"column":90}}],"line":74},"6":{"loc":{"start":{"line":87,"column":8},"end":{"line":92,"column":9}},"type":"if","locations":[{"start":{"line":87,"column":8},"end":{"line":92,"column":9}},{"start":{},"end":{}}],"line":87},"7":{"loc":{"start":{"line":107,"column":4},"end":{"line":113,"column":5}},"type":"if","locations":[{"start":{"line":107,"column":4},"end":{"line":113,"column":5}},{"start":{},"end":{}}],"line":107},"8":{"loc":{"start":{"line":107,"column":8},"end":{"line":107,"column":35}},"type":"binary-expr","locations":[{"start":{"line":107,"column":8},"end":{"line":107,"column":17}},{"start":{"line":107,"column":21},"end":{"line":107,"column":35}}],"line":107},"9":{"loc":{"start":{"line":117,"column":8},"end":{"line":122,"column":9}},"type":"if","locations":[{"start":{"line":117,"column":8},"end":{"line":122,"column":9}},{"start":{},"end":{}}],"line":117},"10":{"loc":{"start":{"line":127,"column":8},"end":{"line":137,"column":9}},"type":"if","locations":[{"start":{"line":127,"column":8},"end":{"line":137,"column":9}},{"start":{"line":132,"column":15},"end":{"line":137,"column":9}}],"line":127},"11":{"loc":{"start":{"line":149,"column":8},"end":{"line":154,"column":9}},"type":"if","locations":[{"start":{"line":149,"column":8},"end":{"line":154,"column":9}},{"start":{},"end":{}}],"line":149},"12":{"loc":{"start":{"line":157,"column":8},"end":{"line":167,"column":9}},"type":"if","locations":[{"start":{"line":157,"column":8},"end":{"line":167,"column":9}},{"start":{"line":162,"column":15},"end":{"line":167,"column":9}}],"line":157}},"s":{"0":1,"1":1,"2":1,"3":0,"4":0,"5":0,"6":0,"7":0,"8":0,"9":1,"10":0,"11":0,"12":0,"13":0,"14":0,"15":0,"16":0,"17":0,"18":0,"19":0,"20":0,"21":0,"22":0,"23":0,"24":0,"25":1,"26":0,"27":0,"28":0,"29":0,"30":0,"31":0,"32":0,"33":1,"34":0,"35":0,"36":0,"37":0,"38":0,"39":0,"40":0,"41":0,"42":0,"43":0,"44":0,"45":1,"46":0,"47":0,"48":0,"49":0,"50":0,"51":0,"52":0,"53":0},"f":{"0":0,"1":0,"2":0,"3":0,"4":0,"5":0},"b":{"0":[0,0],"1":[0,0],"2":[0,0],"3":[0,0],"4":[0,0],"5":[0,0],"6":[0,0],"7":[0,0],"8":[0,0],"9":[0,0],"10":[0,0],"11":[0,0],"12":[0,0]},"_coverageSchema":"1a1c01bbd47fc00a2c39e90264f33305004495a9","hash":"9612d1cee8cdc34887fce967de634bc13740fde7"}
,"/Users/lucas/Documents/GitHub/PhotoRecycleAPI/controllers/ecopontos.controller.js": {"path":"/Users/lucas/Documents/GitHub/PhotoRecycleAPI/controllers/ecopontos.controller.js","statementMap":{"0":{"start":{"line":1,"column":11},"end":{"line":1,"column":31}},"1":{"start":{"line":2,"column":17},"end":{"line":2,"column":29}},"2":{"start":{"line":3,"column":26},"end":{"line":3,"column":40}},"3":{"start":{"line":4,"column":13},"end":{"line":4,"column":28}},"4":{"start":{"line":6,"column":15},"end":{"line":6,"column":48}},"5":{"start":{"line":7,"column":19},"end":{"line":7,"column":43}},"6":{"start":{"line":9,"column":0},"end":{"line":13,"column":3}},"7":{"start":{"line":15,"column":0},"end":{"line":33,"column":2}},"8":{"start":{"line":16,"column":15},"end":{"line":16,"column":29}},"9":{"start":{"line":18,"column":20},"end":{"line":18,"column":63}},"10":{"start":{"line":19,"column":2},"end":{"line":32,"column":3}},"11":{"start":{"line":21,"column":20},"end":{"line":25,"column":13}},"12":{"start":{"line":26,"column":4},"end":{"line":26,"column":66}},"13":{"start":{"line":28,"column":4},"end":{"line":31,"column":7}},"14":{"start":{"line":35,"column":0},"end":{"line":55,"column":2}},"15":{"start":{"line":36,"column":2},"end":{"line":54,"column":3}},"16":{"start":{"line":38,"column":21},"end":{"line":38,"column":74}},"17":{"start":{"line":40,"column":4},"end":{"line":44,"column":9}},"18":{"start":{"line":41,"column":6},"end":{"line":44,"column":9}},"19":{"start":{"line":45,"column":4},"end":{"line":48,"column":7}},"20":{"start":{"line":50,"column":4},"end":{"line":53,"column":7}},"21":{"start":{"line":58,"column":0},"end":{"line":95,"column":2}},"22":{"start":{"line":59,"column":2},"end":{"line":64,"column":3}},"23":{"start":{"line":60,"column":4},"end":{"line":63,"column":7}},"24":{"start":{"line":66,"column":2},"end":{"line":94,"column":3}},"25":{"start":{"line":67,"column":21},"end":{"line":67,"column":137}},"26":{"start":{"line":68,"column":4},"end":{"line":73,"column":5}},"27":{"start":{"line":69,"column":8},"end":{"line":72,"column":11}},"28":{"start":{"line":74,"column":4},"end":{"line":77,"column":7}},"29":{"start":{"line":80,"column":23},"end":{"line":80,"column":67}},"30":{"start":{"line":81,"column":4},"end":{"line":81,"column":28}},"31":{"start":{"line":83,"column":4},"end":{"line":83,"column":28}},"32":{"start":{"line":84,"column":4},"end":{"line":87,"column":7}},"33":{"start":{"line":90,"column":4},"end":{"line":93,"column":7}},"34":{"start":{"line":98,"column":0},"end":{"line":148,"column":2}},"35":{"start":{"line":99,"column":2},"end":{"line":147,"column":3}},"36":{"start":{"line":100,"column":23},"end":{"line":100,"column":36}},"37":{"start":{"line":102,"column":21},"end":{"line":102,"column":63}},"38":{"start":{"line":104,"column":27},"end":{"line":104,"column":31}},"39":{"start":{"line":105,"column":4},"end":{"line":115,"column":5}},"40":{"start":{"line":106,"column":6},"end":{"line":109,"column":8}},"41":{"start":{"line":111,"column":6},"end":{"line":114,"column":9}},"42":{"start":{"line":118,"column":30},"end":{"line":124,"column":6}},"43":{"start":{"line":127,"column":4},"end":{"line":127,"column":35}},"44":{"start":{"line":129,"column":4},"end":{"line":134,"column":5}},"45":{"start":{"line":130,"column":6},"end":{"line":133,"column":9}},"46":{"start":{"line":135,"column":4},"end":{"line":140,"column":7}},"47":{"start":{"line":143,"column":4},"end":{"line":146,"column":7}},"48":{"start":{"line":151,"column":0},"end":{"line":216,"column":1}},"49":{"start":{"line":152,"column":20},"end":{"line":152,"column":56}},"50":{"start":{"line":154,"column":23},"end":{"line":154,"column":27}},"51":{"start":{"line":155,"column":2},"end":{"line":165,"column":3}},"52":{"start":{"line":156,"column":4},"end":{"line":159,"column":7}},"53":{"start":{"line":161,"column":4},"end":{"line":164,"column":7}},"54":{"start":{"line":168,"column":25},"end":{"line":180,"column":4}},"55":{"start":{"line":183,"column":2},"end":{"line":191,"column":3}},"56":{"start":{"line":185,"column":6},"end":{"line":185,"column":48}},"57":{"start":{"line":187,"column":6},"end":{"line":190,"column":9}},"58":{"start":{"line":193,"column":2},"end":{"line":215,"column":3}},"59":{"start":{"line":194,"column":6},"end":{"line":194,"column":34}},"60":{"start":{"line":195,"column":6},"end":{"line":199,"column":9}},"61":{"start":{"line":201,"column":6},"end":{"line":210,"column":7}},"62":{"start":{"line":202,"column":23},"end":{"line":202,"column":25}},"63":{"start":{"line":203,"column":10},"end":{"line":205,"column":13}},"64":{"start":{"line":204,"column":14},"end":{"line":204,"column":51}},"65":{"start":{"line":206,"column":10},"end":{"line":209,"column":13}},"66":{"start":{"line":211,"column":6},"end":{"line":214,"column":9}},"67":{"start":{"line":218,"column":0},"end":{"line":244,"column":2}},"68":{"start":{"line":219,"column":2},"end":{"line":243,"column":3}},"69":{"start":{"line":220,"column":4},"end":{"line":225,"column":5}},"70":{"start":{"line":221,"column":6},"end":{"line":224,"column":9}},"71":{"start":{"line":227,"column":21},"end":{"line":227,"column":75}},"72":{"start":{"line":229,"column":4},"end":{"line":233,"column":9}},"73":{"start":{"line":230,"column":6},"end":{"line":233,"column":9}},"74":{"start":{"line":234,"column":4},"end":{"line":237,"column":7}},"75":{"start":{"line":239,"column":4},"end":{"line":242,"column":7}}},"fnMap":{"0":{"name":"(anonymous_0)","decl":{"start":{"line":15,"column":18},"end":{"line":15,"column":19}},"loc":{"start":{"line":15,"column":38},"end":{"line":33,"column":1}},"line":15},"1":{"name":"(anonymous_1)","decl":{"start":{"line":35,"column":18},"end":{"line":35,"column":19}},"loc":{"start":{"line":35,"column":38},"end":{"line":55,"column":1}},"line":35},"2":{"name":"(anonymous_2)","decl":{"start":{"line":58,"column":27},"end":{"line":58,"column":28}},"loc":{"start":{"line":58,"column":47},"end":{"line":95,"column":1}},"line":58},"3":{"name":"(anonymous_3)","decl":{"start":{"line":98,"column":22},"end":{"line":98,"column":23}},"loc":{"start":{"line":98,"column":42},"end":{"line":148,"column":1}},"line":98},"4":{"name":"(anonymous_4)","decl":{"start":{"line":151,"column":31},"end":{"line":151,"column":32}},"loc":{"start":{"line":151,"column":51},"end":{"line":216,"column":1}},"line":151},"5":{"name":"(anonymous_5)","decl":{"start":{"line":203,"column":42},"end":{"line":203,"column":43}},"loc":{"start":{"line":203,"column":51},"end":{"line":205,"column":11}},"line":203},"6":{"name":"(anonymous_6)","decl":{"start":{"line":218,"column":29},"end":{"line":218,"column":30}},"loc":{"start":{"line":218,"column":49},"end":{"line":244,"column":1}},"line":218}},"branchMap":{"0":{"loc":{"start":{"line":18,"column":20},"end":{"line":18,"column":63}},"type":"cond-expr","locations":[{"start":{"line":18,"column":27},"end":{"line":18,"column":58}},{"start":{"line":18,"column":61},"end":{"line":18,"column":63}}],"line":18},"1":{"loc":{"start":{"line":30,"column":11},"end":{"line":30,"column":83}},"type":"binary-expr","locations":[{"start":{"line":30,"column":11},"end":{"line":30,"column":22}},{"start":{"line":30,"column":26},"end":{"line":30,"column":83}}],"line":30},"2":{"loc":{"start":{"line":40,"column":4},"end":{"line":44,"column":9}},"type":"if","locations":[{"start":{"line":40,"column":4},"end":{"line":44,"column":9}},{"start":{},"end":{}}],"line":40},"3":{"loc":{"start":{"line":59,"column":2},"end":{"line":64,"column":3}},"type":"if","locations":[{"start":{"line":59,"column":2},"end":{"line":64,"column":3}},{"start":{},"end":{}}],"line":59},"4":{"loc":{"start":{"line":68,"column":4},"end":{"line":73,"column":5}},"type":"if","locations":[{"start":{"line":68,"column":4},"end":{"line":73,"column":5}},{"start":{},"end":{}}],"line":68},"5":{"loc":{"start":{"line":92,"column":13},"end":{"line":92,"column":85}},"type":"binary-expr","locations":[{"start":{"line":92,"column":13},"end":{"line":92,"column":24}},{"start":{"line":92,"column":28},"end":{"line":92,"column":85}}],"line":92},"6":{"loc":{"start":{"line":105,"column":4},"end":{"line":115,"column":5}},"type":"if","locations":[{"start":{"line":105,"column":4},"end":{"line":115,"column":5}},{"start":{"line":110,"column":9},"end":{"line":115,"column":5}}],"line":105},"7":{"loc":{"start":{"line":129,"column":4},"end":{"line":134,"column":5}},"type":"if","locations":[{"start":{"line":129,"column":4},"end":{"line":134,"column":5}},{"start":{},"end":{}}],"line":129},"8":{"loc":{"start":{"line":152,"column":20},"end":{"line":152,"column":56}},"type":"cond-expr","locations":[{"start":{"line":152,"column":44},"end":{"line":152,"column":48}},{"start":{"line":152,"column":51},"end":{"line":152,"column":56}}],"line":152},"9":{"loc":{"start":{"line":155,"column":2},"end":{"line":165,"column":3}},"type":"if","locations":[{"start":{"line":155,"column":2},"end":{"line":165,"column":3}},{"start":{"line":160,"column":8},"end":{"line":165,"column":3}}],"line":155},"10":{"loc":{"start":{"line":183,"column":2},"end":{"line":191,"column":3}},"type":"if","locations":[{"start":{"line":183,"column":2},"end":{"line":191,"column":3}},{"start":{"line":186,"column":9},"end":{"line":191,"column":3}}],"line":183},"11":{"loc":{"start":{"line":201,"column":6},"end":{"line":210,"column":7}},"type":"if","locations":[{"start":{"line":201,"column":6},"end":{"line":210,"column":7}},{"start":{},"end":{}}],"line":201},"12":{"loc":{"start":{"line":213,"column":15},"end":{"line":213,"column":88}},"type":"binary-expr","locations":[{"start":{"line":213,"column":15},"end":{"line":213,"column":26}},{"start":{"line":213,"column":30},"end":{"line":213,"column":88}}],"line":213},"13":{"loc":{"start":{"line":220,"column":4},"end":{"line":225,"column":5}},"type":"if","locations":[{"start":{"line":220,"column":4},"end":{"line":225,"column":5}},{"start":{},"end":{}}],"line":220},"14":{"loc":{"start":{"line":229,"column":4},"end":{"line":233,"column":9}},"type":"if","locations":[{"start":{"line":229,"column":4},"end":{"line":233,"column":9}},{"start":{},"end":{}}],"line":229}},"s":{"0":1,"1":1,"2":1,"3":1,"4":1,"5":1,"6":1,"7":1,"8":0,"9":0,"10":0,"11":0,"12":0,"13":0,"14":1,"15":0,"16":0,"17":0,"18":0,"19":0,"20":0,"21":1,"22":0,"23":0,"24":0,"25":0,"26":0,"27":0,"28":0,"29":0,"30":0,"31":0,"32":0,"33":0,"34":1,"35":0,"36":0,"37":0,"38":0,"39":0,"40":0,"41":0,"42":0,"43":0,"44":0,"45":0,"46":0,"47":0,"48":1,"49":0,"50":0,"51":0,"52":0,"53":0,"54":0,"55":0,"56":0,"57":0,"58":0,"59":0,"60":0,"61":0,"62":0,"63":0,"64":0,"65":0,"66":0,"67":1,"68":0,"69":0,"70":0,"71":0,"72":0,"73":0,"74":0,"75":0},"f":{"0":0,"1":0,"2":0,"3":0,"4":0,"5":0,"6":0},"b":{"0":[0,0],"1":[0,0],"2":[0,0],"3":[0,0],"4":[0,0],"5":[0,0],"6":[0,0],"7":[0,0],"8":[0,0],"9":[0,0],"10":[0,0],"11":[0,0],"12":[0,0],"13":[0,0],"14":[0,0]},"_coverageSchema":"1a1c01bbd47fc00a2c39e90264f33305004495a9","hash":"2ae0e168dc3589f4b95ba4539a8fcac5dfe68d13"}
,"/Users/lucas/Documents/GitHub/PhotoRecycleAPI/controllers/medalhas.controller.js": {"path":"/Users/lucas/Documents/GitHub/PhotoRecycleAPI/controllers/medalhas.controller.js","statementMap":{"0":{"start":{"line":1,"column":11},"end":{"line":1,"column":31}},"1":{"start":{"line":2,"column":16},"end":{"line":2,"column":27}},"2":{"start":{"line":5,"column":0},"end":{"line":27,"column":1}},"3":{"start":{"line":6,"column":24},"end":{"line":6,"column":45}},"4":{"start":{"line":7,"column":22},"end":{"line":11,"column":10}},"5":{"start":{"line":13,"column":4},"end":{"line":26,"column":5}},"6":{"start":{"line":14,"column":21},"end":{"line":16,"column":14}},"7":{"start":{"line":17,"column":8},"end":{"line":20,"column":11}},"8":{"start":{"line":22,"column":8},"end":{"line":25,"column":11}},"9":{"start":{"line":30,"column":0},"end":{"line":67,"column":1}},"10":{"start":{"line":31,"column":20},"end":{"line":35,"column":6}},"11":{"start":{"line":37,"column":4},"end":{"line":66,"column":5}},"12":{"start":{"line":38,"column":8},"end":{"line":43,"column":9}},"13":{"start":{"line":39,"column":12},"end":{"line":42,"column":15}},"14":{"start":{"line":45,"column":8},"end":{"line":45,"column":29}},"15":{"start":{"line":46,"column":8},"end":{"line":50,"column":11}},"16":{"start":{"line":52,"column":8},"end":{"line":61,"column":9}},"17":{"start":{"line":53,"column":25},"end":{"line":53,"column":27}},"18":{"start":{"line":54,"column":12},"end":{"line":56,"column":15}},"19":{"start":{"line":55,"column":16},"end":{"line":55,"column":53}},"20":{"start":{"line":57,"column":12},"end":{"line":60,"column":15}},"21":{"start":{"line":62,"column":8},"end":{"line":65,"column":11}},"22":{"start":{"line":70,"column":0},"end":{"line":98,"column":1}},"23":{"start":{"line":71,"column":22},"end":{"line":71,"column":42}},"24":{"start":{"line":73,"column":4},"end":{"line":97,"column":5}},"25":{"start":{"line":74,"column":8},"end":{"line":79,"column":9}},"26":{"start":{"line":75,"column":12},"end":{"line":78,"column":15}},"27":{"start":{"line":80,"column":21},"end":{"line":82,"column":14}},"28":{"start":{"line":83,"column":8},"end":{"line":91,"column":11}},"29":{"start":{"line":84,"column":12},"end":{"line":87,"column":15}},"30":{"start":{"line":88,"column":13},"end":{"line":91,"column":11}},"31":{"start":{"line":93,"column":8},"end":{"line":96,"column":11}},"32":{"start":{"line":101,"column":0},"end":{"line":144,"column":1}},"33":{"start":{"line":102,"column":22},"end":{"line":102,"column":42}},"34":{"start":{"line":103,"column":18},"end":{"line":103,"column":26}},"35":{"start":{"line":105,"column":4},"end":{"line":143,"column":5}},"36":{"start":{"line":106,"column":8},"end":{"line":111,"column":9}},"37":{"start":{"line":107,"column":12},"end":{"line":110,"column":15}},"38":{"start":{"line":112,"column":21},"end":{"line":115,"column":10}},"39":{"start":{"line":117,"column":8},"end":{"line":126,"column":11}},"40":{"start":{"line":118,"column":12},"end":{"line":121,"column":15}},"41":{"start":{"line":122,"column":13},"end":{"line":126,"column":11}},"42":{"start":{"line":129,"column":8},"end":{"line":138,"column":9}},"43":{"start":{"line":130,"column":25},"end":{"line":130,"column":27}},"44":{"start":{"line":131,"column":12},"end":{"line":133,"column":15}},"45":{"start":{"line":132,"column":16},"end":{"line":132,"column":53}},"46":{"start":{"line":134,"column":12},"end":{"line":137,"column":15}},"47":{"start":{"line":139,"column":8},"end":{"line":142,"column":11}},"48":{"start":{"line":147,"column":0},"end":{"line":174,"column":1}},"49":{"start":{"line":148,"column":22},"end":{"line":148,"column":42}},"50":{"start":{"line":150,"column":4},"end":{"line":173,"column":5}},"51":{"start":{"line":151,"column":8},"end":{"line":156,"column":9}},"52":{"start":{"line":152,"column":12},"end":{"line":155,"column":15}},"53":{"start":{"line":157,"column":21},"end":{"line":157,"column":63}},"54":{"start":{"line":158,"column":8},"end":{"line":166,"column":11}},"55":{"start":{"line":159,"column":12},"end":{"line":162,"column":15}},"56":{"start":{"line":163,"column":13},"end":{"line":166,"column":11}},"57":{"start":{"line":169,"column":8},"end":{"line":172,"column":11}}},"fnMap":{"0":{"name":"(anonymous_0)","decl":{"start":{"line":5,"column":26},"end":{"line":5,"column":27}},"loc":{"start":{"line":5,"column":46},"end":{"line":27,"column":1}},"line":5},"1":{"name":"(anonymous_1)","decl":{"start":{"line":30,"column":24},"end":{"line":30,"column":25}},"loc":{"start":{"line":30,"column":44},"end":{"line":67,"column":1}},"line":30},"2":{"name":"(anonymous_2)","decl":{"start":{"line":54,"column":44},"end":{"line":54,"column":45}},"loc":{"start":{"line":54,"column":53},"end":{"line":56,"column":13}},"line":54},"3":{"name":"(anonymous_3)","decl":{"start":{"line":70,"column":25},"end":{"line":70,"column":26}},"loc":{"start":{"line":70,"column":45},"end":{"line":98,"column":1}},"line":70},"4":{"name":"(anonymous_4)","decl":{"start":{"line":101,"column":24},"end":{"line":101,"column":25}},"loc":{"start":{"line":101,"column":44},"end":{"line":144,"column":1}},"line":101},"5":{"name":"(anonymous_5)","decl":{"start":{"line":131,"column":44},"end":{"line":131,"column":45}},"loc":{"start":{"line":131,"column":53},"end":{"line":133,"column":13}},"line":131},"6":{"name":"(anonymous_6)","decl":{"start":{"line":147,"column":24},"end":{"line":147,"column":25}},"loc":{"start":{"line":147,"column":44},"end":{"line":174,"column":1}},"line":147}},"branchMap":{"0":{"loc":{"start":{"line":7,"column":22},"end":{"line":11,"column":10}},"type":"cond-expr","locations":[{"start":{"line":7,"column":36},"end":{"line":11,"column":5}},{"start":{"line":11,"column":8},"end":{"line":11,"column":10}}],"line":7},"1":{"loc":{"start":{"line":24,"column":17},"end":{"line":24,"column":90}},"type":"binary-expr","locations":[{"start":{"line":24,"column":17},"end":{"line":24,"column":28}},{"start":{"line":24,"column":32},"end":{"line":24,"column":90}}],"line":24},"2":{"loc":{"start":{"line":38,"column":8},"end":{"line":43,"column":9}},"type":"if","locations":[{"start":{"line":38,"column":8},"end":{"line":43,"column":9}},{"start":{},"end":{}}],"line":38},"3":{"loc":{"start":{"line":52,"column":8},"end":{"line":61,"column":9}},"type":"if","locations":[{"start":{"line":52,"column":8},"end":{"line":61,"column":9}},{"start":{},"end":{}}],"line":52},"4":{"loc":{"start":{"line":64,"column":17},"end":{"line":64,"column":90}},"type":"binary-expr","locations":[{"start":{"line":64,"column":17},"end":{"line":64,"column":28}},{"start":{"line":64,"column":32},"end":{"line":64,"column":90}}],"line":64},"5":{"loc":{"start":{"line":74,"column":8},"end":{"line":79,"column":9}},"type":"if","locations":[{"start":{"line":74,"column":8},"end":{"line":79,"column":9}},{"start":{},"end":{}}],"line":74},"6":{"loc":{"start":{"line":83,"column":8},"end":{"line":91,"column":11}},"type":"if","locations":[{"start":{"line":83,"column":8},"end":{"line":91,"column":11}},{"start":{"line":88,"column":13},"end":{"line":91,"column":11}}],"line":83},"7":{"loc":{"start":{"line":95,"column":17},"end":{"line":95,"column":90}},"type":"binary-expr","locations":[{"start":{"line":95,"column":17},"end":{"line":95,"column":28}},{"start":{"line":95,"column":32},"end":{"line":95,"column":90}}],"line":95},"8":{"loc":{"start":{"line":106,"column":8},"end":{"line":111,"column":9}},"type":"if","locations":[{"start":{"line":106,"column":8},"end":{"line":111,"column":9}},{"start":{},"end":{}}],"line":106},"9":{"loc":{"start":{"line":117,"column":8},"end":{"line":126,"column":11}},"type":"if","locations":[{"start":{"line":117,"column":8},"end":{"line":126,"column":11}},{"start":{"line":122,"column":13},"end":{"line":126,"column":11}}],"line":117},"10":{"loc":{"start":{"line":129,"column":8},"end":{"line":138,"column":9}},"type":"if","locations":[{"start":{"line":129,"column":8},"end":{"line":138,"column":9}},{"start":{},"end":{}}],"line":129},"11":{"loc":{"start":{"line":141,"column":17},"end":{"line":141,"column":90}},"type":"binary-expr","locations":[{"start":{"line":141,"column":17},"end":{"line":141,"column":28}},{"start":{"line":141,"column":32},"end":{"line":141,"column":90}}],"line":141},"12":{"loc":{"start":{"line":151,"column":8},"end":{"line":156,"column":9}},"type":"if","locations":[{"start":{"line":151,"column":8},"end":{"line":156,"column":9}},{"start":{},"end":{}}],"line":151},"13":{"loc":{"start":{"line":158,"column":8},"end":{"line":166,"column":11}},"type":"if","locations":[{"start":{"line":158,"column":8},"end":{"line":166,"column":11}},{"start":{"line":163,"column":13},"end":{"line":166,"column":11}}],"line":158},"14":{"loc":{"start":{"line":171,"column":17},"end":{"line":171,"column":90}},"type":"binary-expr","locations":[{"start":{"line":171,"column":17},"end":{"line":171,"column":28}},{"start":{"line":171,"column":32},"end":{"line":171,"column":90}}],"line":171}},"s":{"0":1,"1":1,"2":1,"3":0,"4":0,"5":0,"6":0,"7":0,"8":0,"9":1,"10":0,"11":0,"12":0,"13":0,"14":0,"15":0,"16":0,"17":0,"18":0,"19":0,"20":0,"21":0,"22":1,"23":0,"24":0,"25":0,"26":0,"27":0,"28":0,"29":0,"30":0,"31":0,"32":1,"33":0,"34":0,"35":0,"36":0,"37":0,"38":0,"39":0,"40":0,"41":0,"42":0,"43":0,"44":0,"45":0,"46":0,"47":0,"48":1,"49":0,"50":0,"51":0,"52":0,"53":0,"54":0,"55":0,"56":0,"57":0},"f":{"0":0,"1":0,"2":0,"3":0,"4":0,"5":0,"6":0},"b":{"0":[0,0],"1":[0,0],"2":[0,0],"3":[0,0],"4":[0,0],"5":[0,0],"6":[0,0],"7":[0,0],"8":[0,0],"9":[0,0],"10":[0,0],"11":[0,0],"12":[0,0],"13":[0,0],"14":[0,0]},"_coverageSchema":"1a1c01bbd47fc00a2c39e90264f33305004495a9","hash":"b20240f129d2ca3e61379d5e03da6add6bc9754c"}
,"/Users/lucas/Documents/GitHub/PhotoRecycleAPI/controllers/utilizacoes.controller.js": {"path":"/Users/lucas/Documents/GitHub/PhotoRecycleAPI/controllers/utilizacoes.controller.js","statementMap":{"0":{"start":{"line":1,"column":11},"end":{"line":1,"column":31}},"1":{"start":{"line":2,"column":26},"end":{"line":2,"column":40}},"2":{"start":{"line":3,"column":13},"end":{"line":3,"column":28}},"3":{"start":{"line":5,"column":15},"end":{"line":5,"column":48}},"4":{"start":{"line":6,"column":19},"end":{"line":6,"column":43}},"5":{"start":{"line":8,"column":0},"end":{"line":12,"column":3}},"6":{"start":{"line":15,"column":0},"end":{"line":46,"column":1}},"7":{"start":{"line":16,"column":25},"end":{"line":16,"column":47}},"8":{"start":{"line":17,"column":22},"end":{"line":24,"column":12}},"9":{"start":{"line":26,"column":4},"end":{"line":45,"column":5}},"10":{"start":{"line":27,"column":8},"end":{"line":32,"column":9}},"11":{"start":{"line":28,"column":12},"end":{"line":31,"column":15}},"12":{"start":{"line":33,"column":34},"end":{"line":35,"column":18}},"13":{"start":{"line":36,"column":8},"end":{"line":39,"column":11}},"14":{"start":{"line":41,"column":8},"end":{"line":44,"column":11}},"15":{"start":{"line":49,"column":0},"end":{"line":100,"column":1}},"16":{"start":{"line":51,"column":4},"end":{"line":97,"column":5}},"17":{"start":{"line":52,"column":27},"end":{"line":52,"column":46}},"18":{"start":{"line":54,"column":25},"end":{"line":54,"column":69}},"19":{"start":{"line":56,"column":31},"end":{"line":56,"column":35}},"20":{"start":{"line":57,"column":8},"end":{"line":67,"column":9}},"21":{"start":{"line":58,"column":12},"end":{"line":61,"column":15}},"22":{"start":{"line":63,"column":12},"end":{"line":66,"column":15}},"23":{"start":{"line":69,"column":34},"end":{"line":75,"column":10}},"24":{"start":{"line":78,"column":8},"end":{"line":78,"column":39}},"25":{"start":{"line":80,"column":8},"end":{"line":85,"column":9}},"26":{"start":{"line":81,"column":12},"end":{"line":84,"column":15}},"27":{"start":{"line":86,"column":8},"end":{"line":91,"column":11}},"28":{"start":{"line":93,"column":8},"end":{"line":96,"column":11}},"29":{"start":{"line":103,"column":0},"end":{"line":127,"column":1}},"30":{"start":{"line":104,"column":4},"end":{"line":126,"column":5}},"31":{"start":{"line":105,"column":8},"end":{"line":110,"column":9}},"32":{"start":{"line":106,"column":12},"end":{"line":109,"column":15}},"33":{"start":{"line":112,"column":21},"end":{"line":116,"column":18}},"34":{"start":{"line":117,"column":8},"end":{"line":120,"column":11}},"35":{"start":{"line":122,"column":8},"end":{"line":125,"column":11}},"36":{"start":{"line":130,"column":0},"end":{"line":154,"column":1}},"37":{"start":{"line":131,"column":4},"end":{"line":153,"column":5}},"38":{"start":{"line":132,"column":8},"end":{"line":137,"column":9}},"39":{"start":{"line":133,"column":12},"end":{"line":136,"column":15}},"40":{"start":{"line":139,"column":21},"end":{"line":143,"column":18}},"41":{"start":{"line":144,"column":8},"end":{"line":147,"column":11}},"42":{"start":{"line":149,"column":8},"end":{"line":152,"column":11}},"43":{"start":{"line":157,"column":0},"end":{"line":185,"column":2}},"44":{"start":{"line":158,"column":32},"end":{"line":158,"column":62}},"45":{"start":{"line":160,"column":4},"end":{"line":184,"column":5}},"46":{"start":{"line":161,"column":8},"end":{"line":166,"column":9}},"47":{"start":{"line":162,"column":12},"end":{"line":165,"column":15}},"48":{"start":{"line":167,"column":21},"end":{"line":169,"column":18}},"49":{"start":{"line":170,"column":8},"end":{"line":178,"column":11}},"50":{"start":{"line":171,"column":12},"end":{"line":174,"column":15}},"51":{"start":{"line":175,"column":13},"end":{"line":178,"column":11}},"52":{"start":{"line":180,"column":8},"end":{"line":183,"column":11}},"53":{"start":{"line":188,"column":0},"end":{"line":216,"column":2}},"54":{"start":{"line":189,"column":32},"end":{"line":189,"column":62}},"55":{"start":{"line":191,"column":4},"end":{"line":215,"column":5}},"56":{"start":{"line":192,"column":8},"end":{"line":197,"column":9}},"57":{"start":{"line":193,"column":12},"end":{"line":196,"column":15}},"58":{"start":{"line":199,"column":21},"end":{"line":199,"column":83}},"59":{"start":{"line":200,"column":8},"end":{"line":208,"column":11}},"60":{"start":{"line":201,"column":12},"end":{"line":204,"column":15}},"61":{"start":{"line":205,"column":13},"end":{"line":208,"column":11}},"62":{"start":{"line":211,"column":8},"end":{"line":214,"column":11}},"63":{"start":{"line":219,"column":0},"end":{"line":271,"column":2}},"64":{"start":{"line":220,"column":32},"end":{"line":220,"column":62}},"65":{"start":{"line":221,"column":30},"end":{"line":221,"column":38}},"66":{"start":{"line":223,"column":4},"end":{"line":270,"column":5}},"67":{"start":{"line":224,"column":8},"end":{"line":229,"column":9}},"68":{"start":{"line":225,"column":12},"end":{"line":228,"column":15}},"69":{"start":{"line":230,"column":21},"end":{"line":233,"column":10}},"70":{"start":{"line":234,"column":8},"end":{"line":244,"column":15}},"71":{"start":{"line":235,"column":12},"end":{"line":238,"column":15}},"72":{"start":{"line":240,"column":12},"end":{"line":244,"column":15}},"73":{"start":{"line":247,"column":27},"end":{"line":247,"column":65}},"74":{"start":{"line":248,"column":23},"end":{"line":248,"column":45}},"75":{"start":{"line":249,"column":8},"end":{"line":249,"column":35}},"76":{"start":{"line":250,"column":8},"end":{"line":253,"column":11}},"77":{"start":{"line":256,"column":8},"end":{"line":265,"column":9}},"78":{"start":{"line":257,"column":25},"end":{"line":257,"column":27}},"79":{"start":{"line":258,"column":12},"end":{"line":260,"column":15}},"80":{"start":{"line":259,"column":16},"end":{"line":259,"column":53}},"81":{"start":{"line":261,"column":12},"end":{"line":264,"column":15}},"82":{"start":{"line":266,"column":8},"end":{"line":269,"column":11}}},"fnMap":{"0":{"name":"(anonymous_0)","decl":{"start":{"line":15,"column":36},"end":{"line":15,"column":37}},"loc":{"start":{"line":15,"column":56},"end":{"line":46,"column":1}},"line":15},"1":{"name":"(anonymous_1)","decl":{"start":{"line":49,"column":27},"end":{"line":49,"column":28}},"loc":{"start":{"line":49,"column":47},"end":{"line":100,"column":1}},"line":49},"2":{"name":"(anonymous_2)","decl":{"start":{"line":103,"column":45},"end":{"line":103,"column":46}},"loc":{"start":{"line":103,"column":65},"end":{"line":127,"column":1}},"line":103},"3":{"name":"(anonymous_3)","decl":{"start":{"line":130,"column":48},"end":{"line":130,"column":49}},"loc":{"start":{"line":130,"column":68},"end":{"line":154,"column":1}},"line":130},"4":{"name":"(anonymous_4)","decl":{"start":{"line":157,"column":35},"end":{"line":157,"column":36}},"loc":{"start":{"line":157,"column":55},"end":{"line":185,"column":1}},"line":157},"5":{"name":"(anonymous_5)","decl":{"start":{"line":188,"column":34},"end":{"line":188,"column":35}},"loc":{"start":{"line":188,"column":54},"end":{"line":216,"column":1}},"line":188},"6":{"name":"(anonymous_6)","decl":{"start":{"line":219,"column":35},"end":{"line":219,"column":36}},"loc":{"start":{"line":219,"column":55},"end":{"line":271,"column":1}},"line":219},"7":{"name":"(anonymous_7)","decl":{"start":{"line":258,"column":44},"end":{"line":258,"column":45}},"loc":{"start":{"line":258,"column":53},"end":{"line":260,"column":13}},"line":258}},"branchMap":{"0":{"loc":{"start":{"line":17,"column":22},"end":{"line":24,"column":12}},"type":"cond-expr","locations":[{"start":{"line":18,"column":10},"end":{"line":23,"column":9}},{"start":{"line":24,"column":10},"end":{"line":24,"column":12}}],"line":17},"1":{"loc":{"start":{"line":27,"column":8},"end":{"line":32,"column":9}},"type":"if","locations":[{"start":{"line":27,"column":8},"end":{"line":32,"column":9}},{"start":{},"end":{}}],"line":27},"2":{"loc":{"start":{"line":43,"column":17},"end":{"line":43,"column":90}},"type":"binary-expr","locations":[{"start":{"line":43,"column":17},"end":{"line":43,"column":28}},{"start":{"line":43,"column":32},"end":{"line":43,"column":90}}],"line":43},"3":{"loc":{"start":{"line":57,"column":8},"end":{"line":67,"column":9}},"type":"if","locations":[{"start":{"line":57,"column":8},"end":{"line":67,"column":9}},{"start":{"line":62,"column":15},"end":{"line":67,"column":9}}],"line":57},"4":{"loc":{"start":{"line":80,"column":8},"end":{"line":85,"column":9}},"type":"if","locations":[{"start":{"line":80,"column":8},"end":{"line":85,"column":9}},{"start":{},"end":{}}],"line":80},"5":{"loc":{"start":{"line":105,"column":8},"end":{"line":110,"column":9}},"type":"if","locations":[{"start":{"line":105,"column":8},"end":{"line":110,"column":9}},{"start":{},"end":{}}],"line":105},"6":{"loc":{"start":{"line":124,"column":17},"end":{"line":124,"column":90}},"type":"binary-expr","locations":[{"start":{"line":124,"column":17},"end":{"line":124,"column":28}},{"start":{"line":124,"column":32},"end":{"line":124,"column":90}}],"line":124},"7":{"loc":{"start":{"line":132,"column":8},"end":{"line":137,"column":9}},"type":"if","locations":[{"start":{"line":132,"column":8},"end":{"line":137,"column":9}},{"start":{},"end":{}}],"line":132},"8":{"loc":{"start":{"line":151,"column":17},"end":{"line":151,"column":90}},"type":"binary-expr","locations":[{"start":{"line":151,"column":17},"end":{"line":151,"column":28}},{"start":{"line":151,"column":32},"end":{"line":151,"column":90}}],"line":151},"9":{"loc":{"start":{"line":161,"column":8},"end":{"line":166,"column":9}},"type":"if","locations":[{"start":{"line":161,"column":8},"end":{"line":166,"column":9}},{"start":{},"end":{}}],"line":161},"10":{"loc":{"start":{"line":170,"column":8},"end":{"line":178,"column":11}},"type":"if","locations":[{"start":{"line":170,"column":8},"end":{"line":178,"column":11}},{"start":{"line":175,"column":13},"end":{"line":178,"column":11}}],"line":170},"11":{"loc":{"start":{"line":182,"column":17},"end":{"line":182,"column":90}},"type":"binary-expr","locations":[{"start":{"line":182,"column":17},"end":{"line":182,"column":28}},{"start":{"line":182,"column":32},"end":{"line":182,"column":90}}],"line":182},"12":{"loc":{"start":{"line":192,"column":8},"end":{"line":197,"column":9}},"type":"if","locations":[{"start":{"line":192,"column":8},"end":{"line":197,"column":9}},{"start":{},"end":{}}],"line":192},"13":{"loc":{"start":{"line":200,"column":8},"end":{"line":208,"column":11}},"type":"if","locations":[{"start":{"line":200,"column":8},"end":{"line":208,"column":11}},{"start":{"line":205,"column":13},"end":{"line":208,"column":11}}],"line":200},"14":{"loc":{"start":{"line":213,"column":17},"end":{"line":213,"column":90}},"type":"binary-expr","locations":[{"start":{"line":213,"column":17},"end":{"line":213,"column":28}},{"start":{"line":213,"column":32},"end":{"line":213,"column":90}}],"line":213},"15":{"loc":{"start":{"line":224,"column":8},"end":{"line":229,"column":9}},"type":"if","locations":[{"start":{"line":224,"column":8},"end":{"line":229,"column":9}},{"start":{},"end":{}}],"line":224},"16":{"loc":{"start":{"line":234,"column":8},"end":{"line":244,"column":15}},"type":"if","locations":[{"start":{"line":234,"column":8},"end":{"line":244,"column":15}},{"start":{"line":240,"column":12},"end":{"line":244,"column":15}}],"line":234},"17":{"loc":{"start":{"line":256,"column":8},"end":{"line":265,"column":9}},"type":"if","locations":[{"start":{"line":256,"column":8},"end":{"line":265,"column":9}},{"start":{},"end":{}}],"line":256},"18":{"loc":{"start":{"line":268,"column":17},"end":{"line":268,"column":90}},"type":"binary-expr","locations":[{"start":{"line":268,"column":17},"end":{"line":268,"column":28}},{"start":{"line":268,"column":32},"end":{"line":268,"column":90}}],"line":268}},"s":{"0":1,"1":1,"2":1,"3":1,"4":1,"5":1,"6":1,"7":0,"8":0,"9":0,"10":0,"11":0,"12":0,"13":0,"14":0,"15":1,"16":0,"17":0,"18":0,"19":0,"20":0,"21":0,"22":0,"23":0,"24":0,"25":0,"26":0,"27":0,"28":0,"29":1,"30":0,"31":0,"32":0,"33":0,"34":0,"35":0,"36":1,"37":0,"38":0,"39":0,"40":0,"41":0,"42":0,"43":1,"44":0,"45":0,"46":0,"47":0,"48":0,"49":0,"50":0,"51":0,"52":0,"53":1,"54":0,"55":0,"56":0,"57":0,"58":0,"59":0,"60":0,"61":0,"62":0,"63":1,"64":0,"65":0,"66":0,"67":0,"68":0,"69":0,"70":0,"71":0,"72":0,"73":0,"74":0,"75":0,"76":0,"77":0,"78":0,"79":0,"80":0,"81":0,"82":0},"f":{"0":0,"1":0,"2":0,"3":0,"4":0,"5":0,"6":0,"7":0},"b":{"0":[0,0],"1":[0,0],"2":[0,0],"3":[0,0],"4":[0,0],"5":[0,0],"6":[0,0],"7":[0,0],"8":[0,0],"9":[0,0],"10":[0,0],"11":[0,0],"12":[0,0],"13":[0,0],"14":[0,0],"15":[0,0],"16":[0,0],"17":[0,0],"18":[0,0]},"_coverageSchema":"1a1c01bbd47fc00a2c39e90264f33305004495a9","hash":"c4447bdb538f047aa21cb19ba92edfb4f63abb08"}
,"/Users/lucas/Documents/GitHub/PhotoRecycleAPI/controllers/utilizadores.controller.js": {"path":"/Users/lucas/Documents/GitHub/PhotoRecycleAPI/controllers/utilizadores.controller.js","statementMap":{"0":{"start":{"line":1,"column":12},"end":{"line":1,"column":35}},"1":{"start":{"line":2,"column":15},"end":{"line":2,"column":34}},"2":{"start":{"line":4,"column":11},"end":{"line":4,"column":31}},"3":{"start":{"line":5,"column":15},"end":{"line":5,"column":48}},"4":{"start":{"line":6,"column":13},"end":{"line":6,"column":28}},"5":{"start":{"line":9,"column":0},"end":{"line":90,"column":2}},"6":{"start":{"line":10,"column":2},"end":{"line":89,"column":3}},"7":{"start":{"line":12,"column":4},"end":{"line":27,"column":5}},"8":{"start":{"line":23,"column":6},"end":{"line":26,"column":9}},"9":{"start":{"line":29,"column":26},"end":{"line":31,"column":13}},"10":{"start":{"line":32,"column":4},"end":{"line":37,"column":5}},"11":{"start":{"line":33,"column":6},"end":{"line":36,"column":9}},"12":{"start":{"line":39,"column":23},"end":{"line":41,"column":13}},"13":{"start":{"line":42,"column":4},"end":{"line":47,"column":5}},"14":{"start":{"line":43,"column":6},"end":{"line":46,"column":9}},"15":{"start":{"line":50,"column":4},"end":{"line":55,"column":5}},"16":{"start":{"line":51,"column":6},"end":{"line":54,"column":9}},"17":{"start":{"line":57,"column":17},"end":{"line":67,"column":6}},"18":{"start":{"line":69,"column":24},"end":{"line":69,"column":41}},"19":{"start":{"line":70,"column":4},"end":{"line":73,"column":7}},"20":{"start":{"line":75,"column":4},"end":{"line":84,"column":5}},"21":{"start":{"line":76,"column":19},"end":{"line":76,"column":21}},"22":{"start":{"line":77,"column":6},"end":{"line":79,"column":9}},"23":{"start":{"line":78,"column":8},"end":{"line":78,"column":45}},"24":{"start":{"line":80,"column":6},"end":{"line":83,"column":9}},"25":{"start":{"line":85,"column":4},"end":{"line":88,"column":7}},"26":{"start":{"line":93,"column":0},"end":{"line":142,"column":2}},"27":{"start":{"line":94,"column":2},"end":{"line":141,"column":3}},"28":{"start":{"line":95,"column":4},"end":{"line":99,"column":9}},"29":{"start":{"line":96,"column":6},"end":{"line":99,"column":9}},"30":{"start":{"line":101,"column":15},"end":{"line":103,"column":13}},"31":{"start":{"line":104,"column":4},"end":{"line":109,"column":5}},"32":{"start":{"line":105,"column":6},"end":{"line":108,"column":9}},"33":{"start":{"line":111,"column":26},"end":{"line":111,"column":78}},"34":{"start":{"line":112,"column":4},"end":{"line":117,"column":5}},"35":{"start":{"line":113,"column":6},"end":{"line":116,"column":9}},"36":{"start":{"line":119,"column":18},"end":{"line":129,"column":5}},"37":{"start":{"line":131,"column":4},"end":{"line":135,"column":7}},"38":{"start":{"line":137,"column":4},"end":{"line":140,"column":7}},"39":{"start":{"line":144,"column":0},"end":{"line":170,"column":2}},"40":{"start":{"line":145,"column":2},"end":{"line":169,"column":3}},"41":{"start":{"line":146,"column":4},"end":{"line":146,"column":36}},"42":{"start":{"line":147,"column":4},"end":{"line":152,"column":5}},"43":{"start":{"line":148,"column":6},"end":{"line":151,"column":9}},"44":{"start":{"line":155,"column":18},"end":{"line":158,"column":5}},"45":{"start":{"line":160,"column":4},"end":{"line":163,"column":7}},"46":{"start":{"line":165,"column":4},"end":{"line":168,"column":7}},"47":{"start":{"line":172,"column":0},"end":{"line":201,"column":2}},"48":{"start":{"line":173,"column":2},"end":{"line":200,"column":3}},"49":{"start":{"line":174,"column":4},"end":{"line":179,"column":5}},"50":{"start":{"line":175,"column":6},"end":{"line":178,"column":9}},"51":{"start":{"line":182,"column":17},"end":{"line":182,"column":77}},"52":{"start":{"line":184,"column":4},"end":{"line":189,"column":5}},"53":{"start":{"line":185,"column":6},"end":{"line":188,"column":9}},"54":{"start":{"line":191,"column":4},"end":{"line":194,"column":7}},"55":{"start":{"line":196,"column":4},"end":{"line":199,"column":7}},"56":{"start":{"line":203,"column":0},"end":{"line":258,"column":2}},"57":{"start":{"line":204,"column":2},"end":{"line":257,"column":3}},"58":{"start":{"line":205,"column":4},"end":{"line":216,"column":5}},"59":{"start":{"line":212,"column":6},"end":{"line":215,"column":9}},"60":{"start":{"line":219,"column":4},"end":{"line":224,"column":5}},"61":{"start":{"line":220,"column":6},"end":{"line":223,"column":9}},"62":{"start":{"line":227,"column":27},"end":{"line":227,"column":67}},"63":{"start":{"line":228,"column":24},"end":{"line":238,"column":5}},"64":{"start":{"line":240,"column":4},"end":{"line":245,"column":5}},"65":{"start":{"line":241,"column":6},"end":{"line":244,"column":9}},"66":{"start":{"line":247,"column":4},"end":{"line":250,"column":7}},"67":{"start":{"line":252,"column":4},"end":{"line":252,"column":50}},"68":{"start":{"line":253,"column":4},"end":{"line":256,"column":7}},"69":{"start":{"line":261,"column":0},"end":{"line":283,"column":2}},"70":{"start":{"line":262,"column":2},"end":{"line":282,"column":3}},"71":{"start":{"line":263,"column":18},"end":{"line":265,"column":16}},"72":{"start":{"line":267,"column":24},"end":{"line":267,"column":25}},"73":{"start":{"line":268,"column":4},"end":{"line":271,"column":5}},"74":{"start":{"line":268,"column":17},"end":{"line":268,"column":18}},"75":{"start":{"line":269,"column":6},"end":{"line":269,"column":45}},"76":{"start":{"line":270,"column":6},"end":{"line":270,"column":22}},"77":{"start":{"line":273,"column":4},"end":{"line":276,"column":7}},"78":{"start":{"line":278,"column":4},"end":{"line":281,"column":7}},"79":{"start":{"line":285,"column":0},"end":{"line":314,"column":2}},"80":{"start":{"line":286,"column":2},"end":{"line":313,"column":3}},"81":{"start":{"line":287,"column":4},"end":{"line":292,"column":5}},"82":{"start":{"line":288,"column":6},"end":{"line":291,"column":9}},"83":{"start":{"line":295,"column":17},"end":{"line":295,"column":60}},"84":{"start":{"line":297,"column":4},"end":{"line":302,"column":5}},"85":{"start":{"line":298,"column":6},"end":{"line":301,"column":9}},"86":{"start":{"line":304,"column":4},"end":{"line":307,"column":7}},"87":{"start":{"line":309,"column":4},"end":{"line":312,"column":7}},"88":{"start":{"line":316,"column":0},"end":{"line":340,"column":2}},"89":{"start":{"line":317,"column":2},"end":{"line":339,"column":3}},"90":{"start":{"line":318,"column":4},"end":{"line":322,"column":9}},"91":{"start":{"line":319,"column":6},"end":{"line":322,"column":9}},"92":{"start":{"line":323,"column":15},"end":{"line":323,"column":49}},"93":{"start":{"line":324,"column":4},"end":{"line":328,"column":9}},"94":{"start":{"line":325,"column":6},"end":{"line":328,"column":9}},"95":{"start":{"line":330,"column":4},"end":{"line":333,"column":7}},"96":{"start":{"line":335,"column":4},"end":{"line":338,"column":7}}},"fnMap":{"0":{"name":"(anonymous_0)","decl":{"start":{"line":9,"column":18},"end":{"line":9,"column":19}},"loc":{"start":{"line":9,"column":38},"end":{"line":90,"column":1}},"line":9},"1":{"name":"(anonymous_1)","decl":{"start":{"line":77,"column":38},"end":{"line":77,"column":39}},"loc":{"start":{"line":77,"column":47},"end":{"line":79,"column":7}},"line":77},"2":{"name":"(anonymous_2)","decl":{"start":{"line":93,"column":16},"end":{"line":93,"column":17}},"loc":{"start":{"line":93,"column":36},"end":{"line":142,"column":1}},"line":93},"3":{"name":"(anonymous_3)","decl":{"start":{"line":144,"column":22},"end":{"line":144,"column":23}},"loc":{"start":{"line":144,"column":42},"end":{"line":170,"column":1}},"line":144},"4":{"name":"(anonymous_4)","decl":{"start":{"line":172,"column":22},"end":{"line":172,"column":23}},"loc":{"start":{"line":172,"column":42},"end":{"line":201,"column":1}},"line":172},"5":{"name":"(anonymous_5)","decl":{"start":{"line":203,"column":22},"end":{"line":203,"column":23}},"loc":{"start":{"line":203,"column":42},"end":{"line":258,"column":1}},"line":203},"6":{"name":"(anonymous_6)","decl":{"start":{"line":261,"column":19},"end":{"line":261,"column":20}},"loc":{"start":{"line":261,"column":39},"end":{"line":283,"column":1}},"line":261},"7":{"name":"(anonymous_7)","decl":{"start":{"line":285,"column":21},"end":{"line":285,"column":22}},"loc":{"start":{"line":285,"column":41},"end":{"line":314,"column":1}},"line":285},"8":{"name":"(anonymous_8)","decl":{"start":{"line":316,"column":18},"end":{"line":316,"column":19}},"loc":{"start":{"line":316,"column":38},"end":{"line":340,"column":1}},"line":316}},"branchMap":{"0":{"loc":{"start":{"line":12,"column":4},"end":{"line":27,"column":5}},"type":"if","locations":[{"start":{"line":12,"column":4},"end":{"line":27,"column":5}},{"start":{},"end":{}}],"line":12},"1":{"loc":{"start":{"line":13,"column":6},"end":{"line":21,"column":20}},"type":"binary-expr","locations":[{"start":{"line":13,"column":6},"end":{"line":13,"column":24}},{"start":{"line":14,"column":6},"end":{"line":14,"column":24}},{"start":{"line":15,"column":6},"end":{"line":15,"column":31}},{"start":{"line":16,"column":6},"end":{"line":16,"column":21}},{"start":{"line":17,"column":6},"end":{"line":17,"column":30}},{"start":{"line":18,"column":6},"end":{"line":18,"column":22}},{"start":{"line":19,"column":6},"end":{"line":19,"column":26}},{"start":{"line":20,"column":6},"end":{"line":20,"column":28}},{"start":{"line":21,"column":6},"end":{"line":21,"column":20}}],"line":13},"2":{"loc":{"start":{"line":32,"column":4},"end":{"line":37,"column":5}},"type":"if","locations":[{"start":{"line":32,"column":4},"end":{"line":37,"column":5}},{"start":{},"end":{}}],"line":32},"3":{"loc":{"start":{"line":42,"column":4},"end":{"line":47,"column":5}},"type":"if","locations":[{"start":{"line":42,"column":4},"end":{"line":47,"column":5}},{"start":{},"end":{}}],"line":42},"4":{"loc":{"start":{"line":50,"column":4},"end":{"line":55,"column":5}},"type":"if","locations":[{"start":{"line":50,"column":4},"end":{"line":55,"column":5}},{"start":{},"end":{}}],"line":50},"5":{"loc":{"start":{"line":66,"column":12},"end":{"line":66,"column":41}},"type":"binary-expr","locations":[{"start":{"line":66,"column":12},"end":{"line":66,"column":25}},{"start":{"line":66,"column":29},"end":{"line":66,"column":41}}],"line":66},"6":{"loc":{"start":{"line":75,"column":4},"end":{"line":84,"column":5}},"type":"if","locations":[{"start":{"line":75,"column":4},"end":{"line":84,"column":5}},{"start":{},"end":{}}],"line":75},"7":{"loc":{"start":{"line":95,"column":4},"end":{"line":99,"column":9}},"type":"if","locations":[{"start":{"line":95,"column":4},"end":{"line":99,"column":9}},{"start":{},"end":{}}],"line":95},"8":{"loc":{"start":{"line":95,"column":8},"end":{"line":95,"column":58}},"type":"binary-expr","locations":[{"start":{"line":95,"column":8},"end":{"line":95,"column":17}},{"start":{"line":95,"column":21},"end":{"line":95,"column":36}},{"start":{"line":95,"column":40},"end":{"line":95,"column":58}}],"line":95},"9":{"loc":{"start":{"line":104,"column":4},"end":{"line":109,"column":5}},"type":"if","locations":[{"start":{"line":104,"column":4},"end":{"line":109,"column":5}},{"start":{},"end":{}}],"line":104},"10":{"loc":{"start":{"line":112,"column":4},"end":{"line":117,"column":5}},"type":"if","locations":[{"start":{"line":112,"column":4},"end":{"line":117,"column":5}},{"start":{},"end":{}}],"line":112},"11":{"loc":{"start":{"line":147,"column":4},"end":{"line":152,"column":5}},"type":"if","locations":[{"start":{"line":147,"column":4},"end":{"line":152,"column":5}},{"start":{},"end":{}}],"line":147},"12":{"loc":{"start":{"line":167,"column":11},"end":{"line":167,"column":83}},"type":"binary-expr","locations":[{"start":{"line":167,"column":11},"end":{"line":167,"column":22}},{"start":{"line":167,"column":26},"end":{"line":167,"column":83}}],"line":167},"13":{"loc":{"start":{"line":174,"column":4},"end":{"line":179,"column":5}},"type":"if","locations":[{"start":{"line":174,"column":4},"end":{"line":179,"column":5}},{"start":{},"end":{}}],"line":174},"14":{"loc":{"start":{"line":174,"column":8},"end":{"line":174,"column":75}},"type":"binary-expr","locations":[{"start":{"line":174,"column":8},"end":{"line":174,"column":42}},{"start":{"line":174,"column":46},"end":{"line":174,"column":75}}],"line":174},"15":{"loc":{"start":{"line":184,"column":4},"end":{"line":189,"column":5}},"type":"if","locations":[{"start":{"line":184,"column":4},"end":{"line":189,"column":5}},{"start":{},"end":{}}],"line":184},"16":{"loc":{"start":{"line":198,"column":11},"end":{"line":198,"column":83}},"type":"binary-expr","locations":[{"start":{"line":198,"column":11},"end":{"line":198,"column":22}},{"start":{"line":198,"column":26},"end":{"line":198,"column":83}}],"line":198},"17":{"loc":{"start":{"line":205,"column":4},"end":{"line":216,"column":5}},"type":"if","locations":[{"start":{"line":205,"column":4},"end":{"line":216,"column":5}},{"start":{},"end":{}}],"line":205},"18":{"loc":{"start":{"line":206,"column":6},"end":{"line":210,"column":31}},"type":"binary-expr","locations":[{"start":{"line":206,"column":6},"end":{"line":206,"column":15}},{"start":{"line":207,"column":6},"end":{"line":207,"column":24}},{"start":{"line":208,"column":6},"end":{"line":208,"column":21}},{"start":{"line":209,"column":6},"end":{"line":209,"column":24}},{"start":{"line":210,"column":6},"end":{"line":210,"column":31}}],"line":206},"19":{"loc":{"start":{"line":219,"column":4},"end":{"line":224,"column":5}},"type":"if","locations":[{"start":{"line":219,"column":4},"end":{"line":224,"column":5}},{"start":{},"end":{}}],"line":219},"20":{"loc":{"start":{"line":240,"column":4},"end":{"line":245,"column":5}},"type":"if","locations":[{"start":{"line":240,"column":4},"end":{"line":245,"column":5}},{"start":{},"end":{}}],"line":240},"21":{"loc":{"start":{"line":280,"column":11},"end":{"line":280,"column":83}},"type":"binary-expr","locations":[{"start":{"line":280,"column":11},"end":{"line":280,"column":22}},{"start":{"line":280,"column":26},"end":{"line":280,"column":83}}],"line":280},"22":{"loc":{"start":{"line":287,"column":4},"end":{"line":292,"column":5}},"type":"if","locations":[{"start":{"line":287,"column":4},"end":{"line":292,"column":5}},{"start":{},"end":{}}],"line":287},"23":{"loc":{"start":{"line":287,"column":8},"end":{"line":287,"column":75}},"type":"binary-expr","locations":[{"start":{"line":287,"column":8},"end":{"line":287,"column":42}},{"start":{"line":287,"column":46},"end":{"line":287,"column":75}}],"line":287},"24":{"loc":{"start":{"line":297,"column":4},"end":{"line":302,"column":5}},"type":"if","locations":[{"start":{"line":297,"column":4},"end":{"line":302,"column":5}},{"start":{},"end":{}}],"line":297},"25":{"loc":{"start":{"line":311,"column":11},"end":{"line":311,"column":83}},"type":"binary-expr","locations":[{"start":{"line":311,"column":11},"end":{"line":311,"column":22}},{"start":{"line":311,"column":26},"end":{"line":311,"column":83}}],"line":311},"26":{"loc":{"start":{"line":318,"column":4},"end":{"line":322,"column":9}},"type":"if","locations":[{"start":{"line":318,"column":4},"end":{"line":322,"column":9}},{"start":{},"end":{}}],"line":318},"27":{"loc":{"start":{"line":318,"column":8},"end":{"line":318,"column":64}},"type":"binary-expr","locations":[{"start":{"line":318,"column":8},"end":{"line":318,"column":42}},{"start":{"line":318,"column":46},"end":{"line":318,"column":64}}],"line":318},"28":{"loc":{"start":{"line":324,"column":4},"end":{"line":328,"column":9}},"type":"if","locations":[{"start":{"line":324,"column":4},"end":{"line":328,"column":9}},{"start":{},"end":{}}],"line":324},"29":{"loc":{"start":{"line":337,"column":11},"end":{"line":337,"column":72}},"type":"binary-expr","locations":[{"start":{"line":337,"column":11},"end":{"line":337,"column":22}},{"start":{"line":337,"column":26},"end":{"line":337,"column":72}}],"line":337}},"s":{"0":1,"1":1,"2":1,"3":1,"4":1,"5":1,"6":5,"7":5,"8":1,"9":4,"10":4,"11":1,"12":3,"13":3,"14":1,"15":2,"16":1,"17":1,"18":1,"19":1,"20":0,"21":0,"22":0,"23":0,"24":0,"25":0,"26":1,"27":5,"28":5,"29":1,"30":4,"31":4,"32":1,"33":3,"34":3,"35":1,"36":2,"37":2,"38":0,"39":1,"40":2,"41":2,"42":2,"43":1,"44":1,"45":1,"46":0,"47":1,"48":0,"49":0,"50":0,"51":0,"52":0,"53":0,"54":0,"55":0,"56":1,"57":3,"58":3,"59":1,"60":2,"61":0,"62":2,"63":2,"64":2,"65":1,"66":1,"67":0,"68":0,"69":1,"70":0,"71":0,"72":0,"73":0,"74":0,"75":0,"76":0,"77":0,"78":0,"79":1,"80":1,"81":1,"82":0,"83":1,"84":1,"85":0,"86":1,"87":0,"88":1,"89":2,"90":2,"91":1,"92":1,"93":1,"94":0,"95":1,"96":0},"f":{"0":5,"1":0,"2":5,"3":2,"4":0,"5":3,"6":0,"7":1,"8":2},"b":{"0":[1,4],"1":[5,1,1,1,1,1,1,1,1],"2":[1,3],"3":[1,2],"4":[1,1],"5":[1,1],"6":[0,0],"7":[1,4],"8":[5,5,4],"9":[1,3],"10":[1,2],"11":[1,1],"12":[0,0],"13":[0,0],"14":[0,0],"15":[0,0],"16":[0,0],"17":[1,2],"18":[3,3,2,2,2],"19":[0,2],"20":[1,1],"21":[0,0],"22":[0,1],"23":[1,0],"24":[0,1],"25":[0,0],"26":[1,1],"27":[2,1],"28":[0,1],"29":[0,0]},"_coverageSchema":"1a1c01bbd47fc00a2c39e90264f33305004495a9","hash":"d8d283e48b2e5dfae73ba151bedd2136c78560e0"}
,"/Users/lucas/Documents/GitHub/PhotoRecycleAPI/models/desafios.model.js": {"path":"/Users/lucas/Documents/GitHub/PhotoRecycleAPI/models/desafios.model.js","statementMap":{"0":{"start":{"line":1,"column":0},"end":{"line":22,"column":2}},"1":{"start":{"line":2,"column":17},"end":{"line":19,"column":3}},"2":{"start":{"line":20,"column":20},"end":{"line":20,"column":54}},"3":{"start":{"line":21,"column":4},"end":{"line":21,"column":19}}},"fnMap":{"0":{"name":"(anonymous_0)","decl":{"start":{"line":1,"column":17},"end":{"line":1,"column":18}},"loc":{"start":{"line":1,"column":31},"end":{"line":22,"column":1}},"line":1}},"branchMap":{},"s":{"0":1,"1":1,"2":1,"3":1},"f":{"0":1},"b":{},"_coverageSchema":"1a1c01bbd47fc00a2c39e90264f33305004495a9","hash":"7ae6b834cb09df24e66f6303b77cec2ac6240365"}
,"/Users/lucas/Documents/GitHub/PhotoRecycleAPI/models/ecopontos.model.js": {"path":"/Users/lucas/Documents/GitHub/PhotoRecycleAPI/models/ecopontos.model.js","statementMap":{"0":{"start":{"line":1,"column":0},"end":{"line":23,"column":2}},"1":{"start":{"line":2,"column":21},"end":{"line":2,"column":29}},"2":{"start":{"line":4,"column":25},"end":{"line":19,"column":3}},"3":{"start":{"line":21,"column":19},"end":{"line":21,"column":62}},"4":{"start":{"line":22,"column":2},"end":{"line":22,"column":18}}},"fnMap":{"0":{"name":"(anonymous_0)","decl":{"start":{"line":1,"column":17},"end":{"line":1,"column":18}},"loc":{"start":{"line":1,"column":31},"end":{"line":23,"column":1}},"line":1}},"branchMap":{},"s":{"0":1,"1":1,"2":1,"3":1,"4":1},"f":{"0":1},"b":{},"_coverageSchema":"1a1c01bbd47fc00a2c39e90264f33305004495a9","hash":"a4a0c08fd3aba9e3ec32025042f7b6453a3afa70"}
,"/Users/lucas/Documents/GitHub/PhotoRecycleAPI/models/index.js": {"path":"/Users/lucas/Documents/GitHub/PhotoRecycleAPI/models/index.js","statementMap":{"0":{"start":{"line":1,"column":17},"end":{"line":1,"column":50}},"1":{"start":{"line":2,"column":17},"end":{"line":2,"column":36}},"2":{"start":{"line":3,"column":11},"end":{"line":3,"column":13}},"3":{"start":{"line":4,"column":0},"end":{"line":4,"column":23}},"4":{"start":{"line":5,"column":0},"end":{"line":5,"column":22}},"5":{"start":{"line":6,"column":0},"end":{"line":17,"column":5}},"6":{"start":{"line":12,"column":4},"end":{"line":12,"column":46}},"7":{"start":{"line":15,"column":4},"end":{"line":15,"column":56}},"8":{"start":{"line":16,"column":4},"end":{"line":16,"column":19}},"9":{"start":{"line":19,"column":0},"end":{"line":19,"column":55}},"10":{"start":{"line":20,"column":0},"end":{"line":20,"column":61}},"11":{"start":{"line":21,"column":0},"end":{"line":21,"column":55}},"12":{"start":{"line":22,"column":0},"end":{"line":22,"column":63}},"13":{"start":{"line":23,"column":0},"end":{"line":23,"column":57}},"14":{"start":{"line":24,"column":0},"end":{"line":24,"column":20}}},"fnMap":{"0":{"name":"(anonymous_0)","decl":{"start":{"line":11,"column":8},"end":{"line":11,"column":9}},"loc":{"start":{"line":11,"column":14},"end":{"line":13,"column":3}},"line":11},"1":{"name":"(anonymous_1)","decl":{"start":{"line":14,"column":9},"end":{"line":14,"column":10}},"loc":{"start":{"line":14,"column":18},"end":{"line":17,"column":3}},"line":14}},"branchMap":{},"s":{"0":1,"1":1,"2":1,"3":1,"4":1,"5":1,"6":1,"7":0,"8":0,"9":1,"10":1,"11":1,"12":1,"13":1,"14":1},"f":{"0":1,"1":0},"b":{},"_coverageSchema":"1a1c01bbd47fc00a2c39e90264f33305004495a9","hash":"d39b1dcc5356ea6ef880535c44ec411a151560b2"}
,"/Users/lucas/Documents/GitHub/PhotoRecycleAPI/models/medalhas.model.js": {"path":"/Users/lucas/Documents/GitHub/PhotoRecycleAPI/models/medalhas.model.js","statementMap":{"0":{"start":{"line":3,"column":4},"end":{"line":3,"column":24}},"1":{"start":{"line":4,"column":17},"end":{"line":4,"column":46}},"2":{"start":{"line":6,"column":21},"end":{"line":11,"column":1}},"3":{"start":{"line":13,"column":0},"end":{"line":33,"column":2}},"4":{"start":{"line":14,"column":19},"end":{"line":30,"column":6}},"5":{"start":{"line":31,"column":20},"end":{"line":31,"column":54}},"6":{"start":{"line":32,"column":4},"end":{"line":32,"column":19}}},"fnMap":{"0":{"name":"(anonymous_0)","decl":{"start":{"line":13,"column":17},"end":{"line":13,"column":18}},"loc":{"start":{"line":13,"column":31},"end":{"line":33,"column":1}},"line":13}},"branchMap":{},"s":{"0":1,"1":1,"2":1,"3":1,"4":1,"5":1,"6":1},"f":{"0":1},"b":{},"_coverageSchema":"1a1c01bbd47fc00a2c39e90264f33305004495a9","hash":"6d5fedd78bc0c1a55b8c0a91b51860f870ac01ad"}
,"/Users/lucas/Documents/GitHub/PhotoRecycleAPI/models/utilizacoes.model.js": {"path":"/Users/lucas/Documents/GitHub/PhotoRecycleAPI/models/utilizacoes.model.js","statementMap":{"0":{"start":{"line":1,"column":0},"end":{"line":31,"column":2}},"1":{"start":{"line":2,"column":17},"end":{"line":28,"column":3}},"2":{"start":{"line":29,"column":28},"end":{"line":29,"column":71}},"3":{"start":{"line":30,"column":2},"end":{"line":30,"column":27}}},"fnMap":{"0":{"name":"(anonymous_0)","decl":{"start":{"line":1,"column":17},"end":{"line":1,"column":18}},"loc":{"start":{"line":1,"column":31},"end":{"line":31,"column":1}},"line":1}},"branchMap":{},"s":{"0":1,"1":1,"2":1,"3":1},"f":{"0":1},"b":{},"_coverageSchema":"1a1c01bbd47fc00a2c39e90264f33305004495a9","hash":"b0e48fbeb36d7fe4ddff4e6ead6ee4cc0c306f5c"}
,"/Users/lucas/Documents/GitHub/PhotoRecycleAPI/models/utilizadores.model.js": {"path":"/Users/lucas/Documents/GitHub/PhotoRecycleAPI/models/utilizadores.model.js","statementMap":{"0":{"start":{"line":1,"column":16},"end":{"line":1,"column":36}},"1":{"start":{"line":2,"column":17},"end":{"line":2,"column":46}},"2":{"start":{"line":4,"column":21},"end":{"line":9,"column":1}},"3":{"start":{"line":11,"column":0},"end":{"line":86,"column":2}},"4":{"start":{"line":12,"column":21},"end":{"line":12,"column":29}},"5":{"start":{"line":14,"column":27},"end":{"line":82,"column":3}},"6":{"start":{"line":84,"column":21},"end":{"line":84,"column":69}},"7":{"start":{"line":85,"column":2},"end":{"line":85,"column":20}}},"fnMap":{"0":{"name":"(anonymous_0)","decl":{"start":{"line":11,"column":17},"end":{"line":11,"column":18}},"loc":{"start":{"line":11,"column":31},"end":{"line":86,"column":1}},"line":11}},"branchMap":{},"s":{"0":1,"1":1,"2":1,"3":1,"4":1,"5":1,"6":1,"7":1},"f":{"0":1},"b":{},"_coverageSchema":"1a1c01bbd47fc00a2c39e90264f33305004495a9","hash":"9e5922ea99a63452286d191f63436d6a71403ddd"}
,"/Users/lucas/Documents/GitHub/PhotoRecycleAPI/routes/desafios.routes.js": {"path":"/Users/lucas/Documents/GitHub/PhotoRecycleAPI/routes/desafios.routes.js","statementMap":{"0":{"start":{"line":1,"column":16},"end":{"line":1,"column":34}},"1":{"start":{"line":2,"column":15},"end":{"line":2,"column":31}},"2":{"start":{"line":4,"column":27},"end":{"line":4,"column":75}},"3":{"start":{"line":5,"column":23},"end":{"line":5,"column":64}},"4":{"start":{"line":7,"column":0},"end":{"line":14,"column":2}},"5":{"start":{"line":8,"column":18},"end":{"line":8,"column":28}},"6":{"start":{"line":9,"column":4},"end":{"line":12,"column":7}},"7":{"start":{"line":10,"column":28},"end":{"line":10,"column":55}},"8":{"start":{"line":11,"column":8},"end":{"line":11,"column":92}},"9":{"start":{"line":13,"column":4},"end":{"line":13,"column":10}},"10":{"start":{"line":16,"column":0},"end":{"line":18,"column":72}},"11":{"start":{"line":20,"column":0},"end":{"line":23,"column":74}},"12":{"start":{"line":30,"column":0},"end":{"line":34,"column":2}},"13":{"start":{"line":31,"column":4},"end":{"line":33,"column":7}},"14":{"start":{"line":36,"column":0},"end":{"line":36,"column":24}}},"fnMap":{"0":{"name":"(anonymous_0)","decl":{"start":{"line":7,"column":11},"end":{"line":7,"column":12}},"loc":{"start":{"line":7,"column":31},"end":{"line":14,"column":1}},"line":7},"1":{"name":"(anonymous_1)","decl":{"start":{"line":9,"column":21},"end":{"line":9,"column":22}},"loc":{"start":{"line":9,"column":27},"end":{"line":12,"column":5}},"line":9},"2":{"name":"(anonymous_2)","decl":{"start":{"line":30,"column":16},"end":{"line":30,"column":17}},"loc":{"start":{"line":30,"column":36},"end":{"line":34,"column":1}},"line":30}},"branchMap":{},"s":{"0":1,"1":1,"2":1,"3":1,"4":1,"5":0,"6":0,"7":0,"8":0,"9":0,"10":1,"11":1,"12":1,"13":0,"14":1},"f":{"0":0,"1":0,"2":0},"b":{},"_coverageSchema":"1a1c01bbd47fc00a2c39e90264f33305004495a9","hash":"09b6e7d4692dae99dd1cf2c864aeecd8adc04c0f"}
,"/Users/lucas/Documents/GitHub/PhotoRecycleAPI/routes/ecopontos.routes.js": {"path":"/Users/lucas/Documents/GitHub/PhotoRecycleAPI/routes/ecopontos.routes.js","statementMap":{"0":{"start":{"line":1,"column":16},"end":{"line":1,"column":34}},"1":{"start":{"line":2,"column":13},"end":{"line":2,"column":29}},"2":{"start":{"line":3,"column":28},"end":{"line":3,"column":74}},"3":{"start":{"line":4,"column":23},"end":{"line":4,"column":64}},"4":{"start":{"line":6,"column":0},"end":{"line":14,"column":3}},"5":{"start":{"line":7,"column":16},"end":{"line":7,"column":26}},"6":{"start":{"line":8,"column":2},"end":{"line":12,"column":5}},"7":{"start":{"line":10,"column":24},"end":{"line":10,"column":51}},"8":{"start":{"line":11,"column":4},"end":{"line":11,"column":88}},"9":{"start":{"line":13,"column":2},"end":{"line":13,"column":9}},"10":{"start":{"line":16,"column":15},"end":{"line":16,"column":32}},"11":{"start":{"line":17,"column":14},"end":{"line":24,"column":2}},"12":{"start":{"line":19,"column":4},"end":{"line":19,"column":25}},"13":{"start":{"line":22,"column":4},"end":{"line":22,"column":51}},"14":{"start":{"line":26,"column":21},"end":{"line":26,"column":65}},"15":{"start":{"line":28,"column":0},"end":{"line":28,"column":79}},"16":{"start":{"line":30,"column":0},"end":{"line":30,"column":90}},"17":{"start":{"line":32,"column":0},"end":{"line":32,"column":109}},"18":{"start":{"line":34,"column":0},"end":{"line":34,"column":105}},"19":{"start":{"line":36,"column":0},"end":{"line":36,"column":121}},"20":{"start":{"line":38,"column":0},"end":{"line":38,"column":96}},"21":{"start":{"line":40,"column":0},"end":{"line":42,"column":3}},"22":{"start":{"line":41,"column":2},"end":{"line":41,"column":47}},"23":{"start":{"line":44,"column":0},"end":{"line":44,"column":24}}},"fnMap":{"0":{"name":"(anonymous_0)","decl":{"start":{"line":6,"column":11},"end":{"line":6,"column":12}},"loc":{"start":{"line":6,"column":31},"end":{"line":14,"column":1}},"line":6},"1":{"name":"(anonymous_1)","decl":{"start":{"line":8,"column":19},"end":{"line":8,"column":20}},"loc":{"start":{"line":8,"column":25},"end":{"line":12,"column":3}},"line":8},"2":{"name":"(anonymous_2)","decl":{"start":{"line":18,"column":15},"end":{"line":18,"column":16}},"loc":{"start":{"line":18,"column":40},"end":{"line":20,"column":3}},"line":18},"3":{"name":"(anonymous_3)","decl":{"start":{"line":21,"column":12},"end":{"line":21,"column":13}},"loc":{"start":{"line":21,"column":37},"end":{"line":23,"column":3}},"line":21},"4":{"name":"(anonymous_4)","decl":{"start":{"line":40,"column":16},"end":{"line":40,"column":17}},"loc":{"start":{"line":40,"column":36},"end":{"line":42,"column":1}},"line":40}},"branchMap":{},"s":{"0":1,"1":1,"2":1,"3":1,"4":1,"5":0,"6":0,"7":0,"8":0,"9":0,"10":1,"11":1,"12":0,"13":0,"14":1,"15":1,"16":1,"17":1,"18":1,"19":1,"20":1,"21":1,"22":0,"23":1},"f":{"0":0,"1":0,"2":0,"3":0,"4":0},"b":{},"_coverageSchema":"1a1c01bbd47fc00a2c39e90264f33305004495a9","hash":"993cc927a987851e32660e9439c9ffc56e603aaf"}
,"/Users/lucas/Documents/GitHub/PhotoRecycleAPI/routes/medalhas.routes.js": {"path":"/Users/lucas/Documents/GitHub/PhotoRecycleAPI/routes/medalhas.routes.js","statementMap":{"0":{"start":{"line":1,"column":16},"end":{"line":1,"column":34}},"1":{"start":{"line":2,"column":15},"end":{"line":2,"column":31}},"2":{"start":{"line":4,"column":27},"end":{"line":4,"column":75}},"3":{"start":{"line":5,"column":23},"end":{"line":5,"column":64}},"4":{"start":{"line":7,"column":0},"end":{"line":15,"column":1}},"5":{"start":{"line":8,"column":18},"end":{"line":8,"column":28}},"6":{"start":{"line":9,"column":4},"end":{"line":12,"column":7}},"7":{"start":{"line":10,"column":28},"end":{"line":10,"column":55}},"8":{"start":{"line":11,"column":8},"end":{"line":11,"column":92}},"9":{"start":{"line":13,"column":4},"end":{"line":13,"column":10}},"10":{"start":{"line":17,"column":0},"end":{"line":19,"column":72}},"11":{"start":{"line":21,"column":0},"end":{"line":24,"column":74}},"12":{"start":{"line":26,"column":0},"end":{"line":31,"column":1}},"13":{"start":{"line":27,"column":4},"end":{"line":29,"column":7}},"14":{"start":{"line":33,"column":0},"end":{"line":33,"column":24}}},"fnMap":{"0":{"name":"(anonymous_0)","decl":{"start":{"line":7,"column":11},"end":{"line":7,"column":12}},"loc":{"start":{"line":7,"column":31},"end":{"line":14,"column":1}},"line":7},"1":{"name":"(anonymous_1)","decl":{"start":{"line":9,"column":21},"end":{"line":9,"column":22}},"loc":{"start":{"line":9,"column":27},"end":{"line":12,"column":5}},"line":9},"2":{"name":"(anonymous_2)","decl":{"start":{"line":26,"column":16},"end":{"line":26,"column":17}},"loc":{"start":{"line":26,"column":36},"end":{"line":30,"column":1}},"line":26}},"branchMap":{},"s":{"0":1,"1":1,"2":1,"3":1,"4":1,"5":0,"6":0,"7":0,"8":0,"9":0,"10":1,"11":1,"12":1,"13":0,"14":1},"f":{"0":0,"1":0,"2":0},"b":{},"_coverageSchema":"1a1c01bbd47fc00a2c39e90264f33305004495a9","hash":"2274d7c1d1d8b6e44270e6e70642ae60edaac9c5"}
,"/Users/lucas/Documents/GitHub/PhotoRecycleAPI/routes/utilizacoes.routes.js": {"path":"/Users/lucas/Documents/GitHub/PhotoRecycleAPI/routes/utilizacoes.routes.js","statementMap":{"0":{"start":{"line":1,"column":16},"end":{"line":1,"column":34}},"1":{"start":{"line":2,"column":15},"end":{"line":2,"column":31}},"2":{"start":{"line":4,"column":36},"end":{"line":4,"column":87}},"3":{"start":{"line":5,"column":23},"end":{"line":5,"column":67}},"4":{"start":{"line":7,"column":0},"end":{"line":15,"column":1}},"5":{"start":{"line":8,"column":18},"end":{"line":8,"column":28}},"6":{"start":{"line":9,"column":4},"end":{"line":12,"column":7}},"7":{"start":{"line":10,"column":28},"end":{"line":10,"column":55}},"8":{"start":{"line":11,"column":8},"end":{"line":11,"column":92}},"9":{"start":{"line":13,"column":4},"end":{"line":13,"column":10}},"10":{"start":{"line":17,"column":15},"end":{"line":17,"column":32}},"11":{"start":{"line":18,"column":14},"end":{"line":25,"column":2}},"12":{"start":{"line":20,"column":4},"end":{"line":20,"column":25}},"13":{"start":{"line":23,"column":4},"end":{"line":23,"column":51}},"14":{"start":{"line":27,"column":21},"end":{"line":27,"column":65}},"15":{"start":{"line":29,"column":0},"end":{"line":31,"column":98}},"16":{"start":{"line":34,"column":0},"end":{"line":35,"column":101}},"17":{"start":{"line":38,"column":0},"end":{"line":39,"column":104}},"18":{"start":{"line":41,"column":0},"end":{"line":44,"column":93}},"19":{"start":{"line":47,"column":0},"end":{"line":48,"column":91}},"20":{"start":{"line":52,"column":0},"end":{"line":56,"column":2}},"21":{"start":{"line":53,"column":4},"end":{"line":55,"column":7}},"22":{"start":{"line":58,"column":0},"end":{"line":58,"column":24}}},"fnMap":{"0":{"name":"(anonymous_0)","decl":{"start":{"line":7,"column":11},"end":{"line":7,"column":12}},"loc":{"start":{"line":7,"column":31},"end":{"line":14,"column":1}},"line":7},"1":{"name":"(anonymous_1)","decl":{"start":{"line":9,"column":21},"end":{"line":9,"column":22}},"loc":{"start":{"line":9,"column":27},"end":{"line":12,"column":5}},"line":9},"2":{"name":"(anonymous_2)","decl":{"start":{"line":19,"column":15},"end":{"line":19,"column":16}},"loc":{"start":{"line":19,"column":40},"end":{"line":21,"column":3}},"line":19},"3":{"name":"(anonymous_3)","decl":{"start":{"line":22,"column":12},"end":{"line":22,"column":13}},"loc":{"start":{"line":22,"column":37},"end":{"line":24,"column":3}},"line":22},"4":{"name":"(anonymous_4)","decl":{"start":{"line":52,"column":16},"end":{"line":52,"column":17}},"loc":{"start":{"line":52,"column":36},"end":{"line":56,"column":1}},"line":52}},"branchMap":{},"s":{"0":1,"1":1,"2":1,"3":1,"4":1,"5":0,"6":0,"7":0,"8":0,"9":0,"10":1,"11":1,"12":0,"13":0,"14":1,"15":1,"16":1,"17":1,"18":1,"19":1,"20":1,"21":0,"22":1},"f":{"0":0,"1":0,"2":0,"3":0,"4":0},"b":{},"_coverageSchema":"1a1c01bbd47fc00a2c39e90264f33305004495a9","hash":"0760c940e804ae2078f59f08350fc2b52cc327ac"}
,"/Users/lucas/Documents/GitHub/PhotoRecycleAPI/routes/utilizadores.routes.js": {"path":"/Users/lucas/Documents/GitHub/PhotoRecycleAPI/routes/utilizadores.routes.js","statementMap":{"0":{"start":{"line":1,"column":16},"end":{"line":1,"column":34}},"1":{"start":{"line":2,"column":13},"end":{"line":2,"column":29}},"2":{"start":{"line":3,"column":31},"end":{"line":3,"column":80}},"3":{"start":{"line":4,"column":23},"end":{"line":4,"column":64}},"4":{"start":{"line":6,"column":0},"end":{"line":13,"column":2}},"5":{"start":{"line":7,"column":18},"end":{"line":7,"column":28}},"6":{"start":{"line":8,"column":4},"end":{"line":11,"column":7}},"7":{"start":{"line":9,"column":28},"end":{"line":9,"column":55}},"8":{"start":{"line":10,"column":8},"end":{"line":10,"column":92}},"9":{"start":{"line":12,"column":4},"end":{"line":12,"column":10}},"10":{"start":{"line":15,"column":0},"end":{"line":17,"column":41}},"11":{"start":{"line":19,"column":0},"end":{"line":20,"column":69}},"12":{"start":{"line":22,"column":0},"end":{"line":23,"column":39}},"13":{"start":{"line":27,"column":0},"end":{"line":30,"column":74}},"14":{"start":{"line":32,"column":0},"end":{"line":33,"column":68}},"15":{"start":{"line":36,"column":0},"end":{"line":40,"column":2}},"16":{"start":{"line":37,"column":4},"end":{"line":39,"column":7}},"17":{"start":{"line":42,"column":0},"end":{"line":42,"column":24}}},"fnMap":{"0":{"name":"(anonymous_0)","decl":{"start":{"line":6,"column":11},"end":{"line":6,"column":12}},"loc":{"start":{"line":6,"column":31},"end":{"line":13,"column":1}},"line":6},"1":{"name":"(anonymous_1)","decl":{"start":{"line":8,"column":21},"end":{"line":8,"column":22}},"loc":{"start":{"line":8,"column":27},"end":{"line":11,"column":5}},"line":8},"2":{"name":"(anonymous_2)","decl":{"start":{"line":36,"column":16},"end":{"line":36,"column":17}},"loc":{"start":{"line":36,"column":36},"end":{"line":40,"column":1}},"line":36}},"branchMap":{},"s":{"0":1,"1":1,"2":1,"3":1,"4":1,"5":18,"6":18,"7":18,"8":18,"9":18,"10":1,"11":1,"12":1,"13":1,"14":1,"15":1,"16":0,"17":1},"f":{"0":18,"1":18,"2":0},"b":{},"_coverageSchema":"1a1c01bbd47fc00a2c39e90264f33305004495a9","hash":"02dd756ec15f6f9733170eb688f8e0549cacb124"}
}
