{"/Users/lucas/Documents/GitHub/PhotoRecycleAPI/index.js": {"path":"/Users/lucas/Documents/GitHub/PhotoRecycleAPI/index.js","statementMap":{"0":{"start":{"line":1,"column":0},"end":{"line":1,"column":27}},"1":{"start":{"line":2,"column":16},"end":{"line":2,"column":34}},"2":{"start":{"line":3,"column":13},"end":{"line":3,"column":28}},"3":{"start":{"line":4,"column":12},"end":{"line":4,"column":21}},"4":{"start":{"line":5,"column":13},"end":{"line":5,"column":29}},"5":{"start":{"line":6,"column":13},"end":{"line":6,"column":29}},"6":{"start":{"line":7,"column":0},"end":{"line":7,"column":16}},"7":{"start":{"line":8,"column":0},"end":{"line":8,"column":24}},"8":{"start":{"line":10,"column":0},"end":{"line":14,"column":3}},"9":{"start":{"line":11,"column":2},"end":{"line":13,"column":5}},"10":{"start":{"line":17,"column":0},"end":{"line":17,"column":61}},"11":{"start":{"line":18,"column":0},"end":{"line":18,"column":67}},"12":{"start":{"line":19,"column":0},"end":{"line":19,"column":61}},"13":{"start":{"line":20,"column":0},"end":{"line":20,"column":62}},"14":{"start":{"line":21,"column":0},"end":{"line":21,"column":63}},"15":{"start":{"line":24,"column":0},"end":{"line":28,"column":3}},"16":{"start":{"line":25,"column":2},"end":{"line":27,"column":5}},"17":{"start":{"line":30,"column":15},"end":{"line":32,"column":1}},"18":{"start":{"line":31,"column":2},"end":{"line":31,"column":57}},"19":{"start":{"line":34,"column":0},"end":{"line":34,"column":33}}},"fnMap":{"0":{"name":"(anonymous_0)","decl":{"start":{"line":10,"column":13},"end":{"line":10,"column":14}},"loc":{"start":{"line":10,"column":33},"end":{"line":14,"column":1}},"line":10},"1":{"name":"(anonymous_1)","decl":{"start":{"line":24,"column":13},"end":{"line":24,"column":14}},"loc":{"start":{"line":24,"column":33},"end":{"line":28,"column":1}},"line":24},"2":{"name":"(anonymous_2)","decl":{"start":{"line":30,"column":38},"end":{"line":30,"column":39}},"loc":{"start":{"line":31,"column":2},"end":{"line":31,"column":57}},"line":31}},"branchMap":{},"s":{"0":4,"1":4,"2":4,"3":4,"4":4,"5":4,"6":4,"7":4,"8":4,"9":0,"10":4,"11":4,"12":4,"13":4,"14":4,"15":4,"16":0,"17":4,"18":4,"19":4},"f":{"0":0,"1":0,"2":4},"b":{},"_coverageSchema":"1a1c01bbd47fc00a2c39e90264f33305004495a9","hash":"6443558e7aedb0aaa9401956128e54e704ac792c"}
,"/Users/lucas/Documents/GitHub/PhotoRecycleAPI/config/db.config.js": {"path":"/Users/lucas/Documents/GitHub/PhotoRecycleAPI/config/db.config.js","statementMap":{"0":{"start":{"line":1,"column":15},"end":{"line":12,"column":1}},"1":{"start":{"line":13,"column":0},"end":{"line":14,"column":2}},"2":{"start":{"line":15,"column":0},"end":{"line":15,"column":24}}},"fnMap":{},"branchMap":{"0":{"loc":{"start":{"line":4,"column":8},"end":{"line":4,"column":45}},"type":"binary-expr","locations":[{"start":{"line":4,"column":8},"end":{"line":4,"column":27}},{"start":{"line":4,"column":31},"end":{"line":4,"column":45}}],"line":4},"1":{"loc":{"start":{"line":5,"column":12},"end":{"line":5,"column":50}},"type":"binary-expr","locations":[{"start":{"line":5,"column":12},"end":{"line":5,"column":35}},{"start":{"line":5,"column":39},"end":{"line":5,"column":50}}],"line":5},"2":{"loc":{"start":{"line":6,"column":6},"end":{"line":6,"column":45}},"type":"binary-expr","locations":[{"start":{"line":6,"column":6},"end":{"line":6,"column":25}},{"start":{"line":6,"column":29},"end":{"line":6,"column":45}}],"line":6}},"s":{"0":4,"1":4,"2":4},"f":{},"b":{"0":[4,0],"1":[4,0],"2":[4,0]},"_coverageSchema":"1a1c01bbd47fc00a2c39e90264f33305004495a9","hash":"9223b6b26398989e102f2b1a0414019c52295492"}
,"/Users/lucas/Documents/GitHub/PhotoRecycleAPI/controllers/auth.controller.js": {"path":"/Users/lucas/Documents/GitHub/PhotoRecycleAPI/controllers/auth.controller.js","statementMap":{"0":{"start":{"line":1,"column":12},"end":{"line":1,"column":35}},"1":{"start":{"line":2,"column":15},"end":{"line":2,"column":48}},"2":{"start":{"line":4,"column":0},"end":{"line":29,"column":2}},"3":{"start":{"line":5,"column":19},"end":{"line":5,"column":77}},"4":{"start":{"line":6,"column":4},"end":{"line":11,"column":5}},"5":{"start":{"line":7,"column":8},"end":{"line":10,"column":11}},"6":{"start":{"line":13,"column":19},"end":{"line":13,"column":36}},"7":{"start":{"line":14,"column":18},"end":{"line":14,"column":27}},"8":{"start":{"line":16,"column":4},"end":{"line":28,"column":5}},"9":{"start":{"line":17,"column":22},"end":{"line":17,"column":54}},"10":{"start":{"line":18,"column":8},"end":{"line":18,"column":38}},"11":{"start":{"line":19,"column":8},"end":{"line":19,"column":42}},"12":{"start":{"line":20,"column":8},"end":{"line":20,"column":50}},"13":{"start":{"line":21,"column":8},"end":{"line":21,"column":15}},"14":{"start":{"line":24,"column":8},"end":{"line":27,"column":11}}},"fnMap":{"0":{"name":"(anonymous_0)","decl":{"start":{"line":4,"column":22},"end":{"line":4,"column":23}},"loc":{"start":{"line":4,"column":48},"end":{"line":29,"column":1}},"line":4}},"branchMap":{"0":{"loc":{"start":{"line":5,"column":19},"end":{"line":5,"column":77}},"type":"binary-expr","locations":[{"start":{"line":5,"column":19},"end":{"line":5,"column":48}},{"start":{"line":5,"column":52},"end":{"line":5,"column":77}}],"line":5},"1":{"loc":{"start":{"line":6,"column":4},"end":{"line":11,"column":5}},"type":"if","locations":[{"start":{"line":6,"column":4},"end":{"line":11,"column":5}},{"start":{},"end":{}}],"line":6}},"s":{"0":4,"1":4,"2":4,"3":50,"4":50,"5":0,"6":50,"7":50,"8":50,"9":50,"10":50,"11":50,"12":50,"13":50,"14":0},"f":{"0":50},"b":{"0":[50,50],"1":[0,50]},"_coverageSchema":"1a1c01bbd47fc00a2c39e90264f33305004495a9","hash":"e96f7d2e5d696f1483366c971a0a3652f943c561"}
,"/Users/lucas/Documents/GitHub/PhotoRecycleAPI/controllers/desafios.controller.js": {"path":"/Users/lucas/Documents/GitHub/PhotoRecycleAPI/controllers/desafios.controller.js","statementMap":{"0":{"start":{"line":1,"column":11},"end":{"line":1,"column":31}},"1":{"start":{"line":2,"column":16},"end":{"line":2,"column":27}},"2":{"start":{"line":5,"column":0},"end":{"line":25,"column":2}},"3":{"start":{"line":6,"column":15},"end":{"line":6,"column":29}},"4":{"start":{"line":7,"column":20},"end":{"line":11,"column":8}},"5":{"start":{"line":13,"column":2},"end":{"line":24,"column":3}},"6":{"start":{"line":14,"column":15},"end":{"line":14,"column":87}},"7":{"start":{"line":15,"column":4},"end":{"line":18,"column":7}},"8":{"start":{"line":20,"column":4},"end":{"line":23,"column":7}},"9":{"start":{"line":28,"column":0},"end":{"line":76,"column":2}},"10":{"start":{"line":29,"column":18},"end":{"line":33,"column":4}},"11":{"start":{"line":36,"column":24},"end":{"line":38,"column":4}},"12":{"start":{"line":39,"column":2},"end":{"line":44,"column":3}},"13":{"start":{"line":40,"column":4},"end":{"line":43,"column":7}},"14":{"start":{"line":46,"column":2},"end":{"line":75,"column":3}},"15":{"start":{"line":47,"column":4},"end":{"line":52,"column":5}},"16":{"start":{"line":48,"column":6},"end":{"line":51,"column":9}},"17":{"start":{"line":54,"column":4},"end":{"line":54,"column":25}},"18":{"start":{"line":55,"column":4},"end":{"line":59,"column":7}},"19":{"start":{"line":61,"column":4},"end":{"line":70,"column":5}},"20":{"start":{"line":62,"column":19},"end":{"line":62,"column":21}},"21":{"start":{"line":63,"column":6},"end":{"line":65,"column":9}},"22":{"start":{"line":64,"column":8},"end":{"line":64,"column":45}},"23":{"start":{"line":66,"column":6},"end":{"line":69,"column":9}},"24":{"start":{"line":71,"column":4},"end":{"line":74,"column":7}},"25":{"start":{"line":79,"column":0},"end":{"line":100,"column":2}},"26":{"start":{"line":80,"column":20},"end":{"line":80,"column":40}},"27":{"start":{"line":82,"column":2},"end":{"line":99,"column":3}},"28":{"start":{"line":83,"column":20},"end":{"line":83,"column":96}},"29":{"start":{"line":84,"column":4},"end":{"line":89,"column":5}},"30":{"start":{"line":85,"column":6},"end":{"line":88,"column":9}},"31":{"start":{"line":90,"column":4},"end":{"line":93,"column":7}},"32":{"start":{"line":95,"column":4},"end":{"line":98,"column":7}},"33":{"start":{"line":103,"column":0},"end":{"line":140,"column":2}},"34":{"start":{"line":104,"column":2},"end":{"line":110,"column":3}},"35":{"start":{"line":105,"column":4},"end":{"line":108,"column":7}},"36":{"start":{"line":109,"column":4},"end":{"line":109,"column":11}},"37":{"start":{"line":112,"column":2},"end":{"line":139,"column":3}},"38":{"start":{"line":113,"column":4},"end":{"line":118,"column":5}},"39":{"start":{"line":114,"column":6},"end":{"line":117,"column":9}},"40":{"start":{"line":120,"column":20},"end":{"line":122,"column":13}},"41":{"start":{"line":123,"column":4},"end":{"line":133,"column":5}},"42":{"start":{"line":124,"column":6},"end":{"line":127,"column":9}},"43":{"start":{"line":129,"column":6},"end":{"line":132,"column":9}},"44":{"start":{"line":135,"column":4},"end":{"line":138,"column":7}},"45":{"start":{"line":143,"column":0},"end":{"line":170,"column":2}},"46":{"start":{"line":144,"column":2},"end":{"line":169,"column":3}},"47":{"start":{"line":145,"column":4},"end":{"line":150,"column":5}},"48":{"start":{"line":146,"column":6},"end":{"line":149,"column":9}},"49":{"start":{"line":152,"column":20},"end":{"line":152,"column":80}},"50":{"start":{"line":153,"column":4},"end":{"line":163,"column":5}},"51":{"start":{"line":154,"column":6},"end":{"line":157,"column":9}},"52":{"start":{"line":159,"column":6},"end":{"line":162,"column":9}},"53":{"start":{"line":165,"column":4},"end":{"line":168,"column":7}}},"fnMap":{"0":{"name":"(anonymous_0)","decl":{"start":{"line":5,"column":26},"end":{"line":5,"column":27}},"loc":{"start":{"line":5,"column":46},"end":{"line":25,"column":1}},"line":5},"1":{"name":"(anonymous_1)","decl":{"start":{"line":28,"column":24},"end":{"line":28,"column":25}},"loc":{"start":{"line":28,"column":44},"end":{"line":76,"column":1}},"line":28},"2":{"name":"(anonymous_2)","decl":{"start":{"line":63,"column":38},"end":{"line":63,"column":39}},"loc":{"start":{"line":63,"column":47},"end":{"line":65,"column":7}},"line":63},"3":{"name":"(anonymous_3)","decl":{"start":{"line":79,"column":25},"end":{"line":79,"column":26}},"loc":{"start":{"line":79,"column":45},"end":{"line":100,"column":1}},"line":79},"4":{"name":"(anonymous_4)","decl":{"start":{"line":103,"column":24},"end":{"line":103,"column":25}},"loc":{"start":{"line":103,"column":44},"end":{"line":140,"column":1}},"line":103},"5":{"name":"(anonymous_5)","decl":{"start":{"line":143,"column":24},"end":{"line":143,"column":25}},"loc":{"start":{"line":143,"column":44},"end":{"line":170,"column":1}},"line":143}},"branchMap":{"0":{"loc":{"start":{"line":7,"column":20},"end":{"line":11,"column":8}},"type":"cond-expr","locations":[{"start":{"line":8,"column":6},"end":{"line":10,"column":7}},{"start":{"line":11,"column":6},"end":{"line":11,"column":8}}],"line":7},"1":{"loc":{"start":{"line":22,"column":11},"end":{"line":22,"column":83}},"type":"binary-expr","locations":[{"start":{"line":22,"column":11},"end":{"line":22,"column":22}},{"start":{"line":22,"column":26},"end":{"line":22,"column":83}}],"line":22},"2":{"loc":{"start":{"line":39,"column":2},"end":{"line":44,"column":3}},"type":"if","locations":[{"start":{"line":39,"column":2},"end":{"line":44,"column":3}},{"start":{},"end":{}}],"line":39},"3":{"loc":{"start":{"line":47,"column":4},"end":{"line":52,"column":5}},"type":"if","locations":[{"start":{"line":47,"column":4},"end":{"line":52,"column":5}},{"start":{},"end":{}}],"line":47},"4":{"loc":{"start":{"line":61,"column":4},"end":{"line":70,"column":5}},"type":"if","locations":[{"start":{"line":61,"column":4},"end":{"line":70,"column":5}},{"start":{},"end":{}}],"line":61},"5":{"loc":{"start":{"line":73,"column":11},"end":{"line":73,"column":84}},"type":"binary-expr","locations":[{"start":{"line":73,"column":11},"end":{"line":73,"column":22}},{"start":{"line":73,"column":26},"end":{"line":73,"column":84}}],"line":73},"6":{"loc":{"start":{"line":84,"column":4},"end":{"line":89,"column":5}},"type":"if","locations":[{"start":{"line":84,"column":4},"end":{"line":89,"column":5}},{"start":{},"end":{}}],"line":84},"7":{"loc":{"start":{"line":104,"column":2},"end":{"line":110,"column":3}},"type":"if","locations":[{"start":{"line":104,"column":2},"end":{"line":110,"column":3}},{"start":{},"end":{}}],"line":104},"8":{"loc":{"start":{"line":104,"column":6},"end":{"line":104,"column":33}},"type":"binary-expr","locations":[{"start":{"line":104,"column":6},"end":{"line":104,"column":15}},{"start":{"line":104,"column":19},"end":{"line":104,"column":33}}],"line":104},"9":{"loc":{"start":{"line":113,"column":4},"end":{"line":118,"column":5}},"type":"if","locations":[{"start":{"line":113,"column":4},"end":{"line":118,"column":5}},{"start":{},"end":{}}],"line":113},"10":{"loc":{"start":{"line":123,"column":4},"end":{"line":133,"column":5}},"type":"if","locations":[{"start":{"line":123,"column":4},"end":{"line":133,"column":5}},{"start":{"line":128,"column":11},"end":{"line":133,"column":5}}],"line":123},"11":{"loc":{"start":{"line":145,"column":4},"end":{"line":150,"column":5}},"type":"if","locations":[{"start":{"line":145,"column":4},"end":{"line":150,"column":5}},{"start":{},"end":{}}],"line":145},"12":{"loc":{"start":{"line":153,"column":4},"end":{"line":163,"column":5}},"type":"if","locations":[{"start":{"line":153,"column":4},"end":{"line":163,"column":5}},{"start":{"line":158,"column":11},"end":{"line":163,"column":5}}],"line":153}},"s":{"0":4,"1":4,"2":4,"3":1,"4":1,"5":1,"6":1,"7":1,"8":0,"9":4,"10":4,"11":4,"12":4,"13":1,"14":3,"15":3,"16":1,"17":2,"18":1,"19":1,"20":1,"21":1,"22":3,"23":1,"24":0,"25":4,"26":2,"27":2,"28":2,"29":2,"30":1,"31":1,"32":0,"33":4,"34":4,"35":1,"36":0,"37":3,"38":3,"39":1,"40":2,"41":2,"42":1,"43":1,"44":0,"45":4,"46":3,"47":3,"48":1,"49":2,"50":2,"51":1,"52":1,"53":0},"f":{"0":1,"1":4,"2":3,"3":2,"4":4,"5":3},"b":{"0":[0,1],"1":[0,0],"2":[1,3],"3":[1,2],"4":[1,0],"5":[0,0],"6":[1,1],"7":[1,3],"8":[4,4],"9":[1,2],"10":[1,1],"11":[1,2],"12":[1,1]},"_coverageSchema":"1a1c01bbd47fc00a2c39e90264f33305004495a9","hash":"10edb80d3f812fa3d962e72775e4936627c720e0"}
,"/Users/lucas/Documents/GitHub/PhotoRecycleAPI/controllers/ecopontos.controller.js": {"path":"/Users/lucas/Documents/GitHub/PhotoRecycleAPI/controllers/ecopontos.controller.js","statementMap":{"0":{"start":{"line":1,"column":11},"end":{"line":1,"column":31}},"1":{"start":{"line":2,"column":17},"end":{"line":2,"column":29}},"2":{"start":{"line":3,"column":26},"end":{"line":3,"column":40}},"3":{"start":{"line":4,"column":13},"end":{"line":4,"column":28}},"4":{"start":{"line":6,"column":15},"end":{"line":6,"column":48}},"5":{"start":{"line":7,"column":19},"end":{"line":7,"column":43}},"6":{"start":{"line":9,"column":0},"end":{"line":13,"column":3}},"7":{"start":{"line":15,"column":0},"end":{"line":38,"column":2}},"8":{"start":{"line":16,"column":15},"end":{"line":16,"column":29}},"9":{"start":{"line":18,"column":20},"end":{"line":20,"column":8}},"10":{"start":{"line":21,"column":2},"end":{"line":37,"column":3}},"11":{"start":{"line":23,"column":20},"end":{"line":27,"column":13}},"12":{"start":{"line":28,"column":4},"end":{"line":31,"column":7}},"13":{"start":{"line":33,"column":4},"end":{"line":36,"column":7}},"14":{"start":{"line":40,"column":0},"end":{"line":60,"column":2}},"15":{"start":{"line":41,"column":2},"end":{"line":59,"column":3}},"16":{"start":{"line":43,"column":21},"end":{"line":43,"column":74}},"17":{"start":{"line":45,"column":4},"end":{"line":49,"column":9}},"18":{"start":{"line":46,"column":6},"end":{"line":49,"column":9}},"19":{"start":{"line":50,"column":4},"end":{"line":53,"column":7}},"20":{"start":{"line":55,"column":4},"end":{"line":58,"column":7}},"21":{"start":{"line":63,"column":0},"end":{"line":105,"column":2}},"22":{"start":{"line":64,"column":2},"end":{"line":69,"column":3}},"23":{"start":{"line":65,"column":4},"end":{"line":68,"column":7}},"24":{"start":{"line":71,"column":2},"end":{"line":104,"column":3}},"25":{"start":{"line":72,"column":21},"end":{"line":77,"column":6}},"26":{"start":{"line":78,"column":4},"end":{"line":83,"column":5}},"27":{"start":{"line":79,"column":6},"end":{"line":82,"column":9}},"28":{"start":{"line":84,"column":4},"end":{"line":87,"column":7}},"29":{"start":{"line":90,"column":23},"end":{"line":90,"column":67}},"30":{"start":{"line":91,"column":4},"end":{"line":91,"column":28}},"31":{"start":{"line":93,"column":4},"end":{"line":93,"column":28}},"32":{"start":{"line":94,"column":4},"end":{"line":97,"column":7}},"33":{"start":{"line":100,"column":4},"end":{"line":103,"column":7}},"34":{"start":{"line":108,"column":0},"end":{"line":158,"column":2}},"35":{"start":{"line":109,"column":2},"end":{"line":157,"column":3}},"36":{"start":{"line":110,"column":23},"end":{"line":110,"column":36}},"37":{"start":{"line":112,"column":21},"end":{"line":112,"column":63}},"38":{"start":{"line":114,"column":27},"end":{"line":114,"column":31}},"39":{"start":{"line":115,"column":4},"end":{"line":125,"column":5}},"40":{"start":{"line":116,"column":6},"end":{"line":119,"column":8}},"41":{"start":{"line":121,"column":6},"end":{"line":124,"column":9}},"42":{"start":{"line":128,"column":30},"end":{"line":134,"column":6}},"43":{"start":{"line":137,"column":4},"end":{"line":137,"column":35}},"44":{"start":{"line":139,"column":4},"end":{"line":144,"column":5}},"45":{"start":{"line":140,"column":6},"end":{"line":143,"column":9}},"46":{"start":{"line":145,"column":4},"end":{"line":150,"column":7}},"47":{"start":{"line":153,"column":4},"end":{"line":156,"column":7}},"48":{"start":{"line":161,"column":0},"end":{"line":250,"column":1}},"49":{"start":{"line":163,"column":2},"end":{"line":249,"column":3}},"50":{"start":{"line":165,"column":20},"end":{"line":165,"column":71}},"51":{"start":{"line":166,"column":4},"end":{"line":171,"column":5}},"52":{"start":{"line":167,"column":6},"end":{"line":170,"column":9}},"53":{"start":{"line":174,"column":4},"end":{"line":185,"column":5}},"54":{"start":{"line":181,"column":6},"end":{"line":184,"column":9}},"55":{"start":{"line":188,"column":25},"end":{"line":188,"column":29}},"56":{"start":{"line":189,"column":4},"end":{"line":199,"column":5}},"57":{"start":{"line":190,"column":6},"end":{"line":193,"column":9}},"58":{"start":{"line":195,"column":6},"end":{"line":198,"column":9}},"59":{"start":{"line":202,"column":27},"end":{"line":214,"column":6}},"60":{"start":{"line":217,"column":4},"end":{"line":225,"column":5}},"61":{"start":{"line":219,"column":6},"end":{"line":219,"column":48}},"62":{"start":{"line":221,"column":6},"end":{"line":224,"column":9}},"63":{"start":{"line":228,"column":4},"end":{"line":228,"column":32}},"64":{"start":{"line":229,"column":4},"end":{"line":233,"column":7}},"65":{"start":{"line":235,"column":4},"end":{"line":244,"column":5}},"66":{"start":{"line":236,"column":19},"end":{"line":236,"column":21}},"67":{"start":{"line":237,"column":6},"end":{"line":239,"column":9}},"68":{"start":{"line":238,"column":8},"end":{"line":238,"column":45}},"69":{"start":{"line":240,"column":6},"end":{"line":243,"column":9}},"70":{"start":{"line":245,"column":4},"end":{"line":248,"column":7}},"71":{"start":{"line":252,"column":0},"end":{"line":278,"column":2}},"72":{"start":{"line":253,"column":2},"end":{"line":277,"column":3}},"73":{"start":{"line":254,"column":4},"end":{"line":259,"column":5}},"74":{"start":{"line":255,"column":6},"end":{"line":258,"column":9}},"75":{"start":{"line":261,"column":21},"end":{"line":261,"column":75}},"76":{"start":{"line":263,"column":4},"end":{"line":267,"column":9}},"77":{"start":{"line":264,"column":6},"end":{"line":267,"column":9}},"78":{"start":{"line":268,"column":4},"end":{"line":271,"column":7}},"79":{"start":{"line":273,"column":4},"end":{"line":276,"column":7}}},"fnMap":{"0":{"name":"(anonymous_0)","decl":{"start":{"line":15,"column":18},"end":{"line":15,"column":19}},"loc":{"start":{"line":15,"column":38},"end":{"line":38,"column":1}},"line":15},"1":{"name":"(anonymous_1)","decl":{"start":{"line":40,"column":18},"end":{"line":40,"column":19}},"loc":{"start":{"line":40,"column":38},"end":{"line":60,"column":1}},"line":40},"2":{"name":"(anonymous_2)","decl":{"start":{"line":63,"column":27},"end":{"line":63,"column":28}},"loc":{"start":{"line":63,"column":47},"end":{"line":105,"column":1}},"line":63},"3":{"name":"(anonymous_3)","decl":{"start":{"line":108,"column":22},"end":{"line":108,"column":23}},"loc":{"start":{"line":108,"column":42},"end":{"line":158,"column":1}},"line":108},"4":{"name":"(anonymous_4)","decl":{"start":{"line":161,"column":31},"end":{"line":161,"column":32}},"loc":{"start":{"line":161,"column":51},"end":{"line":250,"column":1}},"line":161},"5":{"name":"(anonymous_5)","decl":{"start":{"line":237,"column":38},"end":{"line":237,"column":39}},"loc":{"start":{"line":237,"column":47},"end":{"line":239,"column":7}},"line":237},"6":{"name":"(anonymous_6)","decl":{"start":{"line":252,"column":29},"end":{"line":252,"column":30}},"loc":{"start":{"line":252,"column":49},"end":{"line":278,"column":1}},"line":252}},"branchMap":{"0":{"loc":{"start":{"line":18,"column":20},"end":{"line":20,"column":8}},"type":"cond-expr","locations":[{"start":{"line":18,"column":27},"end":{"line":20,"column":3}},{"start":{"line":20,"column":6},"end":{"line":20,"column":8}}],"line":18},"1":{"loc":{"start":{"line":35,"column":11},"end":{"line":35,"column":83}},"type":"binary-expr","locations":[{"start":{"line":35,"column":11},"end":{"line":35,"column":22}},{"start":{"line":35,"column":26},"end":{"line":35,"column":83}}],"line":35},"2":{"loc":{"start":{"line":45,"column":4},"end":{"line":49,"column":9}},"type":"if","locations":[{"start":{"line":45,"column":4},"end":{"line":49,"column":9}},{"start":{},"end":{}}],"line":45},"3":{"loc":{"start":{"line":64,"column":2},"end":{"line":69,"column":3}},"type":"if","locations":[{"start":{"line":64,"column":2},"end":{"line":69,"column":3}},{"start":{},"end":{}}],"line":64},"4":{"loc":{"start":{"line":78,"column":4},"end":{"line":83,"column":5}},"type":"if","locations":[{"start":{"line":78,"column":4},"end":{"line":83,"column":5}},{"start":{},"end":{}}],"line":78},"5":{"loc":{"start":{"line":102,"column":11},"end":{"line":102,"column":83}},"type":"binary-expr","locations":[{"start":{"line":102,"column":11},"end":{"line":102,"column":22}},{"start":{"line":102,"column":26},"end":{"line":102,"column":83}}],"line":102},"6":{"loc":{"start":{"line":115,"column":4},"end":{"line":125,"column":5}},"type":"if","locations":[{"start":{"line":115,"column":4},"end":{"line":125,"column":5}},{"start":{"line":120,"column":11},"end":{"line":125,"column":5}}],"line":115},"7":{"loc":{"start":{"line":139,"column":4},"end":{"line":144,"column":5}},"type":"if","locations":[{"start":{"line":139,"column":4},"end":{"line":144,"column":5}},{"start":{},"end":{}}],"line":139},"8":{"loc":{"start":{"line":166,"column":4},"end":{"line":171,"column":5}},"type":"if","locations":[{"start":{"line":166,"column":4},"end":{"line":171,"column":5}},{"start":{},"end":{}}],"line":166},"9":{"loc":{"start":{"line":174,"column":4},"end":{"line":185,"column":5}},"type":"if","locations":[{"start":{"line":174,"column":4},"end":{"line":185,"column":5}},{"start":{},"end":{}}],"line":174},"10":{"loc":{"start":{"line":174,"column":8},"end":{"line":180,"column":20}},"type":"binary-expr","locations":[{"start":{"line":174,"column":8},"end":{"line":174,"column":22}},{"start":{"line":175,"column":6},"end":{"line":175,"column":22}},{"start":{"line":176,"column":6},"end":{"line":176,"column":27}},{"start":{"line":177,"column":6},"end":{"line":177,"column":28}},{"start":{"line":178,"column":6},"end":{"line":178,"column":24}},{"start":{"line":179,"column":6},"end":{"line":179,"column":25}},{"start":{"line":180,"column":6},"end":{"line":180,"column":20}}],"line":174},"11":{"loc":{"start":{"line":189,"column":4},"end":{"line":199,"column":5}},"type":"if","locations":[{"start":{"line":189,"column":4},"end":{"line":199,"column":5}},{"start":{"line":194,"column":11},"end":{"line":199,"column":5}}],"line":189},"12":{"loc":{"start":{"line":217,"column":4},"end":{"line":225,"column":5}},"type":"if","locations":[{"start":{"line":217,"column":4},"end":{"line":225,"column":5}},{"start":{"line":220,"column":11},"end":{"line":225,"column":5}}],"line":217},"13":{"loc":{"start":{"line":235,"column":4},"end":{"line":244,"column":5}},"type":"if","locations":[{"start":{"line":235,"column":4},"end":{"line":244,"column":5}},{"start":{},"end":{}}],"line":235},"14":{"loc":{"start":{"line":247,"column":11},"end":{"line":247,"column":84}},"type":"binary-expr","locations":[{"start":{"line":247,"column":11},"end":{"line":247,"column":22}},{"start":{"line":247,"column":26},"end":{"line":247,"column":84}}],"line":247},"15":{"loc":{"start":{"line":254,"column":4},"end":{"line":259,"column":5}},"type":"if","locations":[{"start":{"line":254,"column":4},"end":{"line":259,"column":5}},{"start":{},"end":{}}],"line":254},"16":{"loc":{"start":{"line":263,"column":4},"end":{"line":267,"column":9}},"type":"if","locations":[{"start":{"line":263,"column":4},"end":{"line":267,"column":9}},{"start":{},"end":{}}],"line":263}},"s":{"0":4,"1":4,"2":4,"3":4,"4":4,"5":4,"6":4,"7":4,"8":1,"9":1,"10":1,"11":1,"12":1,"13":0,"14":4,"15":3,"16":3,"17":2,"18":1,"19":1,"20":1,"21":4,"22":5,"23":1,"24":4,"25":4,"26":2,"27":0,"28":2,"29":2,"30":1,"31":0,"32":0,"33":3,"34":4,"35":0,"36":0,"37":0,"38":0,"39":0,"40":0,"41":0,"42":0,"43":0,"44":0,"45":0,"46":0,"47":0,"48":4,"49":2,"50":2,"51":2,"52":0,"53":2,"54":1,"55":1,"56":1,"57":0,"58":1,"59":0,"60":0,"61":0,"62":0,"63":0,"64":0,"65":0,"66":0,"67":0,"68":0,"69":0,"70":0,"71":4,"72":0,"73":0,"74":0,"75":0,"76":0,"77":0,"78":0,"79":0},"f":{"0":1,"1":3,"2":5,"3":0,"4":2,"5":0,"6":0},"b":{"0":[0,1],"1":[0,0],"2":[1,1],"3":[1,4],"4":[0,2],"5":[3,0],"6":[0,0],"7":[0,0],"8":[0,2],"9":[1,1],"10":[2,1,1,1,1,1,1],"11":[0,1],"12":[0,0],"13":[0,0],"14":[0,0],"15":[0,0],"16":[0,0]},"_coverageSchema":"1a1c01bbd47fc00a2c39e90264f33305004495a9","hash":"b7ad4b4446303cb4ee8c06a168253b1a4e00369f"}
,"/Users/lucas/Documents/GitHub/PhotoRecycleAPI/controllers/medalhas.controller.js": {"path":"/Users/lucas/Documents/GitHub/PhotoRecycleAPI/controllers/medalhas.controller.js","statementMap":{"0":{"start":{"line":1,"column":11},"end":{"line":1,"column":31}},"1":{"start":{"line":2,"column":16},"end":{"line":2,"column":27}},"2":{"start":{"line":5,"column":0},"end":{"line":27,"column":2}},"3":{"start":{"line":6,"column":22},"end":{"line":6,"column":43}},"4":{"start":{"line":7,"column":20},"end":{"line":13,"column":8}},"5":{"start":{"line":15,"column":2},"end":{"line":26,"column":3}},"6":{"start":{"line":16,"column":17},"end":{"line":16,"column":93}},"7":{"start":{"line":17,"column":4},"end":{"line":20,"column":7}},"8":{"start":{"line":22,"column":4},"end":{"line":25,"column":7}},"9":{"start":{"line":30,"column":0},"end":{"line":67,"column":2}},"10":{"start":{"line":31,"column":18},"end":{"line":35,"column":4}},"11":{"start":{"line":37,"column":2},"end":{"line":66,"column":3}},"12":{"start":{"line":38,"column":4},"end":{"line":43,"column":5}},"13":{"start":{"line":39,"column":6},"end":{"line":42,"column":9}},"14":{"start":{"line":45,"column":4},"end":{"line":45,"column":25}},"15":{"start":{"line":46,"column":4},"end":{"line":50,"column":7}},"16":{"start":{"line":52,"column":4},"end":{"line":61,"column":5}},"17":{"start":{"line":53,"column":19},"end":{"line":53,"column":21}},"18":{"start":{"line":54,"column":6},"end":{"line":56,"column":9}},"19":{"start":{"line":55,"column":8},"end":{"line":55,"column":45}},"20":{"start":{"line":57,"column":6},"end":{"line":60,"column":9}},"21":{"start":{"line":62,"column":4},"end":{"line":65,"column":7}},"22":{"start":{"line":70,"column":0},"end":{"line":97,"column":2}},"23":{"start":{"line":71,"column":20},"end":{"line":71,"column":40}},"24":{"start":{"line":73,"column":2},"end":{"line":96,"column":3}},"25":{"start":{"line":74,"column":4},"end":{"line":79,"column":5}},"26":{"start":{"line":75,"column":6},"end":{"line":78,"column":9}},"27":{"start":{"line":80,"column":17},"end":{"line":80,"column":97}},"28":{"start":{"line":81,"column":4},"end":{"line":90,"column":9}},"29":{"start":{"line":82,"column":6},"end":{"line":85,"column":9}},"30":{"start":{"line":87,"column":6},"end":{"line":90,"column":9}},"31":{"start":{"line":92,"column":4},"end":{"line":95,"column":7}},"32":{"start":{"line":100,"column":0},"end":{"line":143,"column":2}},"33":{"start":{"line":101,"column":20},"end":{"line":101,"column":40}},"34":{"start":{"line":102,"column":16},"end":{"line":102,"column":24}},"35":{"start":{"line":104,"column":2},"end":{"line":142,"column":3}},"36":{"start":{"line":105,"column":4},"end":{"line":110,"column":5}},"37":{"start":{"line":106,"column":6},"end":{"line":109,"column":9}},"38":{"start":{"line":111,"column":17},"end":{"line":114,"column":6}},"39":{"start":{"line":116,"column":4},"end":{"line":126,"column":9}},"40":{"start":{"line":117,"column":6},"end":{"line":120,"column":9}},"41":{"start":{"line":122,"column":6},"end":{"line":126,"column":9}},"42":{"start":{"line":128,"column":4},"end":{"line":137,"column":5}},"43":{"start":{"line":129,"column":19},"end":{"line":129,"column":21}},"44":{"start":{"line":130,"column":6},"end":{"line":132,"column":9}},"45":{"start":{"line":131,"column":8},"end":{"line":131,"column":45}},"46":{"start":{"line":133,"column":6},"end":{"line":136,"column":9}},"47":{"start":{"line":138,"column":4},"end":{"line":141,"column":7}},"48":{"start":{"line":146,"column":0},"end":{"line":173,"column":2}},"49":{"start":{"line":147,"column":20},"end":{"line":147,"column":40}},"50":{"start":{"line":149,"column":2},"end":{"line":172,"column":3}},"51":{"start":{"line":150,"column":4},"end":{"line":155,"column":5}},"52":{"start":{"line":151,"column":6},"end":{"line":154,"column":9}},"53":{"start":{"line":156,"column":17},"end":{"line":156,"column":59}},"54":{"start":{"line":157,"column":4},"end":{"line":166,"column":9}},"55":{"start":{"line":158,"column":6},"end":{"line":161,"column":9}},"56":{"start":{"line":163,"column":6},"end":{"line":166,"column":9}},"57":{"start":{"line":168,"column":4},"end":{"line":171,"column":7}}},"fnMap":{"0":{"name":"(anonymous_0)","decl":{"start":{"line":5,"column":26},"end":{"line":5,"column":27}},"loc":{"start":{"line":5,"column":46},"end":{"line":27,"column":1}},"line":5},"1":{"name":"(anonymous_1)","decl":{"start":{"line":30,"column":24},"end":{"line":30,"column":25}},"loc":{"start":{"line":30,"column":44},"end":{"line":67,"column":1}},"line":30},"2":{"name":"(anonymous_2)","decl":{"start":{"line":54,"column":38},"end":{"line":54,"column":39}},"loc":{"start":{"line":54,"column":47},"end":{"line":56,"column":7}},"line":54},"3":{"name":"(anonymous_3)","decl":{"start":{"line":70,"column":25},"end":{"line":70,"column":26}},"loc":{"start":{"line":70,"column":45},"end":{"line":97,"column":1}},"line":70},"4":{"name":"(anonymous_4)","decl":{"start":{"line":100,"column":24},"end":{"line":100,"column":25}},"loc":{"start":{"line":100,"column":44},"end":{"line":143,"column":1}},"line":100},"5":{"name":"(anonymous_5)","decl":{"start":{"line":130,"column":38},"end":{"line":130,"column":39}},"loc":{"start":{"line":130,"column":47},"end":{"line":132,"column":7}},"line":130},"6":{"name":"(anonymous_6)","decl":{"start":{"line":146,"column":24},"end":{"line":146,"column":25}},"loc":{"start":{"line":146,"column":44},"end":{"line":173,"column":1}},"line":146}},"branchMap":{"0":{"loc":{"start":{"line":7,"column":20},"end":{"line":13,"column":8}},"type":"cond-expr","locations":[{"start":{"line":8,"column":6},"end":{"line":12,"column":7}},{"start":{"line":13,"column":6},"end":{"line":13,"column":8}}],"line":7},"1":{"loc":{"start":{"line":24,"column":11},"end":{"line":24,"column":84}},"type":"binary-expr","locations":[{"start":{"line":24,"column":11},"end":{"line":24,"column":22}},{"start":{"line":24,"column":26},"end":{"line":24,"column":84}}],"line":24},"2":{"loc":{"start":{"line":38,"column":4},"end":{"line":43,"column":5}},"type":"if","locations":[{"start":{"line":38,"column":4},"end":{"line":43,"column":5}},{"start":{},"end":{}}],"line":38},"3":{"loc":{"start":{"line":52,"column":4},"end":{"line":61,"column":5}},"type":"if","locations":[{"start":{"line":52,"column":4},"end":{"line":61,"column":5}},{"start":{},"end":{}}],"line":52},"4":{"loc":{"start":{"line":64,"column":11},"end":{"line":64,"column":84}},"type":"binary-expr","locations":[{"start":{"line":64,"column":11},"end":{"line":64,"column":22}},{"start":{"line":64,"column":26},"end":{"line":64,"column":84}}],"line":64},"5":{"loc":{"start":{"line":74,"column":4},"end":{"line":79,"column":5}},"type":"if","locations":[{"start":{"line":74,"column":4},"end":{"line":79,"column":5}},{"start":{},"end":{}}],"line":74},"6":{"loc":{"start":{"line":81,"column":4},"end":{"line":90,"column":9}},"type":"if","locations":[{"start":{"line":81,"column":4},"end":{"line":90,"column":9}},{"start":{"line":87,"column":6},"end":{"line":90,"column":9}}],"line":81},"7":{"loc":{"start":{"line":94,"column":11},"end":{"line":94,"column":84}},"type":"binary-expr","locations":[{"start":{"line":94,"column":11},"end":{"line":94,"column":22}},{"start":{"line":94,"column":26},"end":{"line":94,"column":84}}],"line":94},"8":{"loc":{"start":{"line":105,"column":4},"end":{"line":110,"column":5}},"type":"if","locations":[{"start":{"line":105,"column":4},"end":{"line":110,"column":5}},{"start":{},"end":{}}],"line":105},"9":{"loc":{"start":{"line":116,"column":4},"end":{"line":126,"column":9}},"type":"if","locations":[{"start":{"line":116,"column":4},"end":{"line":126,"column":9}},{"start":{"line":122,"column":6},"end":{"line":126,"column":9}}],"line":116},"10":{"loc":{"start":{"line":128,"column":4},"end":{"line":137,"column":5}},"type":"if","locations":[{"start":{"line":128,"column":4},"end":{"line":137,"column":5}},{"start":{},"end":{}}],"line":128},"11":{"loc":{"start":{"line":140,"column":11},"end":{"line":140,"column":84}},"type":"binary-expr","locations":[{"start":{"line":140,"column":11},"end":{"line":140,"column":22}},{"start":{"line":140,"column":26},"end":{"line":140,"column":84}}],"line":140},"12":{"loc":{"start":{"line":150,"column":4},"end":{"line":155,"column":5}},"type":"if","locations":[{"start":{"line":150,"column":4},"end":{"line":155,"column":5}},{"start":{},"end":{}}],"line":150},"13":{"loc":{"start":{"line":157,"column":4},"end":{"line":166,"column":9}},"type":"if","locations":[{"start":{"line":157,"column":4},"end":{"line":166,"column":9}},{"start":{"line":163,"column":6},"end":{"line":166,"column":9}}],"line":157},"14":{"loc":{"start":{"line":170,"column":11},"end":{"line":170,"column":84}},"type":"binary-expr","locations":[{"start":{"line":170,"column":11},"end":{"line":170,"column":22}},{"start":{"line":170,"column":26},"end":{"line":170,"column":84}}],"line":170}},"s":{"0":4,"1":4,"2":4,"3":1,"4":1,"5":1,"6":1,"7":1,"8":0,"9":4,"10":3,"11":3,"12":3,"13":1,"14":2,"15":1,"16":1,"17":1,"18":1,"19":1,"20":1,"21":0,"22":4,"23":3,"24":3,"25":3,"26":1,"27":2,"28":2,"29":1,"30":1,"31":0,"32":4,"33":4,"34":4,"35":4,"36":4,"37":1,"38":3,"39":2,"40":1,"41":1,"42":1,"43":1,"44":1,"45":1,"46":1,"47":0,"48":4,"49":3,"50":3,"51":3,"52":1,"53":2,"54":2,"55":1,"56":1,"57":0},"f":{"0":1,"1":3,"2":1,"3":3,"4":4,"5":1,"6":3},"b":{"0":[0,1],"1":[0,0],"2":[1,2],"3":[1,0],"4":[0,0],"5":[1,2],"6":[1,1],"7":[0,0],"8":[1,3],"9":[1,1],"10":[1,0],"11":[0,0],"12":[1,2],"13":[1,1],"14":[0,0]},"_coverageSchema":"1a1c01bbd47fc00a2c39e90264f33305004495a9","hash":"189cf6ecf23413a8e6ebf1c77ba09e63321f62f0"}
,"/Users/lucas/Documents/GitHub/PhotoRecycleAPI/controllers/utilizacoes.controller.js": {"path":"/Users/lucas/Documents/GitHub/PhotoRecycleAPI/controllers/utilizacoes.controller.js","statementMap":{"0":{"start":{"line":1,"column":11},"end":{"line":1,"column":31}},"1":{"start":{"line":2,"column":26},"end":{"line":2,"column":40}},"2":{"start":{"line":3,"column":13},"end":{"line":3,"column":28}},"3":{"start":{"line":5,"column":15},"end":{"line":5,"column":48}},"4":{"start":{"line":6,"column":19},"end":{"line":6,"column":43}},"5":{"start":{"line":8,"column":0},"end":{"line":12,"column":3}},"6":{"start":{"line":15,"column":0},"end":{"line":46,"column":1}},"7":{"start":{"line":16,"column":25},"end":{"line":16,"column":47}},"8":{"start":{"line":17,"column":22},"end":{"line":24,"column":12}},"9":{"start":{"line":26,"column":4},"end":{"line":45,"column":5}},"10":{"start":{"line":27,"column":8},"end":{"line":32,"column":9}},"11":{"start":{"line":28,"column":12},"end":{"line":31,"column":15}},"12":{"start":{"line":33,"column":34},"end":{"line":35,"column":18}},"13":{"start":{"line":36,"column":8},"end":{"line":39,"column":11}},"14":{"start":{"line":41,"column":8},"end":{"line":44,"column":11}},"15":{"start":{"line":49,"column":0},"end":{"line":100,"column":1}},"16":{"start":{"line":51,"column":4},"end":{"line":97,"column":5}},"17":{"start":{"line":52,"column":27},"end":{"line":52,"column":46}},"18":{"start":{"line":54,"column":25},"end":{"line":54,"column":69}},"19":{"start":{"line":56,"column":31},"end":{"line":56,"column":35}},"20":{"start":{"line":57,"column":8},"end":{"line":67,"column":9}},"21":{"start":{"line":58,"column":12},"end":{"line":61,"column":15}},"22":{"start":{"line":63,"column":12},"end":{"line":66,"column":15}},"23":{"start":{"line":69,"column":34},"end":{"line":75,"column":10}},"24":{"start":{"line":78,"column":8},"end":{"line":78,"column":39}},"25":{"start":{"line":80,"column":8},"end":{"line":85,"column":9}},"26":{"start":{"line":81,"column":12},"end":{"line":84,"column":15}},"27":{"start":{"line":86,"column":8},"end":{"line":91,"column":11}},"28":{"start":{"line":93,"column":8},"end":{"line":96,"column":11}},"29":{"start":{"line":103,"column":0},"end":{"line":127,"column":1}},"30":{"start":{"line":104,"column":4},"end":{"line":126,"column":5}},"31":{"start":{"line":105,"column":8},"end":{"line":110,"column":9}},"32":{"start":{"line":106,"column":12},"end":{"line":109,"column":15}},"33":{"start":{"line":112,"column":21},"end":{"line":116,"column":18}},"34":{"start":{"line":117,"column":8},"end":{"line":120,"column":11}},"35":{"start":{"line":122,"column":8},"end":{"line":125,"column":11}},"36":{"start":{"line":130,"column":0},"end":{"line":154,"column":1}},"37":{"start":{"line":131,"column":4},"end":{"line":153,"column":5}},"38":{"start":{"line":132,"column":8},"end":{"line":137,"column":9}},"39":{"start":{"line":133,"column":12},"end":{"line":136,"column":15}},"40":{"start":{"line":139,"column":21},"end":{"line":143,"column":18}},"41":{"start":{"line":144,"column":8},"end":{"line":147,"column":11}},"42":{"start":{"line":149,"column":8},"end":{"line":152,"column":11}},"43":{"start":{"line":157,"column":0},"end":{"line":185,"column":2}},"44":{"start":{"line":158,"column":32},"end":{"line":158,"column":62}},"45":{"start":{"line":160,"column":4},"end":{"line":184,"column":5}},"46":{"start":{"line":161,"column":8},"end":{"line":166,"column":9}},"47":{"start":{"line":162,"column":12},"end":{"line":165,"column":15}},"48":{"start":{"line":167,"column":21},"end":{"line":169,"column":18}},"49":{"start":{"line":170,"column":8},"end":{"line":178,"column":11}},"50":{"start":{"line":171,"column":12},"end":{"line":174,"column":15}},"51":{"start":{"line":175,"column":13},"end":{"line":178,"column":11}},"52":{"start":{"line":180,"column":8},"end":{"line":183,"column":11}},"53":{"start":{"line":188,"column":0},"end":{"line":216,"column":2}},"54":{"start":{"line":189,"column":32},"end":{"line":189,"column":62}},"55":{"start":{"line":191,"column":4},"end":{"line":215,"column":5}},"56":{"start":{"line":192,"column":8},"end":{"line":197,"column":9}},"57":{"start":{"line":193,"column":12},"end":{"line":196,"column":15}},"58":{"start":{"line":199,"column":21},"end":{"line":199,"column":83}},"59":{"start":{"line":200,"column":8},"end":{"line":208,"column":11}},"60":{"start":{"line":201,"column":12},"end":{"line":204,"column":15}},"61":{"start":{"line":205,"column":13},"end":{"line":208,"column":11}},"62":{"start":{"line":211,"column":8},"end":{"line":214,"column":11}},"63":{"start":{"line":219,"column":0},"end":{"line":271,"column":2}},"64":{"start":{"line":220,"column":32},"end":{"line":220,"column":62}},"65":{"start":{"line":221,"column":30},"end":{"line":221,"column":38}},"66":{"start":{"line":223,"column":4},"end":{"line":270,"column":5}},"67":{"start":{"line":224,"column":8},"end":{"line":229,"column":9}},"68":{"start":{"line":225,"column":12},"end":{"line":228,"column":15}},"69":{"start":{"line":230,"column":21},"end":{"line":233,"column":10}},"70":{"start":{"line":234,"column":8},"end":{"line":244,"column":15}},"71":{"start":{"line":235,"column":12},"end":{"line":238,"column":15}},"72":{"start":{"line":240,"column":12},"end":{"line":244,"column":15}},"73":{"start":{"line":247,"column":27},"end":{"line":247,"column":65}},"74":{"start":{"line":248,"column":23},"end":{"line":248,"column":45}},"75":{"start":{"line":249,"column":8},"end":{"line":249,"column":35}},"76":{"start":{"line":250,"column":8},"end":{"line":253,"column":11}},"77":{"start":{"line":256,"column":8},"end":{"line":265,"column":9}},"78":{"start":{"line":257,"column":25},"end":{"line":257,"column":27}},"79":{"start":{"line":258,"column":12},"end":{"line":260,"column":15}},"80":{"start":{"line":259,"column":16},"end":{"line":259,"column":53}},"81":{"start":{"line":261,"column":12},"end":{"line":264,"column":15}},"82":{"start":{"line":266,"column":8},"end":{"line":269,"column":11}}},"fnMap":{"0":{"name":"(anonymous_0)","decl":{"start":{"line":15,"column":36},"end":{"line":15,"column":37}},"loc":{"start":{"line":15,"column":56},"end":{"line":46,"column":1}},"line":15},"1":{"name":"(anonymous_1)","decl":{"start":{"line":49,"column":27},"end":{"line":49,"column":28}},"loc":{"start":{"line":49,"column":47},"end":{"line":100,"column":1}},"line":49},"2":{"name":"(anonymous_2)","decl":{"start":{"line":103,"column":45},"end":{"line":103,"column":46}},"loc":{"start":{"line":103,"column":65},"end":{"line":127,"column":1}},"line":103},"3":{"name":"(anonymous_3)","decl":{"start":{"line":130,"column":48},"end":{"line":130,"column":49}},"loc":{"start":{"line":130,"column":68},"end":{"line":154,"column":1}},"line":130},"4":{"name":"(anonymous_4)","decl":{"start":{"line":157,"column":35},"end":{"line":157,"column":36}},"loc":{"start":{"line":157,"column":55},"end":{"line":185,"column":1}},"line":157},"5":{"name":"(anonymous_5)","decl":{"start":{"line":188,"column":34},"end":{"line":188,"column":35}},"loc":{"start":{"line":188,"column":54},"end":{"line":216,"column":1}},"line":188},"6":{"name":"(anonymous_6)","decl":{"start":{"line":219,"column":35},"end":{"line":219,"column":36}},"loc":{"start":{"line":219,"column":55},"end":{"line":271,"column":1}},"line":219},"7":{"name":"(anonymous_7)","decl":{"start":{"line":258,"column":44},"end":{"line":258,"column":45}},"loc":{"start":{"line":258,"column":53},"end":{"line":260,"column":13}},"line":258}},"branchMap":{"0":{"loc":{"start":{"line":17,"column":22},"end":{"line":24,"column":12}},"type":"cond-expr","locations":[{"start":{"line":18,"column":10},"end":{"line":23,"column":9}},{"start":{"line":24,"column":10},"end":{"line":24,"column":12}}],"line":17},"1":{"loc":{"start":{"line":27,"column":8},"end":{"line":32,"column":9}},"type":"if","locations":[{"start":{"line":27,"column":8},"end":{"line":32,"column":9}},{"start":{},"end":{}}],"line":27},"2":{"loc":{"start":{"line":43,"column":17},"end":{"line":43,"column":90}},"type":"binary-expr","locations":[{"start":{"line":43,"column":17},"end":{"line":43,"column":28}},{"start":{"line":43,"column":32},"end":{"line":43,"column":90}}],"line":43},"3":{"loc":{"start":{"line":57,"column":8},"end":{"line":67,"column":9}},"type":"if","locations":[{"start":{"line":57,"column":8},"end":{"line":67,"column":9}},{"start":{"line":62,"column":15},"end":{"line":67,"column":9}}],"line":57},"4":{"loc":{"start":{"line":80,"column":8},"end":{"line":85,"column":9}},"type":"if","locations":[{"start":{"line":80,"column":8},"end":{"line":85,"column":9}},{"start":{},"end":{}}],"line":80},"5":{"loc":{"start":{"line":105,"column":8},"end":{"line":110,"column":9}},"type":"if","locations":[{"start":{"line":105,"column":8},"end":{"line":110,"column":9}},{"start":{},"end":{}}],"line":105},"6":{"loc":{"start":{"line":124,"column":17},"end":{"line":124,"column":90}},"type":"binary-expr","locations":[{"start":{"line":124,"column":17},"end":{"line":124,"column":28}},{"start":{"line":124,"column":32},"end":{"line":124,"column":90}}],"line":124},"7":{"loc":{"start":{"line":132,"column":8},"end":{"line":137,"column":9}},"type":"if","locations":[{"start":{"line":132,"column":8},"end":{"line":137,"column":9}},{"start":{},"end":{}}],"line":132},"8":{"loc":{"start":{"line":151,"column":17},"end":{"line":151,"column":90}},"type":"binary-expr","locations":[{"start":{"line":151,"column":17},"end":{"line":151,"column":28}},{"start":{"line":151,"column":32},"end":{"line":151,"column":90}}],"line":151},"9":{"loc":{"start":{"line":161,"column":8},"end":{"line":166,"column":9}},"type":"if","locations":[{"start":{"line":161,"column":8},"end":{"line":166,"column":9}},{"start":{},"end":{}}],"line":161},"10":{"loc":{"start":{"line":170,"column":8},"end":{"line":178,"column":11}},"type":"if","locations":[{"start":{"line":170,"column":8},"end":{"line":178,"column":11}},{"start":{"line":175,"column":13},"end":{"line":178,"column":11}}],"line":170},"11":{"loc":{"start":{"line":182,"column":17},"end":{"line":182,"column":90}},"type":"binary-expr","locations":[{"start":{"line":182,"column":17},"end":{"line":182,"column":28}},{"start":{"line":182,"column":32},"end":{"line":182,"column":90}}],"line":182},"12":{"loc":{"start":{"line":192,"column":8},"end":{"line":197,"column":9}},"type":"if","locations":[{"start":{"line":192,"column":8},"end":{"line":197,"column":9}},{"start":{},"end":{}}],"line":192},"13":{"loc":{"start":{"line":200,"column":8},"end":{"line":208,"column":11}},"type":"if","locations":[{"start":{"line":200,"column":8},"end":{"line":208,"column":11}},{"start":{"line":205,"column":13},"end":{"line":208,"column":11}}],"line":200},"14":{"loc":{"start":{"line":213,"column":17},"end":{"line":213,"column":90}},"type":"binary-expr","locations":[{"start":{"line":213,"column":17},"end":{"line":213,"column":28}},{"start":{"line":213,"column":32},"end":{"line":213,"column":90}}],"line":213},"15":{"loc":{"start":{"line":224,"column":8},"end":{"line":229,"column":9}},"type":"if","locations":[{"start":{"line":224,"column":8},"end":{"line":229,"column":9}},{"start":{},"end":{}}],"line":224},"16":{"loc":{"start":{"line":234,"column":8},"end":{"line":244,"column":15}},"type":"if","locations":[{"start":{"line":234,"column":8},"end":{"line":244,"column":15}},{"start":{"line":240,"column":12},"end":{"line":244,"column":15}}],"line":234},"17":{"loc":{"start":{"line":256,"column":8},"end":{"line":265,"column":9}},"type":"if","locations":[{"start":{"line":256,"column":8},"end":{"line":265,"column":9}},{"start":{},"end":{}}],"line":256},"18":{"loc":{"start":{"line":268,"column":17},"end":{"line":268,"column":90}},"type":"binary-expr","locations":[{"start":{"line":268,"column":17},"end":{"line":268,"column":28}},{"start":{"line":268,"column":32},"end":{"line":268,"column":90}}],"line":268}},"s":{"0":4,"1":4,"2":4,"3":4,"4":4,"5":4,"6":4,"7":0,"8":0,"9":0,"10":0,"11":0,"12":0,"13":0,"14":0,"15":4,"16":0,"17":0,"18":0,"19":0,"20":0,"21":0,"22":0,"23":0,"24":0,"25":0,"26":0,"27":0,"28":0,"29":4,"30":0,"31":0,"32":0,"33":0,"34":0,"35":0,"36":4,"37":0,"38":0,"39":0,"40":0,"41":0,"42":0,"43":4,"44":0,"45":0,"46":0,"47":0,"48":0,"49":0,"50":0,"51":0,"52":0,"53":4,"54":0,"55":0,"56":0,"57":0,"58":0,"59":0,"60":0,"61":0,"62":0,"63":4,"64":0,"65":0,"66":0,"67":0,"68":0,"69":0,"70":0,"71":0,"72":0,"73":0,"74":0,"75":0,"76":0,"77":0,"78":0,"79":0,"80":0,"81":0,"82":0},"f":{"0":0,"1":0,"2":0,"3":0,"4":0,"5":0,"6":0,"7":0},"b":{"0":[0,0],"1":[0,0],"2":[0,0],"3":[0,0],"4":[0,0],"5":[0,0],"6":[0,0],"7":[0,0],"8":[0,0],"9":[0,0],"10":[0,0],"11":[0,0],"12":[0,0],"13":[0,0],"14":[0,0],"15":[0,0],"16":[0,0],"17":[0,0],"18":[0,0]},"_coverageSchema":"1a1c01bbd47fc00a2c39e90264f33305004495a9","hash":"c4447bdb538f047aa21cb19ba92edfb4f63abb08"}
,"/Users/lucas/Documents/GitHub/PhotoRecycleAPI/controllers/utilizadores.controller.js": {"path":"/Users/lucas/Documents/GitHub/PhotoRecycleAPI/controllers/utilizadores.controller.js","statementMap":{"0":{"start":{"line":1,"column":12},"end":{"line":1,"column":35}},"1":{"start":{"line":2,"column":15},"end":{"line":2,"column":34}},"2":{"start":{"line":4,"column":11},"end":{"line":4,"column":31}},"3":{"start":{"line":5,"column":15},"end":{"line":5,"column":48}},"4":{"start":{"line":6,"column":13},"end":{"line":6,"column":28}},"5":{"start":{"line":9,"column":0},"end":{"line":90,"column":2}},"6":{"start":{"line":10,"column":2},"end":{"line":89,"column":3}},"7":{"start":{"line":12,"column":4},"end":{"line":27,"column":5}},"8":{"start":{"line":23,"column":6},"end":{"line":26,"column":9}},"9":{"start":{"line":29,"column":26},"end":{"line":31,"column":13}},"10":{"start":{"line":32,"column":4},"end":{"line":37,"column":5}},"11":{"start":{"line":33,"column":6},"end":{"line":36,"column":9}},"12":{"start":{"line":39,"column":23},"end":{"line":41,"column":13}},"13":{"start":{"line":42,"column":4},"end":{"line":47,"column":5}},"14":{"start":{"line":43,"column":6},"end":{"line":46,"column":9}},"15":{"start":{"line":50,"column":4},"end":{"line":55,"column":5}},"16":{"start":{"line":51,"column":6},"end":{"line":54,"column":9}},"17":{"start":{"line":57,"column":17},"end":{"line":67,"column":6}},"18":{"start":{"line":69,"column":24},"end":{"line":69,"column":41}},"19":{"start":{"line":70,"column":4},"end":{"line":73,"column":7}},"20":{"start":{"line":75,"column":4},"end":{"line":84,"column":5}},"21":{"start":{"line":76,"column":19},"end":{"line":76,"column":21}},"22":{"start":{"line":77,"column":6},"end":{"line":79,"column":9}},"23":{"start":{"line":78,"column":8},"end":{"line":78,"column":45}},"24":{"start":{"line":80,"column":6},"end":{"line":83,"column":9}},"25":{"start":{"line":85,"column":4},"end":{"line":88,"column":7}},"26":{"start":{"line":93,"column":0},"end":{"line":142,"column":2}},"27":{"start":{"line":94,"column":2},"end":{"line":141,"column":3}},"28":{"start":{"line":95,"column":4},"end":{"line":99,"column":9}},"29":{"start":{"line":96,"column":6},"end":{"line":99,"column":9}},"30":{"start":{"line":101,"column":15},"end":{"line":103,"column":13}},"31":{"start":{"line":104,"column":4},"end":{"line":109,"column":5}},"32":{"start":{"line":105,"column":6},"end":{"line":108,"column":9}},"33":{"start":{"line":111,"column":26},"end":{"line":111,"column":78}},"34":{"start":{"line":112,"column":4},"end":{"line":117,"column":5}},"35":{"start":{"line":113,"column":6},"end":{"line":116,"column":9}},"36":{"start":{"line":119,"column":18},"end":{"line":129,"column":5}},"37":{"start":{"line":131,"column":4},"end":{"line":135,"column":7}},"38":{"start":{"line":137,"column":4},"end":{"line":140,"column":7}},"39":{"start":{"line":144,"column":0},"end":{"line":170,"column":2}},"40":{"start":{"line":145,"column":2},"end":{"line":169,"column":3}},"41":{"start":{"line":146,"column":4},"end":{"line":146,"column":36}},"42":{"start":{"line":147,"column":4},"end":{"line":152,"column":5}},"43":{"start":{"line":148,"column":6},"end":{"line":151,"column":9}},"44":{"start":{"line":155,"column":18},"end":{"line":158,"column":5}},"45":{"start":{"line":160,"column":4},"end":{"line":163,"column":7}},"46":{"start":{"line":165,"column":4},"end":{"line":168,"column":7}},"47":{"start":{"line":204,"column":0},"end":{"line":259,"column":2}},"48":{"start":{"line":205,"column":2},"end":{"line":258,"column":3}},"49":{"start":{"line":206,"column":4},"end":{"line":217,"column":5}},"50":{"start":{"line":213,"column":6},"end":{"line":216,"column":9}},"51":{"start":{"line":220,"column":4},"end":{"line":225,"column":5}},"52":{"start":{"line":221,"column":6},"end":{"line":224,"column":9}},"53":{"start":{"line":228,"column":27},"end":{"line":228,"column":67}},"54":{"start":{"line":229,"column":24},"end":{"line":239,"column":5}},"55":{"start":{"line":241,"column":4},"end":{"line":246,"column":5}},"56":{"start":{"line":242,"column":6},"end":{"line":245,"column":9}},"57":{"start":{"line":248,"column":4},"end":{"line":251,"column":7}},"58":{"start":{"line":253,"column":4},"end":{"line":253,"column":50}},"59":{"start":{"line":254,"column":4},"end":{"line":257,"column":7}},"60":{"start":{"line":262,"column":0},"end":{"line":284,"column":2}},"61":{"start":{"line":263,"column":2},"end":{"line":283,"column":3}},"62":{"start":{"line":264,"column":18},"end":{"line":266,"column":16}},"63":{"start":{"line":268,"column":24},"end":{"line":268,"column":25}},"64":{"start":{"line":269,"column":4},"end":{"line":272,"column":5}},"65":{"start":{"line":269,"column":17},"end":{"line":269,"column":18}},"66":{"start":{"line":270,"column":6},"end":{"line":270,"column":45}},"67":{"start":{"line":271,"column":6},"end":{"line":271,"column":22}},"68":{"start":{"line":274,"column":4},"end":{"line":277,"column":7}},"69":{"start":{"line":279,"column":4},"end":{"line":282,"column":7}},"70":{"start":{"line":286,"column":0},"end":{"line":315,"column":2}},"71":{"start":{"line":287,"column":2},"end":{"line":314,"column":3}},"72":{"start":{"line":288,"column":4},"end":{"line":293,"column":5}},"73":{"start":{"line":289,"column":6},"end":{"line":292,"column":9}},"74":{"start":{"line":296,"column":17},"end":{"line":296,"column":60}},"75":{"start":{"line":298,"column":4},"end":{"line":303,"column":5}},"76":{"start":{"line":299,"column":6},"end":{"line":302,"column":9}},"77":{"start":{"line":305,"column":4},"end":{"line":308,"column":7}},"78":{"start":{"line":310,"column":4},"end":{"line":313,"column":7}},"79":{"start":{"line":317,"column":0},"end":{"line":341,"column":2}},"80":{"start":{"line":318,"column":2},"end":{"line":340,"column":3}},"81":{"start":{"line":319,"column":4},"end":{"line":323,"column":9}},"82":{"start":{"line":320,"column":6},"end":{"line":323,"column":9}},"83":{"start":{"line":324,"column":15},"end":{"line":324,"column":49}},"84":{"start":{"line":325,"column":4},"end":{"line":329,"column":9}},"85":{"start":{"line":326,"column":6},"end":{"line":329,"column":9}},"86":{"start":{"line":331,"column":4},"end":{"line":334,"column":7}},"87":{"start":{"line":336,"column":4},"end":{"line":339,"column":7}}},"fnMap":{"0":{"name":"(anonymous_0)","decl":{"start":{"line":9,"column":18},"end":{"line":9,"column":19}},"loc":{"start":{"line":9,"column":38},"end":{"line":90,"column":1}},"line":9},"1":{"name":"(anonymous_1)","decl":{"start":{"line":77,"column":38},"end":{"line":77,"column":39}},"loc":{"start":{"line":77,"column":47},"end":{"line":79,"column":7}},"line":77},"2":{"name":"(anonymous_2)","decl":{"start":{"line":93,"column":16},"end":{"line":93,"column":17}},"loc":{"start":{"line":93,"column":36},"end":{"line":142,"column":1}},"line":93},"3":{"name":"(anonymous_3)","decl":{"start":{"line":144,"column":22},"end":{"line":144,"column":23}},"loc":{"start":{"line":144,"column":42},"end":{"line":170,"column":1}},"line":144},"4":{"name":"(anonymous_4)","decl":{"start":{"line":204,"column":22},"end":{"line":204,"column":23}},"loc":{"start":{"line":204,"column":42},"end":{"line":259,"column":1}},"line":204},"5":{"name":"(anonymous_5)","decl":{"start":{"line":262,"column":19},"end":{"line":262,"column":20}},"loc":{"start":{"line":262,"column":39},"end":{"line":284,"column":1}},"line":262},"6":{"name":"(anonymous_6)","decl":{"start":{"line":286,"column":21},"end":{"line":286,"column":22}},"loc":{"start":{"line":286,"column":41},"end":{"line":315,"column":1}},"line":286},"7":{"name":"(anonymous_7)","decl":{"start":{"line":317,"column":18},"end":{"line":317,"column":19}},"loc":{"start":{"line":317,"column":38},"end":{"line":341,"column":1}},"line":317}},"branchMap":{"0":{"loc":{"start":{"line":12,"column":4},"end":{"line":27,"column":5}},"type":"if","locations":[{"start":{"line":12,"column":4},"end":{"line":27,"column":5}},{"start":{},"end":{}}],"line":12},"1":{"loc":{"start":{"line":13,"column":6},"end":{"line":21,"column":20}},"type":"binary-expr","locations":[{"start":{"line":13,"column":6},"end":{"line":13,"column":24}},{"start":{"line":14,"column":6},"end":{"line":14,"column":24}},{"start":{"line":15,"column":6},"end":{"line":15,"column":31}},{"start":{"line":16,"column":6},"end":{"line":16,"column":21}},{"start":{"line":17,"column":6},"end":{"line":17,"column":30}},{"start":{"line":18,"column":6},"end":{"line":18,"column":22}},{"start":{"line":19,"column":6},"end":{"line":19,"column":26}},{"start":{"line":20,"column":6},"end":{"line":20,"column":28}},{"start":{"line":21,"column":6},"end":{"line":21,"column":20}}],"line":13},"2":{"loc":{"start":{"line":32,"column":4},"end":{"line":37,"column":5}},"type":"if","locations":[{"start":{"line":32,"column":4},"end":{"line":37,"column":5}},{"start":{},"end":{}}],"line":32},"3":{"loc":{"start":{"line":42,"column":4},"end":{"line":47,"column":5}},"type":"if","locations":[{"start":{"line":42,"column":4},"end":{"line":47,"column":5}},{"start":{},"end":{}}],"line":42},"4":{"loc":{"start":{"line":50,"column":4},"end":{"line":55,"column":5}},"type":"if","locations":[{"start":{"line":50,"column":4},"end":{"line":55,"column":5}},{"start":{},"end":{}}],"line":50},"5":{"loc":{"start":{"line":66,"column":12},"end":{"line":66,"column":41}},"type":"binary-expr","locations":[{"start":{"line":66,"column":12},"end":{"line":66,"column":25}},{"start":{"line":66,"column":29},"end":{"line":66,"column":41}}],"line":66},"6":{"loc":{"start":{"line":75,"column":4},"end":{"line":84,"column":5}},"type":"if","locations":[{"start":{"line":75,"column":4},"end":{"line":84,"column":5}},{"start":{},"end":{}}],"line":75},"7":{"loc":{"start":{"line":95,"column":4},"end":{"line":99,"column":9}},"type":"if","locations":[{"start":{"line":95,"column":4},"end":{"line":99,"column":9}},{"start":{},"end":{}}],"line":95},"8":{"loc":{"start":{"line":95,"column":8},"end":{"line":95,"column":58}},"type":"binary-expr","locations":[{"start":{"line":95,"column":8},"end":{"line":95,"column":17}},{"start":{"line":95,"column":21},"end":{"line":95,"column":36}},{"start":{"line":95,"column":40},"end":{"line":95,"column":58}}],"line":95},"9":{"loc":{"start":{"line":104,"column":4},"end":{"line":109,"column":5}},"type":"if","locations":[{"start":{"line":104,"column":4},"end":{"line":109,"column":5}},{"start":{},"end":{}}],"line":104},"10":{"loc":{"start":{"line":112,"column":4},"end":{"line":117,"column":5}},"type":"if","locations":[{"start":{"line":112,"column":4},"end":{"line":117,"column":5}},{"start":{},"end":{}}],"line":112},"11":{"loc":{"start":{"line":147,"column":4},"end":{"line":152,"column":5}},"type":"if","locations":[{"start":{"line":147,"column":4},"end":{"line":152,"column":5}},{"start":{},"end":{}}],"line":147},"12":{"loc":{"start":{"line":167,"column":11},"end":{"line":167,"column":83}},"type":"binary-expr","locations":[{"start":{"line":167,"column":11},"end":{"line":167,"column":22}},{"start":{"line":167,"column":26},"end":{"line":167,"column":83}}],"line":167},"13":{"loc":{"start":{"line":206,"column":4},"end":{"line":217,"column":5}},"type":"if","locations":[{"start":{"line":206,"column":4},"end":{"line":217,"column":5}},{"start":{},"end":{}}],"line":206},"14":{"loc":{"start":{"line":207,"column":6},"end":{"line":211,"column":31}},"type":"binary-expr","locations":[{"start":{"line":207,"column":6},"end":{"line":207,"column":15}},{"start":{"line":208,"column":6},"end":{"line":208,"column":24}},{"start":{"line":209,"column":6},"end":{"line":209,"column":21}},{"start":{"line":210,"column":6},"end":{"line":210,"column":24}},{"start":{"line":211,"column":6},"end":{"line":211,"column":31}}],"line":207},"15":{"loc":{"start":{"line":220,"column":4},"end":{"line":225,"column":5}},"type":"if","locations":[{"start":{"line":220,"column":4},"end":{"line":225,"column":5}},{"start":{},"end":{}}],"line":220},"16":{"loc":{"start":{"line":241,"column":4},"end":{"line":246,"column":5}},"type":"if","locations":[{"start":{"line":241,"column":4},"end":{"line":246,"column":5}},{"start":{},"end":{}}],"line":241},"17":{"loc":{"start":{"line":281,"column":11},"end":{"line":281,"column":83}},"type":"binary-expr","locations":[{"start":{"line":281,"column":11},"end":{"line":281,"column":22}},{"start":{"line":281,"column":26},"end":{"line":281,"column":83}}],"line":281},"18":{"loc":{"start":{"line":288,"column":4},"end":{"line":293,"column":5}},"type":"if","locations":[{"start":{"line":288,"column":4},"end":{"line":293,"column":5}},{"start":{},"end":{}}],"line":288},"19":{"loc":{"start":{"line":288,"column":8},"end":{"line":288,"column":75}},"type":"binary-expr","locations":[{"start":{"line":288,"column":8},"end":{"line":288,"column":42}},{"start":{"line":288,"column":46},"end":{"line":288,"column":75}}],"line":288},"20":{"loc":{"start":{"line":298,"column":4},"end":{"line":303,"column":5}},"type":"if","locations":[{"start":{"line":298,"column":4},"end":{"line":303,"column":5}},{"start":{},"end":{}}],"line":298},"21":{"loc":{"start":{"line":312,"column":11},"end":{"line":312,"column":83}},"type":"binary-expr","locations":[{"start":{"line":312,"column":11},"end":{"line":312,"column":22}},{"start":{"line":312,"column":26},"end":{"line":312,"column":83}}],"line":312},"22":{"loc":{"start":{"line":319,"column":4},"end":{"line":323,"column":9}},"type":"if","locations":[{"start":{"line":319,"column":4},"end":{"line":323,"column":9}},{"start":{},"end":{}}],"line":319},"23":{"loc":{"start":{"line":319,"column":8},"end":{"line":319,"column":64}},"type":"binary-expr","locations":[{"start":{"line":319,"column":8},"end":{"line":319,"column":42}},{"start":{"line":319,"column":46},"end":{"line":319,"column":64}}],"line":319},"24":{"loc":{"start":{"line":325,"column":4},"end":{"line":329,"column":9}},"type":"if","locations":[{"start":{"line":325,"column":4},"end":{"line":329,"column":9}},{"start":{},"end":{}}],"line":325},"25":{"loc":{"start":{"line":338,"column":11},"end":{"line":338,"column":72}},"type":"binary-expr","locations":[{"start":{"line":338,"column":11},"end":{"line":338,"column":22}},{"start":{"line":338,"column":26},"end":{"line":338,"column":72}}],"line":338}},"s":{"0":4,"1":4,"2":4,"3":4,"4":4,"5":4,"6":6,"7":6,"8":1,"9":5,"10":5,"11":1,"12":4,"13":4,"14":1,"15":3,"16":1,"17":2,"18":2,"19":1,"20":1,"21":1,"22":1,"23":4,"24":1,"25":0,"26":4,"27":11,"28":11,"29":1,"30":10,"31":10,"32":1,"33":9,"34":9,"35":1,"36":8,"37":8,"38":0,"39":4,"40":2,"41":2,"42":2,"43":1,"44":1,"45":1,"46":0,"47":4,"48":4,"49":4,"50":1,"51":3,"52":1,"53":2,"54":2,"55":2,"56":1,"57":1,"58":0,"59":0,"60":4,"61":1,"62":1,"63":1,"64":1,"65":1,"66":3,"67":3,"68":1,"69":0,"70":4,"71":3,"72":3,"73":1,"74":2,"75":2,"76":1,"77":1,"78":0,"79":4,"80":2,"81":2,"82":1,"83":1,"84":1,"85":0,"86":1,"87":0},"f":{"0":6,"1":4,"2":11,"3":2,"4":4,"5":1,"6":3,"7":2},"b":{"0":[1,5],"1":[6,1,1,1,1,1,1,1,1],"2":[1,4],"3":[1,3],"4":[1,2],"5":[2,2],"6":[1,0],"7":[1,10],"8":[11,11,10],"9":[1,9],"10":[1,8],"11":[1,1],"12":[0,0],"13":[1,3],"14":[4,4,3,3,3],"15":[1,2],"16":[1,1],"17":[0,0],"18":[1,2],"19":[3,2],"20":[1,1],"21":[0,0],"22":[1,1],"23":[2,1],"24":[0,1],"25":[0,0]},"_coverageSchema":"1a1c01bbd47fc00a2c39e90264f33305004495a9","hash":"1e5059b06dc7f992482003489734afd9dac799f4"}
,"/Users/lucas/Documents/GitHub/PhotoRecycleAPI/models/desafios.model.js": {"path":"/Users/lucas/Documents/GitHub/PhotoRecycleAPI/models/desafios.model.js","statementMap":{"0":{"start":{"line":1,"column":0},"end":{"line":23,"column":2}},"1":{"start":{"line":2,"column":17},"end":{"line":20,"column":3}},"2":{"start":{"line":21,"column":18},"end":{"line":21,"column":52}},"3":{"start":{"line":22,"column":2},"end":{"line":22,"column":17}}},"fnMap":{"0":{"name":"(anonymous_0)","decl":{"start":{"line":1,"column":17},"end":{"line":1,"column":18}},"loc":{"start":{"line":1,"column":31},"end":{"line":23,"column":1}},"line":1}},"branchMap":{},"s":{"0":4,"1":4,"2":4,"3":4},"f":{"0":4},"b":{},"_coverageSchema":"1a1c01bbd47fc00a2c39e90264f33305004495a9","hash":"6db4a9a5eff95d50e6fe0bf4cc9dc2e73053e470"}
,"/Users/lucas/Documents/GitHub/PhotoRecycleAPI/models/ecopontos.model.js": {"path":"/Users/lucas/Documents/GitHub/PhotoRecycleAPI/models/ecopontos.model.js","statementMap":{"0":{"start":{"line":1,"column":0},"end":{"line":23,"column":2}},"1":{"start":{"line":2,"column":21},"end":{"line":2,"column":29}},"2":{"start":{"line":4,"column":25},"end":{"line":19,"column":3}},"3":{"start":{"line":21,"column":19},"end":{"line":21,"column":62}},"4":{"start":{"line":22,"column":2},"end":{"line":22,"column":18}}},"fnMap":{"0":{"name":"(anonymous_0)","decl":{"start":{"line":1,"column":17},"end":{"line":1,"column":18}},"loc":{"start":{"line":1,"column":31},"end":{"line":23,"column":1}},"line":1}},"branchMap":{},"s":{"0":4,"1":4,"2":4,"3":4,"4":4},"f":{"0":4},"b":{},"_coverageSchema":"1a1c01bbd47fc00a2c39e90264f33305004495a9","hash":"a4a0c08fd3aba9e3ec32025042f7b6453a3afa70"}
,"/Users/lucas/Documents/GitHub/PhotoRecycleAPI/models/index.js": {"path":"/Users/lucas/Documents/GitHub/PhotoRecycleAPI/models/index.js","statementMap":{"0":{"start":{"line":1,"column":17},"end":{"line":1,"column":50}},"1":{"start":{"line":2,"column":17},"end":{"line":2,"column":36}},"2":{"start":{"line":3,"column":11},"end":{"line":3,"column":13}},"3":{"start":{"line":4,"column":0},"end":{"line":4,"column":23}},"4":{"start":{"line":5,"column":0},"end":{"line":5,"column":22}},"5":{"start":{"line":6,"column":0},"end":{"line":17,"column":5}},"6":{"start":{"line":12,"column":4},"end":{"line":12,"column":46}},"7":{"start":{"line":15,"column":4},"end":{"line":15,"column":56}},"8":{"start":{"line":16,"column":4},"end":{"line":16,"column":19}},"9":{"start":{"line":19,"column":0},"end":{"line":19,"column":55}},"10":{"start":{"line":20,"column":0},"end":{"line":20,"column":61}},"11":{"start":{"line":21,"column":0},"end":{"line":21,"column":55}},"12":{"start":{"line":22,"column":0},"end":{"line":22,"column":63}},"13":{"start":{"line":23,"column":0},"end":{"line":23,"column":57}},"14":{"start":{"line":24,"column":0},"end":{"line":24,"column":20}}},"fnMap":{"0":{"name":"(anonymous_0)","decl":{"start":{"line":11,"column":8},"end":{"line":11,"column":9}},"loc":{"start":{"line":11,"column":14},"end":{"line":13,"column":3}},"line":11},"1":{"name":"(anonymous_1)","decl":{"start":{"line":14,"column":9},"end":{"line":14,"column":10}},"loc":{"start":{"line":14,"column":18},"end":{"line":17,"column":3}},"line":14}},"branchMap":{},"s":{"0":4,"1":4,"2":4,"3":4,"4":4,"5":4,"6":4,"7":0,"8":0,"9":4,"10":4,"11":4,"12":4,"13":4,"14":4},"f":{"0":4,"1":0},"b":{},"_coverageSchema":"1a1c01bbd47fc00a2c39e90264f33305004495a9","hash":"d39b1dcc5356ea6ef880535c44ec411a151560b2"}
,"/Users/lucas/Documents/GitHub/PhotoRecycleAPI/models/medalhas.model.js": {"path":"/Users/lucas/Documents/GitHub/PhotoRecycleAPI/models/medalhas.model.js","statementMap":{"0":{"start":{"line":3,"column":4},"end":{"line":3,"column":24}},"1":{"start":{"line":4,"column":17},"end":{"line":4,"column":46}},"2":{"start":{"line":6,"column":21},"end":{"line":11,"column":1}},"3":{"start":{"line":13,"column":0},"end":{"line":33,"column":2}},"4":{"start":{"line":14,"column":19},"end":{"line":30,"column":6}},"5":{"start":{"line":31,"column":20},"end":{"line":31,"column":54}},"6":{"start":{"line":32,"column":4},"end":{"line":32,"column":19}}},"fnMap":{"0":{"name":"(anonymous_0)","decl":{"start":{"line":13,"column":17},"end":{"line":13,"column":18}},"loc":{"start":{"line":13,"column":31},"end":{"line":33,"column":1}},"line":13}},"branchMap":{},"s":{"0":4,"1":4,"2":4,"3":4,"4":4,"5":4,"6":4},"f":{"0":4},"b":{},"_coverageSchema":"1a1c01bbd47fc00a2c39e90264f33305004495a9","hash":"6d5fedd78bc0c1a55b8c0a91b51860f870ac01ad"}
,"/Users/lucas/Documents/GitHub/PhotoRecycleAPI/models/utilizacoes.model.js": {"path":"/Users/lucas/Documents/GitHub/PhotoRecycleAPI/models/utilizacoes.model.js","statementMap":{"0":{"start":{"line":1,"column":0},"end":{"line":30,"column":2}},"1":{"start":{"line":2,"column":17},"end":{"line":27,"column":3}},"2":{"start":{"line":28,"column":28},"end":{"line":28,"column":71}},"3":{"start":{"line":29,"column":2},"end":{"line":29,"column":27}}},"fnMap":{"0":{"name":"(anonymous_0)","decl":{"start":{"line":1,"column":17},"end":{"line":1,"column":18}},"loc":{"start":{"line":1,"column":31},"end":{"line":30,"column":1}},"line":1}},"branchMap":{},"s":{"0":4,"1":4,"2":4,"3":4},"f":{"0":4},"b":{},"_coverageSchema":"1a1c01bbd47fc00a2c39e90264f33305004495a9","hash":"478c6835c778050ff141b809ddbc921da846e635"}
,"/Users/lucas/Documents/GitHub/PhotoRecycleAPI/models/utilizadores.model.js": {"path":"/Users/lucas/Documents/GitHub/PhotoRecycleAPI/models/utilizadores.model.js","statementMap":{"0":{"start":{"line":1,"column":16},"end":{"line":1,"column":36}},"1":{"start":{"line":2,"column":17},"end":{"line":2,"column":46}},"2":{"start":{"line":4,"column":21},"end":{"line":9,"column":1}},"3":{"start":{"line":11,"column":0},"end":{"line":86,"column":2}},"4":{"start":{"line":12,"column":21},"end":{"line":12,"column":29}},"5":{"start":{"line":14,"column":27},"end":{"line":82,"column":3}},"6":{"start":{"line":84,"column":21},"end":{"line":84,"column":69}},"7":{"start":{"line":85,"column":2},"end":{"line":85,"column":20}}},"fnMap":{"0":{"name":"(anonymous_0)","decl":{"start":{"line":11,"column":17},"end":{"line":11,"column":18}},"loc":{"start":{"line":11,"column":31},"end":{"line":86,"column":1}},"line":11}},"branchMap":{},"s":{"0":4,"1":4,"2":4,"3":4,"4":4,"5":4,"6":4,"7":4},"f":{"0":4},"b":{},"_coverageSchema":"1a1c01bbd47fc00a2c39e90264f33305004495a9","hash":"9e5922ea99a63452286d191f63436d6a71403ddd"}
,"/Users/lucas/Documents/GitHub/PhotoRecycleAPI/routes/desafios.routes.js": {"path":"/Users/lucas/Documents/GitHub/PhotoRecycleAPI/routes/desafios.routes.js","statementMap":{"0":{"start":{"line":1,"column":16},"end":{"line":1,"column":34}},"1":{"start":{"line":2,"column":15},"end":{"line":2,"column":31}},"2":{"start":{"line":4,"column":27},"end":{"line":4,"column":75}},"3":{"start":{"line":5,"column":23},"end":{"line":5,"column":64}},"4":{"start":{"line":7,"column":0},"end":{"line":14,"column":2}},"5":{"start":{"line":8,"column":18},"end":{"line":8,"column":28}},"6":{"start":{"line":9,"column":4},"end":{"line":12,"column":7}},"7":{"start":{"line":10,"column":28},"end":{"line":10,"column":55}},"8":{"start":{"line":11,"column":8},"end":{"line":11,"column":92}},"9":{"start":{"line":13,"column":4},"end":{"line":13,"column":10}},"10":{"start":{"line":16,"column":0},"end":{"line":18,"column":72}},"11":{"start":{"line":20,"column":0},"end":{"line":23,"column":74}},"12":{"start":{"line":30,"column":0},"end":{"line":34,"column":2}},"13":{"start":{"line":31,"column":4},"end":{"line":33,"column":7}},"14":{"start":{"line":36,"column":0},"end":{"line":36,"column":24}}},"fnMap":{"0":{"name":"(anonymous_0)","decl":{"start":{"line":7,"column":11},"end":{"line":7,"column":12}},"loc":{"start":{"line":7,"column":31},"end":{"line":14,"column":1}},"line":7},"1":{"name":"(anonymous_1)","decl":{"start":{"line":9,"column":21},"end":{"line":9,"column":22}},"loc":{"start":{"line":9,"column":27},"end":{"line":12,"column":5}},"line":9},"2":{"name":"(anonymous_2)","decl":{"start":{"line":30,"column":16},"end":{"line":30,"column":17}},"loc":{"start":{"line":30,"column":36},"end":{"line":34,"column":1}},"line":30}},"branchMap":{},"s":{"0":4,"1":4,"2":4,"3":4,"4":4,"5":14,"6":14,"7":14,"8":14,"9":14,"10":4,"11":4,"12":4,"13":0,"14":4},"f":{"0":14,"1":14,"2":0},"b":{},"_coverageSchema":"1a1c01bbd47fc00a2c39e90264f33305004495a9","hash":"09b6e7d4692dae99dd1cf2c864aeecd8adc04c0f"}
,"/Users/lucas/Documents/GitHub/PhotoRecycleAPI/routes/ecopontos.routes.js": {"path":"/Users/lucas/Documents/GitHub/PhotoRecycleAPI/routes/ecopontos.routes.js","statementMap":{"0":{"start":{"line":1,"column":16},"end":{"line":1,"column":34}},"1":{"start":{"line":2,"column":13},"end":{"line":2,"column":29}},"2":{"start":{"line":3,"column":28},"end":{"line":3,"column":74}},"3":{"start":{"line":4,"column":23},"end":{"line":4,"column":64}},"4":{"start":{"line":6,"column":0},"end":{"line":14,"column":3}},"5":{"start":{"line":7,"column":16},"end":{"line":7,"column":26}},"6":{"start":{"line":8,"column":2},"end":{"line":12,"column":5}},"7":{"start":{"line":10,"column":24},"end":{"line":10,"column":51}},"8":{"start":{"line":11,"column":4},"end":{"line":11,"column":88}},"9":{"start":{"line":13,"column":2},"end":{"line":13,"column":9}},"10":{"start":{"line":16,"column":15},"end":{"line":16,"column":32}},"11":{"start":{"line":17,"column":14},"end":{"line":24,"column":2}},"12":{"start":{"line":19,"column":4},"end":{"line":19,"column":20}},"13":{"start":{"line":22,"column":4},"end":{"line":22,"column":51}},"14":{"start":{"line":26,"column":21},"end":{"line":26,"column":65}},"15":{"start":{"line":28,"column":0},"end":{"line":28,"column":79}},"16":{"start":{"line":30,"column":0},"end":{"line":30,"column":90}},"17":{"start":{"line":32,"column":0},"end":{"line":32,"column":109}},"18":{"start":{"line":34,"column":0},"end":{"line":34,"column":105}},"19":{"start":{"line":36,"column":0},"end":{"line":36,"column":121}},"20":{"start":{"line":38,"column":0},"end":{"line":38,"column":96}},"21":{"start":{"line":40,"column":0},"end":{"line":42,"column":3}},"22":{"start":{"line":41,"column":2},"end":{"line":41,"column":47}},"23":{"start":{"line":44,"column":0},"end":{"line":44,"column":24}}},"fnMap":{"0":{"name":"(anonymous_0)","decl":{"start":{"line":6,"column":11},"end":{"line":6,"column":12}},"loc":{"start":{"line":6,"column":31},"end":{"line":14,"column":1}},"line":6},"1":{"name":"(anonymous_1)","decl":{"start":{"line":8,"column":19},"end":{"line":8,"column":20}},"loc":{"start":{"line":8,"column":25},"end":{"line":12,"column":3}},"line":8},"2":{"name":"(anonymous_2)","decl":{"start":{"line":18,"column":15},"end":{"line":18,"column":16}},"loc":{"start":{"line":18,"column":40},"end":{"line":20,"column":3}},"line":18},"3":{"name":"(anonymous_3)","decl":{"start":{"line":21,"column":12},"end":{"line":21,"column":13}},"loc":{"start":{"line":21,"column":37},"end":{"line":23,"column":3}},"line":21},"4":{"name":"(anonymous_4)","decl":{"start":{"line":40,"column":16},"end":{"line":40,"column":17}},"loc":{"start":{"line":40,"column":36},"end":{"line":42,"column":1}},"line":40}},"branchMap":{},"s":{"0":4,"1":4,"2":4,"3":4,"4":4,"5":11,"6":11,"7":11,"8":11,"9":11,"10":4,"11":4,"12":0,"13":0,"14":4,"15":4,"16":4,"17":4,"18":4,"19":4,"20":4,"21":4,"22":0,"23":4},"f":{"0":11,"1":11,"2":0,"3":0,"4":0},"b":{},"_coverageSchema":"1a1c01bbd47fc00a2c39e90264f33305004495a9","hash":"e53b51553d6da7bdfb05925418213c79e5477d75"}
,"/Users/lucas/Documents/GitHub/PhotoRecycleAPI/routes/medalhas.routes.js": {"path":"/Users/lucas/Documents/GitHub/PhotoRecycleAPI/routes/medalhas.routes.js","statementMap":{"0":{"start":{"line":1,"column":16},"end":{"line":1,"column":34}},"1":{"start":{"line":2,"column":15},"end":{"line":2,"column":31}},"2":{"start":{"line":4,"column":27},"end":{"line":4,"column":75}},"3":{"start":{"line":5,"column":23},"end":{"line":5,"column":64}},"4":{"start":{"line":7,"column":0},"end":{"line":15,"column":1}},"5":{"start":{"line":8,"column":18},"end":{"line":8,"column":28}},"6":{"start":{"line":9,"column":4},"end":{"line":12,"column":7}},"7":{"start":{"line":10,"column":28},"end":{"line":10,"column":55}},"8":{"start":{"line":11,"column":8},"end":{"line":11,"column":92}},"9":{"start":{"line":13,"column":4},"end":{"line":13,"column":10}},"10":{"start":{"line":17,"column":0},"end":{"line":19,"column":72}},"11":{"start":{"line":21,"column":0},"end":{"line":24,"column":74}},"12":{"start":{"line":26,"column":0},"end":{"line":31,"column":1}},"13":{"start":{"line":27,"column":4},"end":{"line":29,"column":7}},"14":{"start":{"line":33,"column":0},"end":{"line":33,"column":24}}},"fnMap":{"0":{"name":"(anonymous_0)","decl":{"start":{"line":7,"column":11},"end":{"line":7,"column":12}},"loc":{"start":{"line":7,"column":31},"end":{"line":14,"column":1}},"line":7},"1":{"name":"(anonymous_1)","decl":{"start":{"line":9,"column":21},"end":{"line":9,"column":22}},"loc":{"start":{"line":9,"column":27},"end":{"line":12,"column":5}},"line":9},"2":{"name":"(anonymous_2)","decl":{"start":{"line":26,"column":16},"end":{"line":26,"column":17}},"loc":{"start":{"line":26,"column":36},"end":{"line":30,"column":1}},"line":26}},"branchMap":{},"s":{"0":4,"1":4,"2":4,"3":4,"4":4,"5":14,"6":14,"7":14,"8":14,"9":14,"10":4,"11":4,"12":4,"13":0,"14":4},"f":{"0":14,"1":14,"2":0},"b":{},"_coverageSchema":"1a1c01bbd47fc00a2c39e90264f33305004495a9","hash":"2274d7c1d1d8b6e44270e6e70642ae60edaac9c5"}
,"/Users/lucas/Documents/GitHub/PhotoRecycleAPI/routes/utilizacoes.routes.js": {"path":"/Users/lucas/Documents/GitHub/PhotoRecycleAPI/routes/utilizacoes.routes.js","statementMap":{"0":{"start":{"line":1,"column":16},"end":{"line":1,"column":34}},"1":{"start":{"line":2,"column":15},"end":{"line":2,"column":31}},"2":{"start":{"line":4,"column":36},"end":{"line":4,"column":87}},"3":{"start":{"line":5,"column":23},"end":{"line":5,"column":67}},"4":{"start":{"line":7,"column":0},"end":{"line":15,"column":1}},"5":{"start":{"line":8,"column":18},"end":{"line":8,"column":28}},"6":{"start":{"line":9,"column":4},"end":{"line":12,"column":7}},"7":{"start":{"line":10,"column":28},"end":{"line":10,"column":55}},"8":{"start":{"line":11,"column":8},"end":{"line":11,"column":92}},"9":{"start":{"line":13,"column":4},"end":{"line":13,"column":10}},"10":{"start":{"line":17,"column":15},"end":{"line":17,"column":32}},"11":{"start":{"line":18,"column":14},"end":{"line":25,"column":2}},"12":{"start":{"line":20,"column":4},"end":{"line":20,"column":25}},"13":{"start":{"line":23,"column":4},"end":{"line":23,"column":51}},"14":{"start":{"line":27,"column":21},"end":{"line":27,"column":65}},"15":{"start":{"line":29,"column":0},"end":{"line":31,"column":98}},"16":{"start":{"line":34,"column":0},"end":{"line":35,"column":101}},"17":{"start":{"line":38,"column":0},"end":{"line":39,"column":104}},"18":{"start":{"line":41,"column":0},"end":{"line":44,"column":93}},"19":{"start":{"line":47,"column":0},"end":{"line":48,"column":91}},"20":{"start":{"line":52,"column":0},"end":{"line":56,"column":2}},"21":{"start":{"line":53,"column":4},"end":{"line":55,"column":7}},"22":{"start":{"line":58,"column":0},"end":{"line":58,"column":24}}},"fnMap":{"0":{"name":"(anonymous_0)","decl":{"start":{"line":7,"column":11},"end":{"line":7,"column":12}},"loc":{"start":{"line":7,"column":31},"end":{"line":14,"column":1}},"line":7},"1":{"name":"(anonymous_1)","decl":{"start":{"line":9,"column":21},"end":{"line":9,"column":22}},"loc":{"start":{"line":9,"column":27},"end":{"line":12,"column":5}},"line":9},"2":{"name":"(anonymous_2)","decl":{"start":{"line":19,"column":15},"end":{"line":19,"column":16}},"loc":{"start":{"line":19,"column":40},"end":{"line":21,"column":3}},"line":19},"3":{"name":"(anonymous_3)","decl":{"start":{"line":22,"column":12},"end":{"line":22,"column":13}},"loc":{"start":{"line":22,"column":37},"end":{"line":24,"column":3}},"line":22},"4":{"name":"(anonymous_4)","decl":{"start":{"line":52,"column":16},"end":{"line":52,"column":17}},"loc":{"start":{"line":52,"column":36},"end":{"line":56,"column":1}},"line":52}},"branchMap":{},"s":{"0":4,"1":4,"2":4,"3":4,"4":4,"5":0,"6":0,"7":0,"8":0,"9":0,"10":4,"11":4,"12":0,"13":0,"14":4,"15":4,"16":4,"17":4,"18":4,"19":4,"20":4,"21":0,"22":4},"f":{"0":0,"1":0,"2":0,"3":0,"4":0},"b":{},"_coverageSchema":"1a1c01bbd47fc00a2c39e90264f33305004495a9","hash":"0760c940e804ae2078f59f08350fc2b52cc327ac"}
,"/Users/lucas/Documents/GitHub/PhotoRecycleAPI/routes/utilizadores.routes.js": {"path":"/Users/lucas/Documents/GitHub/PhotoRecycleAPI/routes/utilizadores.routes.js","statementMap":{"0":{"start":{"line":1,"column":16},"end":{"line":1,"column":34}},"1":{"start":{"line":2,"column":13},"end":{"line":2,"column":29}},"2":{"start":{"line":3,"column":31},"end":{"line":3,"column":80}},"3":{"start":{"line":4,"column":23},"end":{"line":4,"column":64}},"4":{"start":{"line":6,"column":0},"end":{"line":13,"column":2}},"5":{"start":{"line":7,"column":18},"end":{"line":7,"column":28}},"6":{"start":{"line":8,"column":4},"end":{"line":11,"column":7}},"7":{"start":{"line":9,"column":28},"end":{"line":9,"column":55}},"8":{"start":{"line":10,"column":8},"end":{"line":10,"column":92}},"9":{"start":{"line":12,"column":4},"end":{"line":12,"column":10}},"10":{"start":{"line":15,"column":0},"end":{"line":17,"column":41}},"11":{"start":{"line":19,"column":0},"end":{"line":20,"column":69}},"12":{"start":{"line":22,"column":0},"end":{"line":23,"column":39}},"13":{"start":{"line":27,"column":0},"end":{"line":30,"column":74}},"14":{"start":{"line":32,"column":0},"end":{"line":33,"column":68}},"15":{"start":{"line":35,"column":0},"end":{"line":39,"column":2}},"16":{"start":{"line":36,"column":4},"end":{"line":38,"column":7}},"17":{"start":{"line":41,"column":0},"end":{"line":41,"column":24}}},"fnMap":{"0":{"name":"(anonymous_0)","decl":{"start":{"line":6,"column":11},"end":{"line":6,"column":12}},"loc":{"start":{"line":6,"column":31},"end":{"line":13,"column":1}},"line":6},"1":{"name":"(anonymous_1)","decl":{"start":{"line":8,"column":21},"end":{"line":8,"column":22}},"loc":{"start":{"line":8,"column":27},"end":{"line":11,"column":5}},"line":8},"2":{"name":"(anonymous_2)","decl":{"start":{"line":35,"column":16},"end":{"line":35,"column":17}},"loc":{"start":{"line":35,"column":36},"end":{"line":39,"column":1}},"line":35}},"branchMap":{},"s":{"0":4,"1":4,"2":4,"3":4,"4":4,"5":29,"6":29,"7":29,"8":29,"9":29,"10":4,"11":4,"12":4,"13":4,"14":4,"15":4,"16":0,"17":4},"f":{"0":29,"1":29,"2":0},"b":{},"_coverageSchema":"1a1c01bbd47fc00a2c39e90264f33305004495a9","hash":"9818b1d8141c66759655022fb33cca6fea280931"}
}
