TN:
SF:index.js
FN:10,(anonymous_0)
FN:24,(anonymous_1)
FN:30,(anonymous_2)
FNF:3
FNH:1
FNDA:0,(anonymous_0)
FNDA:0,(anonymous_1)
FNDA:1,(anonymous_2)
DA:1,1
DA:2,1
DA:3,1
DA:4,1
DA:5,1
DA:6,1
DA:7,1
DA:8,1
DA:10,1
DA:11,0
DA:17,1
DA:18,1
DA:19,1
DA:20,1
DA:21,1
DA:24,1
DA:25,0
DA:30,1
DA:31,1
DA:34,1
LF:20
LH:18
BRF:0
BRH:0
end_of_record
TN:
SF:config/db.config.js
FNF:0
FNH:0
DA:1,1
DA:13,1
DA:15,1
LF:3
LH:3
BRDA:4,0,0,1
BRDA:4,0,1,0
BRDA:5,1,0,1
BRDA:5,1,1,0
BRDA:6,2,0,1
BRDA:6,2,1,0
BRF:6
BRH:3
end_of_record
TN:
SF:controllers/auth.controller.js
FN:4,(anonymous_0)
FNF:1
FNH:1
FNDA:8,(anonymous_0)
DA:1,1
DA:2,1
DA:4,1
DA:5,8
DA:6,8
DA:7,0
DA:13,8
DA:14,8
DA:16,8
DA:17,8
DA:18,8
DA:19,8
DA:20,8
DA:21,8
DA:24,0
LF:15
LH:13
BRDA:5,0,0,8
BRDA:5,0,1,8
BRDA:6,1,0,0
BRDA:6,1,1,8
BRF:4
BRH:3
end_of_record
TN:
SF:controllers/desafios.controller.js
FN:5,(anonymous_0)
FN:29,(anonymous_1)
FN:64,(anonymous_2)
FN:80,(anonymous_3)
FN:106,(anonymous_4)
FN:147,(anonymous_5)
FNF:6
FNH:0
FNDA:0,(anonymous_0)
FNDA:0,(anonymous_1)
FNDA:0,(anonymous_2)
FNDA:0,(anonymous_3)
FNDA:0,(anonymous_4)
FNDA:0,(anonymous_5)
DA:1,1
DA:2,1
DA:5,1
DA:7,0
DA:8,0
DA:12,0
DA:13,0
DA:16,0
DA:21,0
DA:29,1
DA:30,0
DA:37,0
DA:40,0
DA:41,0
DA:47,0
DA:48,0
DA:49,0
DA:55,0
DA:56,0
DA:62,0
DA:63,0
DA:64,0
DA:65,0
DA:67,0
DA:72,0
DA:80,1
DA:81,0
DA:83,0
DA:84,0
DA:87,0
DA:88,0
DA:93,0
DA:98,0
DA:106,1
DA:107,0
DA:108,0
DA:112,0
DA:115,0
DA:117,0
DA:118,0
DA:124,0
DA:127,0
DA:128,0
DA:133,0
DA:139,0
DA:147,1
DA:148,0
DA:149,0
DA:150,0
DA:156,0
DA:157,0
DA:158,0
DA:163,0
DA:169,0
LF:54
LH:7
BRDA:8,0,0,0
BRDA:8,0,1,0
BRDA:23,1,0,0
BRDA:23,1,1,0
BRDA:40,2,0,0
BRDA:40,2,1,0
BRDA:48,3,0,0
BRDA:48,3,1,0
BRDA:62,4,0,0
BRDA:62,4,1,0
BRDA:74,5,0,0
BRDA:74,5,1,0
BRDA:87,6,0,0
BRDA:87,6,1,0
BRDA:107,7,0,0
BRDA:107,7,1,0
BRDA:107,8,0,0
BRDA:107,8,1,0
BRDA:117,9,0,0
BRDA:117,9,1,0
BRDA:127,10,0,0
BRDA:127,10,1,0
BRDA:149,11,0,0
BRDA:149,11,1,0
BRDA:157,12,0,0
BRDA:157,12,1,0
BRF:26
BRH:0
end_of_record
TN:
SF:controllers/ecopontos.controller.js
FN:15,(anonymous_0)
FN:35,(anonymous_1)
FN:58,(anonymous_2)
FN:98,(anonymous_3)
FN:151,(anonymous_4)
FN:203,(anonymous_5)
FN:218,(anonymous_6)
FNF:7
FNH:0
FNDA:0,(anonymous_0)
FNDA:0,(anonymous_1)
FNDA:0,(anonymous_2)
FNDA:0,(anonymous_3)
FNDA:0,(anonymous_4)
FNDA:0,(anonymous_5)
FNDA:0,(anonymous_6)
DA:1,1
DA:2,1
DA:3,1
DA:4,1
DA:6,1
DA:7,1
DA:9,1
DA:15,1
DA:16,0
DA:18,0
DA:19,0
DA:21,0
DA:26,0
DA:28,0
DA:35,1
DA:36,0
DA:38,0
DA:40,0
DA:41,0
DA:45,0
DA:50,0
DA:58,1
DA:59,0
DA:60,0
DA:66,0
DA:67,0
DA:68,0
DA:69,0
DA:74,0
DA:80,0
DA:81,0
DA:83,0
DA:84,0
DA:90,0
DA:98,1
DA:99,0
DA:100,0
DA:102,0
DA:104,0
DA:105,0
DA:106,0
DA:111,0
DA:118,0
DA:127,0
DA:129,0
DA:130,0
DA:135,0
DA:143,0
DA:151,1
DA:152,0
DA:154,0
DA:155,0
DA:156,0
DA:161,0
DA:168,0
DA:183,0
DA:185,0
DA:187,0
DA:193,0
DA:194,0
DA:195,0
DA:201,0
DA:202,0
DA:203,0
DA:204,0
DA:206,0
DA:211,0
DA:218,1
DA:219,0
DA:220,0
DA:221,0
DA:227,0
DA:229,0
DA:230,0
DA:234,0
DA:239,0
LF:76
LH:13
BRDA:18,0,0,0
BRDA:18,0,1,0
BRDA:30,1,0,0
BRDA:30,1,1,0
BRDA:40,2,0,0
BRDA:40,2,1,0
BRDA:59,3,0,0
BRDA:59,3,1,0
BRDA:68,4,0,0
BRDA:68,4,1,0
BRDA:92,5,0,0
BRDA:92,5,1,0
BRDA:105,6,0,0
BRDA:105,6,1,0
BRDA:129,7,0,0
BRDA:129,7,1,0
BRDA:152,8,0,0
BRDA:152,8,1,0
BRDA:155,9,0,0
BRDA:155,9,1,0
BRDA:183,10,0,0
BRDA:183,10,1,0
BRDA:201,11,0,0
BRDA:201,11,1,0
BRDA:213,12,0,0
BRDA:213,12,1,0
BRDA:220,13,0,0
BRDA:220,13,1,0
BRDA:229,14,0,0
BRDA:229,14,1,0
BRF:30
BRH:0
end_of_record
TN:
SF:controllers/medalhas.controller.js
FN:5,(anonymous_0)
FN:30,(anonymous_1)
FN:54,(anonymous_2)
FN:70,(anonymous_3)
FN:101,(anonymous_4)
FN:131,(anonymous_5)
FN:147,(anonymous_6)
FNF:7
FNH:0
FNDA:0,(anonymous_0)
FNDA:0,(anonymous_1)
FNDA:0,(anonymous_2)
FNDA:0,(anonymous_3)
FNDA:0,(anonymous_4)
FNDA:0,(anonymous_5)
FNDA:0,(anonymous_6)
DA:1,1
DA:2,1
DA:5,1
DA:6,0
DA:7,0
DA:13,0
DA:14,0
DA:17,0
DA:22,0
DA:30,1
DA:31,0
DA:37,0
DA:38,0
DA:39,0
DA:45,0
DA:46,0
DA:52,0
DA:53,0
DA:54,0
DA:55,0
DA:57,0
DA:62,0
DA:70,1
DA:71,0
DA:73,0
DA:74,0
DA:75,0
DA:80,0
DA:83,0
DA:84,0
DA:88,0
DA:93,0
DA:101,1
DA:102,0
DA:103,0
DA:105,0
DA:106,0
DA:107,0
DA:112,0
DA:117,0
DA:118,0
DA:122,0
DA:129,0
DA:130,0
DA:131,0
DA:132,0
DA:134,0
DA:139,0
DA:147,1
DA:148,0
DA:150,0
DA:151,0
DA:152,0
DA:157,0
DA:158,0
DA:159,0
DA:163,0
DA:169,0
LF:58
LH:7
BRDA:7,0,0,0
BRDA:7,0,1,0
BRDA:24,1,0,0
BRDA:24,1,1,0
BRDA:38,2,0,0
BRDA:38,2,1,0
BRDA:52,3,0,0
BRDA:52,3,1,0
BRDA:64,4,0,0
BRDA:64,4,1,0
BRDA:74,5,0,0
BRDA:74,5,1,0
BRDA:83,6,0,0
BRDA:83,6,1,0
BRDA:95,7,0,0
BRDA:95,7,1,0
BRDA:106,8,0,0
BRDA:106,8,1,0
BRDA:117,9,0,0
BRDA:117,9,1,0
BRDA:129,10,0,0
BRDA:129,10,1,0
BRDA:141,11,0,0
BRDA:141,11,1,0
BRDA:151,12,0,0
BRDA:151,12,1,0
BRDA:158,13,0,0
BRDA:158,13,1,0
BRDA:171,14,0,0
BRDA:171,14,1,0
BRF:30
BRH:0
end_of_record
TN:
SF:controllers/utilizacoes.controller.js
FN:15,(anonymous_0)
FN:49,(anonymous_1)
FN:103,(anonymous_2)
FN:130,(anonymous_3)
FN:157,(anonymous_4)
FN:188,(anonymous_5)
FN:219,(anonymous_6)
FN:258,(anonymous_7)
FNF:8
FNH:0
FNDA:0,(anonymous_0)
FNDA:0,(anonymous_1)
FNDA:0,(anonymous_2)
FNDA:0,(anonymous_3)
FNDA:0,(anonymous_4)
FNDA:0,(anonymous_5)
FNDA:0,(anonymous_6)
FNDA:0,(anonymous_7)
DA:1,1
DA:2,1
DA:3,1
DA:5,1
DA:6,1
DA:8,1
DA:15,1
DA:16,0
DA:17,0
DA:26,0
DA:27,0
DA:28,0
DA:33,0
DA:36,0
DA:41,0
DA:49,1
DA:51,0
DA:52,0
DA:54,0
DA:56,0
DA:57,0
DA:58,0
DA:63,0
DA:69,0
DA:78,0
DA:80,0
DA:81,0
DA:86,0
DA:93,0
DA:103,1
DA:104,0
DA:105,0
DA:106,0
DA:112,0
DA:117,0
DA:122,0
DA:130,1
DA:131,0
DA:132,0
DA:133,0
DA:139,0
DA:144,0
DA:149,0
DA:157,1
DA:158,0
DA:160,0
DA:161,0
DA:162,0
DA:167,0
DA:170,0
DA:171,0
DA:175,0
DA:180,0
DA:188,1
DA:189,0
DA:191,0
DA:192,0
DA:193,0
DA:199,0
DA:200,0
DA:201,0
DA:205,0
DA:211,0
DA:219,1
DA:220,0
DA:221,0
DA:223,0
DA:224,0
DA:225,0
DA:230,0
DA:234,0
DA:235,0
DA:240,0
DA:247,0
DA:248,0
DA:249,0
DA:250,0
DA:256,0
DA:257,0
DA:258,0
DA:259,0
DA:261,0
DA:266,0
LF:83
LH:13
BRDA:17,0,0,0
BRDA:17,0,1,0
BRDA:27,1,0,0
BRDA:27,1,1,0
BRDA:43,2,0,0
BRDA:43,2,1,0
BRDA:57,3,0,0
BRDA:57,3,1,0
BRDA:80,4,0,0
BRDA:80,4,1,0
BRDA:105,5,0,0
BRDA:105,5,1,0
BRDA:124,6,0,0
BRDA:124,6,1,0
BRDA:132,7,0,0
BRDA:132,7,1,0
BRDA:151,8,0,0
BRDA:151,8,1,0
BRDA:161,9,0,0
BRDA:161,9,1,0
BRDA:170,10,0,0
BRDA:170,10,1,0
BRDA:182,11,0,0
BRDA:182,11,1,0
BRDA:192,12,0,0
BRDA:192,12,1,0
BRDA:200,13,0,0
BRDA:200,13,1,0
BRDA:213,14,0,0
BRDA:213,14,1,0
BRDA:224,15,0,0
BRDA:224,15,1,0
BRDA:234,16,0,0
BRDA:234,16,1,0
BRDA:256,17,0,0
BRDA:256,17,1,0
BRDA:268,18,0,0
BRDA:268,18,1,0
BRF:38
BRH:0
end_of_record
TN:
SF:controllers/utilizadores.controller.js
FN:9,(anonymous_0)
FN:77,(anonymous_1)
FN:93,(anonymous_2)
FN:144,(anonymous_3)
FN:172,(anonymous_4)
FN:203,(anonymous_5)
FN:261,(anonymous_6)
FN:285,(anonymous_7)
FN:316,(anonymous_8)
FNF:9
FNH:6
FNDA:5,(anonymous_0)
FNDA:0,(anonymous_1)
FNDA:5,(anonymous_2)
FNDA:2,(anonymous_3)
FNDA:0,(anonymous_4)
FNDA:3,(anonymous_5)
FNDA:0,(anonymous_6)
FNDA:1,(anonymous_7)
FNDA:2,(anonymous_8)
DA:1,1
DA:2,1
DA:4,1
DA:5,1
DA:6,1
DA:9,1
DA:10,5
DA:12,5
DA:23,1
DA:29,4
DA:32,4
DA:33,1
DA:39,3
DA:42,3
DA:43,1
DA:50,2
DA:51,1
DA:57,1
DA:69,1
DA:70,1
DA:75,0
DA:76,0
DA:77,0
DA:78,0
DA:80,0
DA:85,0
DA:93,1
DA:94,5
DA:95,5
DA:96,1
DA:101,4
DA:104,4
DA:105,1
DA:111,3
DA:112,3
DA:113,1
DA:119,2
DA:131,2
DA:137,0
DA:144,1
DA:145,2
DA:146,2
DA:147,2
DA:148,1
DA:155,1
DA:160,1
DA:165,0
DA:172,1
DA:173,0
DA:174,0
DA:175,0
DA:182,0
DA:184,0
DA:185,0
DA:191,0
DA:196,0
DA:203,1
DA:204,3
DA:205,3
DA:212,1
DA:219,2
DA:220,0
DA:227,2
DA:228,2
DA:240,2
DA:241,1
DA:247,1
DA:252,0
DA:253,0
DA:261,1
DA:262,0
DA:263,0
DA:267,0
DA:268,0
DA:269,0
DA:270,0
DA:273,0
DA:278,0
DA:285,1
DA:286,1
DA:287,1
DA:288,0
DA:295,1
DA:297,1
DA:298,0
DA:304,1
DA:309,0
DA:316,1
DA:317,2
DA:318,2
DA:319,1
DA:323,1
DA:324,1
DA:325,0
DA:330,1
DA:335,0
LF:96
LH:64
BRDA:12,0,0,1
BRDA:12,0,1,4
BRDA:13,1,0,5
BRDA:13,1,1,1
BRDA:13,1,2,1
BRDA:13,1,3,1
BRDA:13,1,4,1
BRDA:13,1,5,1
BRDA:13,1,6,1
BRDA:13,1,7,1
BRDA:13,1,8,1
BRDA:32,2,0,1
BRDA:32,2,1,3
BRDA:42,3,0,1
BRDA:42,3,1,2
BRDA:50,4,0,1
BRDA:50,4,1,1
BRDA:66,5,0,1
BRDA:66,5,1,1
BRDA:75,6,0,0
BRDA:75,6,1,0
BRDA:95,7,0,1
BRDA:95,7,1,4
BRDA:95,8,0,5
BRDA:95,8,1,5
BRDA:95,8,2,4
BRDA:104,9,0,1
BRDA:104,9,1,3
BRDA:112,10,0,1
BRDA:112,10,1,2
BRDA:147,11,0,1
BRDA:147,11,1,1
BRDA:167,12,0,0
BRDA:167,12,1,0
BRDA:174,13,0,0
BRDA:174,13,1,0
BRDA:174,14,0,0
BRDA:174,14,1,0
BRDA:184,15,0,0
BRDA:184,15,1,0
BRDA:198,16,0,0
BRDA:198,16,1,0
BRDA:205,17,0,1
BRDA:205,17,1,2
BRDA:206,18,0,3
BRDA:206,18,1,3
BRDA:206,18,2,2
BRDA:206,18,3,2
BRDA:206,18,4,2
BRDA:219,19,0,0
BRDA:219,19,1,2
BRDA:240,20,0,1
BRDA:240,20,1,1
BRDA:280,21,0,0
BRDA:280,21,1,0
BRDA:287,22,0,0
BRDA:287,22,1,1
BRDA:287,23,0,1
BRDA:287,23,1,0
BRDA:297,24,0,0
BRDA:297,24,1,1
BRDA:311,25,0,0
BRDA:311,25,1,0
BRDA:318,26,0,1
BRDA:318,26,1,1
BRDA:318,27,0,2
BRDA:318,27,1,1
BRDA:324,28,0,0
BRDA:324,28,1,1
BRDA:337,29,0,0
BRDA:337,29,1,0
BRF:71
BRH:48
end_of_record
TN:
SF:models/desafios.model.js
FN:1,(anonymous_0)
FNF:1
FNH:1
FNDA:1,(anonymous_0)
DA:1,1
DA:2,1
DA:20,1
DA:21,1
LF:4
LH:4
BRF:0
BRH:0
end_of_record
TN:
SF:models/ecopontos.model.js
FN:1,(anonymous_0)
FNF:1
FNH:1
FNDA:1,(anonymous_0)
DA:1,1
DA:2,1
DA:4,1
DA:21,1
DA:22,1
LF:5
LH:5
BRF:0
BRH:0
end_of_record
TN:
SF:models/index.js
FN:11,(anonymous_0)
FN:14,(anonymous_1)
FNF:2
FNH:1
FNDA:1,(anonymous_0)
FNDA:0,(anonymous_1)
DA:1,1
DA:2,1
DA:3,1
DA:4,1
DA:5,1
DA:6,1
DA:12,1
DA:15,0
DA:16,0
DA:19,1
DA:20,1
DA:21,1
DA:22,1
DA:23,1
DA:24,1
LF:15
LH:13
BRF:0
BRH:0
end_of_record
TN:
SF:models/medalhas.model.js
FN:13,(anonymous_0)
FNF:1
FNH:1
FNDA:1,(anonymous_0)
DA:3,1
DA:4,1
DA:6,1
DA:13,1
DA:14,1
DA:31,1
DA:32,1
LF:7
LH:7
BRF:0
BRH:0
end_of_record
TN:
SF:models/utilizacoes.model.js
FN:1,(anonymous_0)
FNF:1
FNH:1
FNDA:1,(anonymous_0)
DA:1,1
DA:2,1
DA:29,1
DA:30,1
LF:4
LH:4
BRF:0
BRH:0
end_of_record
TN:
SF:models/utilizadores.model.js
FN:11,(anonymous_0)
FNF:1
FNH:1
FNDA:1,(anonymous_0)
DA:1,1
DA:2,1
DA:4,1
DA:11,1
DA:12,1
DA:14,1
DA:84,1
DA:85,1
LF:8
LH:8
BRF:0
BRH:0
end_of_record
TN:
SF:routes/desafios.routes.js
FN:7,(anonymous_0)
FN:9,(anonymous_1)
FN:30,(anonymous_2)
FNF:3
FNH:0
FNDA:0,(anonymous_0)
FNDA:0,(anonymous_1)
FNDA:0,(anonymous_2)
DA:1,1
DA:2,1
DA:4,1
DA:5,1
DA:7,1
DA:8,0
DA:9,0
DA:10,0
DA:11,0
DA:13,0
DA:16,1
DA:20,1
DA:30,1
DA:31,0
DA:36,1
LF:15
LH:9
BRF:0
BRH:0
end_of_record
TN:
SF:routes/ecopontos.routes.js
FN:6,(anonymous_0)
FN:8,(anonymous_1)
FN:18,(anonymous_2)
FN:21,(anonymous_3)
FN:40,(anonymous_4)
FNF:5
FNH:0
FNDA:0,(anonymous_0)
FNDA:0,(anonymous_1)
FNDA:0,(anonymous_2)
FNDA:0,(anonymous_3)
FNDA:0,(anonymous_4)
DA:1,1
DA:2,1
DA:3,1
DA:4,1
DA:6,1
DA:7,0
DA:8,0
DA:10,0
DA:11,0
DA:13,0
DA:16,1
DA:17,1
DA:19,0
DA:22,0
DA:26,1
DA:28,1
DA:30,1
DA:32,1
DA:34,1
DA:36,1
DA:38,1
DA:40,1
DA:41,0
DA:44,1
LF:24
LH:16
BRF:0
BRH:0
end_of_record
TN:
SF:routes/medalhas.routes.js
FN:7,(anonymous_0)
FN:9,(anonymous_1)
FN:26,(anonymous_2)
FNF:3
FNH:0
FNDA:0,(anonymous_0)
FNDA:0,(anonymous_1)
FNDA:0,(anonymous_2)
DA:1,1
DA:2,1
DA:4,1
DA:5,1
DA:7,1
DA:8,0
DA:9,0
DA:10,0
DA:11,0
DA:13,0
DA:17,1
DA:21,1
DA:26,1
DA:27,0
DA:33,1
LF:15
LH:9
BRF:0
BRH:0
end_of_record
TN:
SF:routes/utilizacoes.routes.js
FN:7,(anonymous_0)
FN:9,(anonymous_1)
FN:19,(anonymous_2)
FN:22,(anonymous_3)
FN:52,(anonymous_4)
FNF:5
FNH:0
FNDA:0,(anonymous_0)
FNDA:0,(anonymous_1)
FNDA:0,(anonymous_2)
FNDA:0,(anonymous_3)
FNDA:0,(anonymous_4)
DA:1,1
DA:2,1
DA:4,1
DA:5,1
DA:7,1
DA:8,0
DA:9,0
DA:10,0
DA:11,0
DA:13,0
DA:17,1
DA:18,1
DA:20,0
DA:23,0
DA:27,1
DA:29,1
DA:34,1
DA:38,1
DA:41,1
DA:47,1
DA:52,1
DA:53,0
DA:58,1
LF:23
LH:15
BRF:0
BRH:0
end_of_record
TN:
SF:routes/utilizadores.routes.js
FN:6,(anonymous_0)
FN:8,(anonymous_1)
FN:36,(anonymous_2)
FNF:3
FNH:2
FNDA:18,(anonymous_0)
FNDA:18,(anonymous_1)
FNDA:0,(anonymous_2)
DA:1,1
DA:2,1
DA:3,1
DA:4,1
DA:6,1
DA:7,18
DA:8,18
DA:9,18
DA:10,18
DA:12,18
DA:15,1
DA:19,1
DA:22,1
DA:27,1
DA:32,1
DA:36,1
DA:37,0
DA:42,1
LF:18
LH:17
BRF:0
BRH:0
end_of_record
