TN:
SF:index.js
FN:10,(anonymous_0)
FN:24,(anonymous_1)
FN:30,(anonymous_2)
FNF:3
FNH:1
FNDA:0,(anonymous_0)
FNDA:0,(anonymous_1)
FNDA:5,(anonymous_2)
DA:1,5
DA:2,5
DA:3,5
DA:4,5
DA:5,5
DA:6,5
DA:7,5
DA:8,5
DA:10,5
DA:11,0
DA:17,5
DA:18,5
DA:19,5
DA:20,5
DA:21,5
DA:24,5
DA:25,0
DA:30,5
DA:31,5
DA:34,5
LF:20
LH:18
BRF:0
BRH:0
end_of_record
TN:
SF:config/db.config.js
FNF:0
FNH:0
DA:1,5
DA:13,5
DA:15,5
LF:3
LH:3
BRDA:4,0,0,5
BRDA:4,0,1,0
BRDA:5,1,0,5
BRDA:5,1,1,0
BRDA:6,2,0,5
BRDA:6,2,1,0
BRF:6
BRH:3
end_of_record
TN:
SF:controllers/auth.controller.js
FN:4,(anonymous_0)
FNF:1
FNH:1
FNDA:58,(anonymous_0)
DA:1,5
DA:2,5
DA:4,5
DA:5,58
DA:6,58
DA:7,0
DA:13,58
DA:14,58
DA:16,58
DA:17,58
DA:18,58
DA:19,58
DA:20,58
DA:21,58
DA:24,0
LF:15
LH:13
BRDA:5,0,0,58
BRDA:5,0,1,58
BRDA:6,1,0,0
BRDA:6,1,1,58
BRF:4
BRH:3
end_of_record
TN:
SF:controllers/desafios.controller.js
FN:5,(anonymous_0)
FN:28,(anonymous_1)
FN:63,(anonymous_2)
FN:79,(anonymous_3)
FN:103,(anonymous_4)
FN:143,(anonymous_5)
FNF:6
FNH:6
FNDA:1,(anonymous_0)
FNDA:4,(anonymous_1)
FNDA:3,(anonymous_2)
FNDA:2,(anonymous_3)
FNDA:4,(anonymous_4)
FNDA:3,(anonymous_5)
DA:1,5
DA:2,5
DA:5,5
DA:6,1
DA:7,1
DA:13,1
DA:14,1
DA:15,1
DA:20,0
DA:28,5
DA:29,4
DA:36,4
DA:39,4
DA:40,1
DA:46,3
DA:47,3
DA:48,1
DA:54,2
DA:55,1
DA:61,1
DA:62,1
DA:63,1
DA:64,3
DA:66,1
DA:71,0
DA:79,5
DA:80,2
DA:82,2
DA:83,2
DA:84,2
DA:85,1
DA:90,1
DA:95,0
DA:103,5
DA:104,4
DA:105,1
DA:109,0
DA:112,3
DA:113,3
DA:114,1
DA:120,2
DA:123,2
DA:124,1
DA:129,1
DA:135,0
DA:143,5
DA:144,3
DA:145,3
DA:146,1
DA:152,2
DA:153,2
DA:154,1
DA:159,1
DA:165,0
LF:54
LH:48
BRDA:7,0,0,0
BRDA:7,0,1,1
BRDA:22,1,0,0
BRDA:22,1,1,0
BRDA:39,2,0,1
BRDA:39,2,1,3
BRDA:47,3,0,1
BRDA:47,3,1,2
BRDA:61,4,0,1
BRDA:61,4,1,0
BRDA:73,5,0,0
BRDA:73,5,1,0
BRDA:84,6,0,1
BRDA:84,6,1,1
BRDA:104,7,0,1
BRDA:104,7,1,3
BRDA:104,8,0,4
BRDA:104,8,1,4
BRDA:113,9,0,1
BRDA:113,9,1,2
BRDA:123,10,0,1
BRDA:123,10,1,1
BRDA:145,11,0,1
BRDA:145,11,1,2
BRDA:153,12,0,1
BRDA:153,12,1,1
BRF:26
BRH:20
end_of_record
TN:
SF:controllers/ecopontos.controller.js
FN:15,(anonymous_0)
FN:40,(anonymous_1)
FN:63,(anonymous_2)
FN:106,(anonymous_3)
FN:160,(anonymous_4)
FN:235,(anonymous_5)
FN:250,(anonymous_6)
FN:279,(anonymous_7)
FNF:8
FNH:4
FNDA:1,(anonymous_0)
FNDA:3,(anonymous_1)
FNDA:4,(anonymous_2)
FNDA:0,(anonymous_3)
FNDA:2,(anonymous_4)
FNDA:0,(anonymous_5)
FNDA:0,(anonymous_6)
FNDA:0,(anonymous_7)
DA:1,5
DA:2,5
DA:3,5
DA:4,5
DA:6,5
DA:7,5
DA:9,5
DA:15,5
DA:16,1
DA:18,1
DA:21,1
DA:23,1
DA:28,1
DA:33,0
DA:40,5
DA:41,3
DA:43,3
DA:45,2
DA:46,1
DA:50,1
DA:55,1
DA:63,5
DA:64,4
DA:65,1
DA:71,3
DA:72,3
DA:78,1
DA:79,0
DA:84,1
DA:90,1
DA:91,0
DA:93,0
DA:95,0
DA:98,2
DA:106,5
DA:107,0
DA:108,0
DA:109,0
DA:111,0
DA:113,0
DA:114,0
DA:115,0
DA:120,0
DA:127,0
DA:136,0
DA:138,0
DA:139,0
DA:144,0
DA:152,0
DA:160,5
DA:162,2
DA:164,2
DA:165,2
DA:166,0
DA:187,2
DA:188,2
DA:189,0
DA:194,2
DA:200,0
DA:215,0
DA:217,0
DA:219,0
DA:226,0
DA:227,0
DA:233,0
DA:234,0
DA:235,0
DA:236,0
DA:238,0
DA:243,0
DA:250,5
DA:251,0
DA:252,0
DA:253,0
DA:259,0
DA:261,0
DA:262,0
DA:266,0
DA:271,0
DA:279,5
DA:280,0
DA:281,0
DA:282,0
DA:283,0
DA:284,0
DA:285,0
DA:291,0
LF:87
LH:39
BRDA:18,0,0,0
BRDA:18,0,1,1
BRDA:35,1,0,0
BRDA:35,1,1,0
BRDA:45,2,0,1
BRDA:45,2,1,1
BRDA:64,3,0,1
BRDA:64,3,1,3
BRDA:78,4,0,0
BRDA:78,4,1,1
BRDA:100,5,0,2
BRDA:100,5,1,0
BRDA:114,6,0,0
BRDA:114,6,1,0
BRDA:138,7,0,0
BRDA:138,7,1,0
BRDA:165,8,0,0
BRDA:165,8,1,2
BRDA:188,9,0,0
BRDA:188,9,1,2
BRDA:215,10,0,0
BRDA:215,10,1,0
BRDA:233,11,0,0
BRDA:233,11,1,0
BRDA:245,12,0,0
BRDA:245,12,1,0
BRDA:252,13,0,0
BRDA:252,13,1,0
BRDA:261,14,0,0
BRDA:261,14,1,0
BRF:30
BRH:9
end_of_record
TN:
SF:controllers/medalhas.controller.js
FN:5,(anonymous_0)
FN:30,(anonymous_1)
FN:54,(anonymous_2)
FN:70,(anonymous_3)
FN:100,(anonymous_4)
FN:130,(anonymous_5)
FN:146,(anonymous_6)
FNF:7
FNH:7
FNDA:1,(anonymous_0)
FNDA:3,(anonymous_1)
FNDA:1,(anonymous_2)
FNDA:3,(anonymous_3)
FNDA:4,(anonymous_4)
FNDA:1,(anonymous_5)
FNDA:3,(anonymous_6)
DA:1,5
DA:2,5
DA:5,5
DA:6,1
DA:7,1
DA:15,1
DA:16,1
DA:17,1
DA:22,0
DA:30,5
DA:31,3
DA:37,3
DA:38,3
DA:39,1
DA:45,2
DA:46,1
DA:52,1
DA:53,1
DA:54,1
DA:55,1
DA:57,1
DA:62,0
DA:70,5
DA:71,3
DA:73,3
DA:74,3
DA:75,1
DA:80,2
DA:81,2
DA:82,1
DA:87,1
DA:92,0
DA:100,5
DA:101,4
DA:102,4
DA:104,4
DA:105,4
DA:106,1
DA:111,3
DA:116,2
DA:117,1
DA:122,1
DA:128,1
DA:129,1
DA:130,1
DA:131,1
DA:133,1
DA:138,0
DA:146,5
DA:147,3
DA:149,3
DA:150,3
DA:151,1
DA:156,2
DA:157,2
DA:158,1
DA:163,1
DA:168,0
LF:58
LH:53
BRDA:7,0,0,0
BRDA:7,0,1,1
BRDA:24,1,0,0
BRDA:24,1,1,0
BRDA:38,2,0,1
BRDA:38,2,1,2
BRDA:52,3,0,1
BRDA:52,3,1,0
BRDA:64,4,0,0
BRDA:64,4,1,0
BRDA:74,5,0,1
BRDA:74,5,1,2
BRDA:81,6,0,1
BRDA:81,6,1,1
BRDA:94,7,0,0
BRDA:94,7,1,0
BRDA:105,8,0,1
BRDA:105,8,1,3
BRDA:116,9,0,1
BRDA:116,9,1,1
BRDA:128,10,0,1
BRDA:128,10,1,0
BRDA:140,11,0,0
BRDA:140,11,1,0
BRDA:150,12,0,1
BRDA:150,12,1,2
BRDA:157,13,0,1
BRDA:157,13,1,1
BRDA:170,14,0,0
BRDA:170,14,1,0
BRF:30
BRH:17
end_of_record
TN:
SF:controllers/utilizacoes.controller.js
FN:15,(anonymous_0)
FN:49,(anonymous_1)
FN:103,(anonymous_2)
FN:130,(anonymous_3)
FN:157,(anonymous_4)
FN:188,(anonymous_5)
FN:219,(anonymous_6)
FN:258,(anonymous_7)
FNF:8
FNH:5
FNDA:0,(anonymous_0)
FNDA:1,(anonymous_1)
FNDA:2,(anonymous_2)
FNDA:2,(anonymous_3)
FNDA:2,(anonymous_4)
FNDA:0,(anonymous_5)
FNDA:2,(anonymous_6)
FNDA:0,(anonymous_7)
DA:1,5
DA:2,5
DA:3,5
DA:5,5
DA:6,5
DA:8,5
DA:15,5
DA:16,0
DA:17,0
DA:26,0
DA:27,0
DA:28,0
DA:33,0
DA:36,0
DA:41,0
DA:49,5
DA:51,1
DA:52,1
DA:54,1
DA:56,1
DA:57,1
DA:58,0
DA:63,1
DA:69,0
DA:78,0
DA:80,0
DA:81,0
DA:86,0
DA:93,0
DA:103,5
DA:104,2
DA:105,2
DA:106,1
DA:112,1
DA:117,1
DA:122,0
DA:130,5
DA:131,2
DA:132,2
DA:133,1
DA:139,1
DA:144,1
DA:149,0
DA:157,5
DA:158,2
DA:160,2
DA:161,2
DA:162,1
DA:167,1
DA:170,1
DA:171,0
DA:175,1
DA:180,0
DA:188,5
DA:189,0
DA:191,0
DA:192,0
DA:193,0
DA:199,0
DA:200,0
DA:201,0
DA:205,0
DA:211,0
DA:219,5
DA:220,2
DA:221,2
DA:223,2
DA:224,2
DA:225,1
DA:230,1
DA:234,1
DA:235,0
DA:240,1
DA:247,1
DA:248,0
DA:249,0
DA:250,0
DA:256,0
DA:257,0
DA:258,0
DA:259,0
DA:261,0
DA:266,0
LF:83
LH:45
BRDA:17,0,0,0
BRDA:17,0,1,0
BRDA:27,1,0,0
BRDA:27,1,1,0
BRDA:43,2,0,0
BRDA:43,2,1,0
BRDA:57,3,0,0
BRDA:57,3,1,1
BRDA:80,4,0,0
BRDA:80,4,1,0
BRDA:105,5,0,1
BRDA:105,5,1,1
BRDA:124,6,0,0
BRDA:124,6,1,0
BRDA:132,7,0,1
BRDA:132,7,1,1
BRDA:151,8,0,0
BRDA:151,8,1,0
BRDA:161,9,0,1
BRDA:161,9,1,1
BRDA:170,10,0,0
BRDA:170,10,1,1
BRDA:182,11,0,0
BRDA:182,11,1,0
BRDA:192,12,0,0
BRDA:192,12,1,0
BRDA:200,13,0,0
BRDA:200,13,1,0
BRDA:213,14,0,0
BRDA:213,14,1,0
BRDA:224,15,0,1
BRDA:224,15,1,1
BRDA:234,16,0,0
BRDA:234,16,1,1
BRDA:256,17,0,0
BRDA:256,17,1,0
BRDA:268,18,0,0
BRDA:268,18,1,0
BRF:38
BRH:11
end_of_record
TN:
SF:controllers/utilizadores.controller.js
FN:9,(anonymous_0)
FN:77,(anonymous_1)
FN:93,(anonymous_2)
FN:144,(anonymous_3)
FN:204,(anonymous_4)
FN:262,(anonymous_5)
FN:286,(anonymous_6)
FN:317,(anonymous_7)
FNF:8
FNH:8
FNDA:6,(anonymous_0)
FNDA:4,(anonymous_1)
FNDA:13,(anonymous_2)
FNDA:2,(anonymous_3)
FNDA:4,(anonymous_4)
FNDA:1,(anonymous_5)
FNDA:3,(anonymous_6)
FNDA:2,(anonymous_7)
DA:1,5
DA:2,5
DA:4,5
DA:5,5
DA:6,5
DA:9,5
DA:10,6
DA:12,6
DA:23,1
DA:29,5
DA:32,5
DA:33,1
DA:39,4
DA:42,4
DA:43,1
DA:50,3
DA:51,1
DA:57,2
DA:69,2
DA:70,1
DA:75,1
DA:76,1
DA:77,1
DA:78,4
DA:80,1
DA:85,0
DA:93,5
DA:94,13
DA:95,13
DA:96,1
DA:101,12
DA:104,12
DA:105,1
DA:111,11
DA:112,11
DA:113,1
DA:119,10
DA:131,10
DA:137,0
DA:144,5
DA:145,2
DA:146,2
DA:147,2
DA:148,1
DA:155,1
DA:160,1
DA:165,0
DA:204,5
DA:205,4
DA:206,4
DA:213,1
DA:220,3
DA:221,1
DA:228,2
DA:229,2
DA:241,2
DA:242,1
DA:248,1
DA:253,0
DA:254,0
DA:262,5
DA:263,1
DA:264,1
DA:268,1
DA:269,1
DA:270,3
DA:271,3
DA:274,1
DA:279,0
DA:286,5
DA:287,3
DA:288,3
DA:289,1
DA:296,2
DA:298,2
DA:299,1
DA:305,1
DA:310,0
DA:317,5
DA:318,2
DA:319,2
DA:320,1
DA:324,1
DA:325,1
DA:326,0
DA:331,1
DA:336,0
LF:87
LH:78
BRDA:12,0,0,1
BRDA:12,0,1,5
BRDA:13,1,0,6
BRDA:13,1,1,1
BRDA:13,1,2,1
BRDA:13,1,3,1
BRDA:13,1,4,1
BRDA:13,1,5,1
BRDA:13,1,6,1
BRDA:13,1,7,1
BRDA:13,1,8,1
BRDA:32,2,0,1
BRDA:32,2,1,4
BRDA:42,3,0,1
BRDA:42,3,1,3
BRDA:50,4,0,1
BRDA:50,4,1,2
BRDA:66,5,0,2
BRDA:66,5,1,2
BRDA:75,6,0,1
BRDA:75,6,1,0
BRDA:95,7,0,1
BRDA:95,7,1,12
BRDA:95,8,0,13
BRDA:95,8,1,13
BRDA:95,8,2,12
BRDA:104,9,0,1
BRDA:104,9,1,11
BRDA:112,10,0,1
BRDA:112,10,1,10
BRDA:147,11,0,1
BRDA:147,11,1,1
BRDA:167,12,0,0
BRDA:167,12,1,0
BRDA:206,13,0,1
BRDA:206,13,1,3
BRDA:207,14,0,4
BRDA:207,14,1,4
BRDA:207,14,2,3
BRDA:207,14,3,3
BRDA:207,14,4,3
BRDA:220,15,0,1
BRDA:220,15,1,2
BRDA:241,16,0,1
BRDA:241,16,1,1
BRDA:281,17,0,0
BRDA:281,17,1,0
BRDA:288,18,0,1
BRDA:288,18,1,2
BRDA:288,19,0,3
BRDA:288,19,1,2
BRDA:298,20,0,1
BRDA:298,20,1,1
BRDA:312,21,0,0
BRDA:312,21,1,0
BRDA:319,22,0,1
BRDA:319,22,1,1
BRDA:319,23,0,2
BRDA:319,23,1,1
BRDA:325,24,0,0
BRDA:325,24,1,1
BRDA:338,25,0,0
BRDA:338,25,1,0
BRF:63
BRH:53
end_of_record
TN:
SF:models/desafios.model.js
FN:1,(anonymous_0)
FNF:1
FNH:1
FNDA:5,(anonymous_0)
DA:1,5
DA:2,5
DA:21,5
DA:22,5
LF:4
LH:4
BRF:0
BRH:0
end_of_record
TN:
SF:models/ecopontos.model.js
FN:1,(anonymous_0)
FNF:1
FNH:1
FNDA:5,(anonymous_0)
DA:1,5
DA:2,5
DA:4,5
DA:21,5
DA:22,5
LF:5
LH:5
BRF:0
BRH:0
end_of_record
TN:
SF:models/index.js
FN:11,(anonymous_0)
FN:14,(anonymous_1)
FNF:2
FNH:1
FNDA:5,(anonymous_0)
FNDA:0,(anonymous_1)
DA:1,5
DA:2,5
DA:3,5
DA:4,5
DA:5,5
DA:6,5
DA:12,5
DA:15,0
DA:16,0
DA:19,5
DA:20,5
DA:21,5
DA:22,5
DA:23,5
DA:24,5
LF:15
LH:13
BRF:0
BRH:0
end_of_record
TN:
SF:models/medalhas.model.js
FN:13,(anonymous_0)
FNF:1
FNH:1
FNDA:5,(anonymous_0)
DA:3,5
DA:4,5
DA:6,5
DA:13,5
DA:14,5
DA:31,5
DA:32,5
LF:7
LH:7
BRF:0
BRH:0
end_of_record
TN:
SF:models/utilizacoes.model.js
FN:1,(anonymous_0)
FNF:1
FNH:1
FNDA:5,(anonymous_0)
DA:1,5
DA:2,5
DA:28,5
DA:29,5
LF:4
LH:4
BRF:0
BRH:0
end_of_record
TN:
SF:models/utilizadores.model.js
FN:11,(anonymous_0)
FNF:1
FNH:1
FNDA:5,(anonymous_0)
DA:1,5
DA:2,5
DA:4,5
DA:11,5
DA:12,5
DA:14,5
DA:84,5
DA:85,5
LF:8
LH:8
BRF:0
BRH:0
end_of_record
TN:
SF:routes/desafios.routes.js
FN:7,(anonymous_0)
FN:9,(anonymous_1)
FN:30,(anonymous_2)
FNF:3
FNH:2
FNDA:14,(anonymous_0)
FNDA:14,(anonymous_1)
FNDA:0,(anonymous_2)
DA:1,5
DA:2,5
DA:4,5
DA:5,5
DA:7,5
DA:8,14
DA:9,14
DA:10,14
DA:11,14
DA:13,14
DA:16,5
DA:20,5
DA:30,5
DA:31,0
DA:36,5
LF:15
LH:14
BRF:0
BRH:0
end_of_record
TN:
SF:routes/ecopontos.routes.js
FN:6,(anonymous_0)
FN:8,(anonymous_1)
FN:18,(anonymous_2)
FN:21,(anonymous_3)
FN:40,(anonymous_4)
FNF:5
FNH:2
FNDA:10,(anonymous_0)
FNDA:10,(anonymous_1)
FNDA:0,(anonymous_2)
FNDA:0,(anonymous_3)
FNDA:0,(anonymous_4)
DA:1,5
DA:2,5
DA:3,5
DA:4,5
DA:6,5
DA:7,10
DA:8,10
DA:10,10
DA:11,10
DA:13,10
DA:16,5
DA:17,5
DA:19,0
DA:22,0
DA:26,5
DA:28,5
DA:30,5
DA:32,5
DA:34,5
DA:36,5
DA:38,5
DA:40,5
DA:41,0
DA:44,5
LF:24
LH:21
BRF:0
BRH:0
end_of_record
TN:
SF:routes/medalhas.routes.js
FN:7,(anonymous_0)
FN:9,(anonymous_1)
FN:26,(anonymous_2)
FNF:3
FNH:2
FNDA:14,(anonymous_0)
FNDA:14,(anonymous_1)
FNDA:0,(anonymous_2)
DA:1,5
DA:2,5
DA:4,5
DA:5,5
DA:7,5
DA:8,14
DA:9,14
DA:10,14
DA:11,14
DA:13,14
DA:17,5
DA:21,5
DA:26,5
DA:27,0
DA:33,5
LF:15
LH:14
BRF:0
BRH:0
end_of_record
TN:
SF:routes/utilizacoes.routes.js
FN:7,(anonymous_0)
FN:9,(anonymous_1)
FN:19,(anonymous_2)
FN:22,(anonymous_3)
FN:52,(anonymous_4)
FNF:5
FNH:2
FNDA:9,(anonymous_0)
FNDA:9,(anonymous_1)
FNDA:0,(anonymous_2)
FNDA:0,(anonymous_3)
FNDA:0,(anonymous_4)
DA:1,5
DA:2,5
DA:4,5
DA:5,5
DA:7,5
DA:8,9
DA:9,9
DA:10,9
DA:11,9
DA:13,9
DA:17,5
DA:18,5
DA:20,0
DA:23,0
DA:27,5
DA:29,5
DA:34,5
DA:38,5
DA:41,5
DA:47,5
DA:52,5
DA:53,0
DA:58,5
LF:23
LH:20
BRF:0
BRH:0
end_of_record
TN:
SF:routes/utilizadores.routes.js
FN:6,(anonymous_0)
FN:8,(anonymous_1)
FN:35,(anonymous_2)
FNF:3
FNH:2
FNDA:31,(anonymous_0)
FNDA:31,(anonymous_1)
FNDA:0,(anonymous_2)
DA:1,5
DA:2,5
DA:3,5
DA:4,5
DA:6,5
DA:7,31
DA:8,31
DA:9,31
DA:10,31
DA:12,31
DA:15,5
DA:19,5
DA:22,5
DA:27,5
DA:32,5
DA:35,5
DA:36,0
DA:41,5
LF:18
LH:17
BRF:0
BRH:0
end_of_record
